#
# A fatal error has been detected by the Java Runtime Environment:
#
#  EXCEPTION_ACCESS_VIOLATION (0xc0000005) at pc=0xffffffffa37d5120, pid=4188, tid=3104
#
# JRE version: Java(TM) SE Runtime Environment (8.0_20-b26) (build 1.8.0_20-b26)
# Java VM: Java HotSpot(TM) 64-Bit Server VM (25.20-b23 mixed mode windows-amd64 compressed oops)
# Problematic frame:
# C  0xffffffffa37d5120
#
# Failed to write core dump. Minidumps are not enabled by default on client versions of Windows
#
# If you would like to submit a bug report, please visit:
#   http://bugreport.sun.com/bugreport/crash.jsp
#

---------------  T H R E A D  ---------------

Current thread (0x000000000056f800):  JavaThread "main" [_thread_in_Java, id=3104, stack(0x0000000002400000,0x0000000002500000)]

siginfo: ExceptionCode=0xc0000005, ExceptionInformation=0x0000000000000008 0xffffffffa37d5120

Registers:
RAX=0x00000000147b59f0, RBX=0x0000000011590000, RCX=0x00000000c00d0f00, RDX=0x00000000eab3e9e8
RSP=0x00000000024fef08, RBP=0x00000000024ff040, RSI=0x0000000054d96870, RDI=0x0000000054d96870
R8 =0x000000000002c134, R9 =0x0000000000000000, R10=0x000000000002c134, R11=0x00000000ffffffff
R12=0x0000000000000000, R13=0x0000000002bbe5cc, R14=0x00000000024fedd8, R15=0x000000000056f800
RIP=0xffffffffa37d5120, EFLAGS=0x0000000000010202

Top of Stack: (sp=0x00000000024fef08)
0x00000000024fef08:   0000000002bc9634 00000000ecf0c7d0
0x00000000024fef18:   00000000ecf0c890 0000000054d38e2b
0x00000000024fef28:   00000000024fefc0 0000000054d39ed0
0x00000000024fef38:   0000000000000000 00000000024ff008
0x00000000024fef48:   0000000002bbd894 00000000024fefb0
0x00000000024fef58:   00000000024ff008 00000000ecdff178
0x00000000024fef68:   0000000011590000 0000000c0000000d
0x00000000024fef78:   00000000eab3e858 0000000d0000000c
0x00000000024fef88:   00000000ecf0c870 00000000eab3e9b8
0x00000000024fef98:   000000000000f568 00000000ecdff208
0x00000000024fefa8:   00000000eab3e9e8 00000000027d7a01
0x00000000024fefb8:   00000000eab3e9b8 00000000ecf0c870
0x00000000024fefc8:   00000000024fefc8 00000000024ff040
0x00000000024fefd8:   00000000027d7790 00000000024ff040
0x00000000024fefe8:   00000000027d7790 000000000000f568
0x00000000024feff8:   00000000ecdff208 00000000024ff000 

Instructions: (pc=0xffffffffa37d5120)
0xffffffffa37d5100:   
[error occurred during error reporting (printing registers, top of stack, instructions near pc), id 0xc0000005]

Register to memory mapping:

RAX=0x00000000147b59f0 is pointing into metadata
RBX=0x0000000011590000 is an unknown value
RCX=0x00000000c00d0f00 is an oop
[B 
 - klass: {type array byte}
 - length: 180532
RDX=0x00000000eab3e9e8 is an oop
java.nio.HeapByteBuffer 
 - klass: 'java/nio/HeapByteBuffer'
RSP=0x00000000024fef08 is pointing into the stack for thread: 0x000000000056f800
RBP=0x00000000024ff040 is pointing into the stack for thread: 0x000000000056f800
RSI=0x0000000054d96870 is pointing into metadata
RDI=0x0000000054d96870 is pointing into metadata
R8 =0x000000000002c134 is an unknown value
R9 =0x0000000000000000 is an unknown value
R10=0x000000000002c134 is an unknown value
R11=0x00000000ffffffff is an unallocated location in the heap
R12=0x0000000000000000 is an unknown value
R13=0x0000000002bbe5cc is at entry_point+140 in (nmethod*)0x0000000002bbe3d0
R14=0x00000000024fedd8 is pointing into the stack for thread: 0x000000000056f800
R15=0x000000000056f800 is a thread


Stack: [0x0000000002400000,0x0000000002500000],  sp=0x00000000024fef08,  free space=1019k
Native frames: (J=compiled Java code, j=interpreted, Vv=VM code, C=native code)
C  0xffffffffa37d5120


---------------  P R O C E S S  ---------------

Java Threads: ( => current thread )
  0x0000000056b48000 JavaThread "Service Thread" daemon [_thread_blocked, id=4120, stack(0x00000000571e0000,0x00000000572e0000)]
  0x0000000056ae1800 JavaThread "C1 CompilerThread2" daemon [_thread_blocked, id=4132, stack(0x0000000057010000,0x0000000057110000)]
  0x000000005518f800 JavaThread "C2 CompilerThread1" daemon [_thread_blocked, id=3868, stack(0x00000000569e0000,0x0000000056ae0000)]
  0x0000000055188000 JavaThread "C2 CompilerThread0" daemon [_thread_blocked, id=3436, stack(0x0000000056840000,0x0000000056940000)]
  0x0000000055187000 JavaThread "Attach Listener" daemon [_thread_blocked, id=2872, stack(0x0000000056700000,0x0000000056800000)]
  0x0000000055185800 JavaThread "Signal Dispatcher" daemon [_thread_blocked, id=4876, stack(0x00000000565f0000,0x00000000566f0000)]
  0x0000000055125800 JavaThread "Finalizer" daemon [_thread_blocked, id=1276, stack(0x0000000056390000,0x0000000056490000)]
  0x000000005511c800 JavaThread "Reference Handler" daemon [_thread_blocked, id=2540, stack(0x0000000056090000,0x0000000056190000)]
=>0x000000000056f800 JavaThread "main" [_thread_in_Java, id=3104, stack(0x0000000002400000,0x0000000002500000)]

Other Threads:
  0x0000000055119000 VMThread [stack: 0x0000000056220000,0x0000000056320000] [id=4224]
  0x0000000056b51000 WatcherThread [stack: 0x0000000057400000,0x0000000057500000] [id=4456]

VM state:not at safepoint (normal execution)

VM Mutex/Monitor currently owned by a thread: None

Heap:
 PSYoungGen      total 35328K, used 3402K [0x00000000eab00000, 0x00000000ed000000, 0x0000000100000000)
  eden space 32768K, 2% used [0x00000000eab00000,0x00000000eabd5938,0x00000000ecb00000)
  from space 2560K, 99% used [0x00000000ecd80000,0x00000000ecffcf40,0x00000000ed000000)
  to   space 2560K, 0% used [0x00000000ecb00000,0x00000000ecb00000,0x00000000ecd80000)
 ParOldGen       total 44032K, used 7649K [0x00000000c0000000, 0x00000000c2b00000, 0x00000000eab00000)
  object space 44032K, 17% used [0x00000000c0000000,0x00000000c0778640,0x00000000c2b00000)
 Metaspace       used 6222K, capacity 6936K, committed 7168K, reserved 1056768K
  class space    used 691K, capacity 720K, committed 768K, reserved 1048576K

Card table byte_map: [0x0000000011b90000,0x0000000011da0000] byte_map_base: 0x0000000011590000

Marking Bits: (ParMarkBitMap*) 0x00000000613bb460
 Begin Bits: [0x0000000012590000, 0x0000000013590000)
 End Bits:   [0x0000000013590000, 0x0000000014590000)

Polling page: 0x0000000000230000

CodeCache: size=245760Kb used=4084Kb max_used=4096Kb free=241675Kb
 bounds [0x00000000027d0000, 0x0000000002be0000, 0x00000000117d0000]
 total_blobs=1534 nmethods=1252 adapters=197
 compilation: enabled

Compilation events (10 events):
Event: 1.162 Thread 0x0000000056ae1800 nmethod 1237 0x0000000002bc5110 code [0x0000000002bc5380, 0x0000000002bc6508]
Event: 1.162 Thread 0x0000000056ae1800 1247       1       com.android.dx.io.instructions.DecodedInstruction::getIndexUnit (6 bytes)
Event: 1.162 Thread 0x0000000056ae1800 nmethod 1247 0x0000000002bc4e50 code [0x0000000002bc4fa0, 0x0000000002bc50b0]
Event: 1.162 Thread 0x0000000056ae1800 1245       3       com.android.dex.Dex::open (104 bytes)
Event: 1.163 Thread 0x0000000055188000 1250       4       com.android.dex.Dex$Section::readUleb128 (5 bytes)
Event: 1.163 Thread 0x000000005518f800 1251       4       java.nio.Buffer::limit (62 bytes)
Event: 1.163 Thread 0x0000000056ae1800 nmethod 1245 0x0000000002bc8f10 code [0x0000000002bc9180, 0x0000000002bca2f8]
Event: 1.163 Thread 0x0000000056ae1800 1248       3       java.nio.Buffer::<init> (121 bytes)
Event: 1.164 Thread 0x000000005518f800 nmethod 1251 0x0000000002bbb490 code [0x0000000002bbb5c0, 0x0000000002bbb658]
Event: 1.164 Thread 0x000000005518f800 1252       4       com.android.dex.Dex$Section::readUnsignedShort (8 bytes)

GC Heap History (4 events):
Event: 0.699 GC heap before
{Heap before GC invocations=1 (full 0):
 PSYoungGen      total 18944K, used 15486K [0x00000000eab00000, 0x00000000ec000000, 0x0000000100000000)
  eden space 16384K, 94% used [0x00000000eab00000,0x00000000eba1fbe0,0x00000000ebb00000)
  from space 2560K, 0% used [0x00000000ebd80000,0x00000000ebd80000,0x00000000ec000000)
  to   space 2560K, 0% used [0x00000000ebb00000,0x00000000ebb00000,0x00000000ebd80000)
 ParOldGen       total 44032K, used 0K [0x00000000c0000000, 0x00000000c2b00000, 0x00000000eab00000)
  object space 44032K, 0% used [0x00000000c0000000,0x00000000c0000000,0x00000000c2b00000)
 Metaspace       used 4450K, capacity 6064K, committed 6272K, reserved 1056768K
  class space    used 480K, capacity 552K, committed 640K, reserved 1048576K
Event: 0.715 GC heap after
Heap after GC invocations=1 (full 0):
 PSYoungGen      total 18944K, used 2530K [0x00000000eab00000, 0x00000000ed000000, 0x0000000100000000)
  eden space 16384K, 0% used [0x00000000eab00000,0x00000000eab00000,0x00000000ebb00000)
  from space 2560K, 98% used [0x00000000ebb00000,0x00000000ebd78848,0x00000000ebd80000)
  to   space 2560K, 0% used [0x00000000ecd80000,0x00000000ecd80000,0x00000000ed000000)
 ParOldGen       total 44032K, used 3615K [0x00000000c0000000, 0x00000000c2b00000, 0x00000000eab00000)
  object space 44032K, 8% used [0x00000000c0000000,0x00000000c0387f88,0x00000000c2b00000)
 Metaspace       used 4450K, capacity 6064K, committed 6272K, reserved 1056768K
  class space    used 480K, capacity 552K, committed 640K, reserved 1048576K
}
Event: 1.134 GC heap before
{Heap before GC invocations=2 (full 0):
 PSYoungGen      total 18944K, used 18914K [0x00000000eab00000, 0x00000000ed000000, 0x0000000100000000)
  eden space 16384K, 100% used [0x00000000eab00000,0x00000000ebb00000,0x00000000ebb00000)
  from space 2560K, 98% used [0x00000000ebb00000,0x00000000ebd78848,0x00000000ebd80000)
  to   space 2560K, 0% used [0x00000000ecd80000,0x00000000ecd80000,0x00000000ed000000)
 ParOldGen       total 44032K, used 3615K [0x00000000c0000000, 0x00000000c2b00000, 0x00000000eab00000)
  object space 44032K, 8% used [0x00000000c0000000,0x00000000c0387f88,0x00000000c2b00000)
 Metaspace       used 6203K, capacity 6936K, committed 7168K, reserved 1056768K
  class space    used 691K, capacity 720K, committed 768K, reserved 1048576K
Event: 1.150 GC heap after
Heap after GC invocations=2 (full 0):
 PSYoungGen      total 35328K, used 2547K [0x00000000eab00000, 0x00000000ed000000, 0x0000000100000000)
  eden space 32768K, 0% used [0x00000000eab00000,0x00000000eab00000,0x00000000ecb00000)
  from space 2560K, 99% used [0x00000000ecd80000,0x00000000ecffcf40,0x00000000ed000000)
  to   space 2560K, 0% used [0x00000000ecb00000,0x00000000ecb00000,0x00000000ecd80000)
 ParOldGen       total 44032K, used 7649K [0x00000000c0000000, 0x00000000c2b00000, 0x00000000eab00000)
  object space 44032K, 17% used [0x00000000c0000000,0x00000000c0778640,0x00000000c2b00000)
 Metaspace       used 6203K, capacity 6936K, committed 7168K, reserved 1056768K
  class space    used 691K, capacity 720K, committed 768K, reserved 1048576K
}

Deoptimization events (10 events):
Event: 0.838 Thread 0x000000000056f800 Uncommon trap: reason=bimorphic action=maybe_recompile pc=0x00000000029ad240 method=java.util.HashMap.getNode(ILjava/lang/Object;)Ljava/util/HashMap$Node; @ 126
Event: 0.838 Thread 0x000000000056f800 Uncommon trap: reason=bimorphic action=maybe_recompile pc=0x00000000029ad240 method=java.util.HashMap.getNode(ILjava/lang/Object;)Ljava/util/HashMap$Node; @ 126
Event: 0.838 Thread 0x000000000056f800 Uncommon trap: reason=bimorphic action=maybe_recompile pc=0x00000000029ad240 method=java.util.HashMap.getNode(ILjava/lang/Object;)Ljava/util/HashMap$Node; @ 126
Event: 0.848 Thread 0x000000000056f800 Uncommon trap: reason=bimorphic action=maybe_recompile pc=0x00000000029ad240 method=java.util.HashMap.getNode(ILjava/lang/Object;)Ljava/util/HashMap$Node; @ 126
Event: 0.848 Thread 0x000000000056f800 Uncommon trap: reason=bimorphic action=maybe_recompile pc=0x00000000029b0268 method=java.util.HashMap.getNode(ILjava/lang/Object;)Ljava/util/HashMap$Node; @ 126
Event: 0.944 Thread 0x000000000056f800 Uncommon trap: reason=class_check action=maybe_recompile pc=0x0000000002aadba4 method=java.util.HashMap.putVal(ILjava/lang/Object;Ljava/lang/Object;ZZ)Ljava/lang/Object; @ 56
Event: 0.944 Thread 0x000000000056f800 Uncommon trap: reason=class_check action=maybe_recompile pc=0x0000000002aadc04 method=java.util.HashMap.putVal(ILjava/lang/Object;Ljava/lang/Object;ZZ)Ljava/lang/Object; @ 152
Event: 0.944 Thread 0x000000000056f800 Uncommon trap: reason=class_check action=maybe_recompile pc=0x0000000002aadba4 method=java.util.HashMap.putVal(ILjava/lang/Object;Ljava/lang/Object;ZZ)Ljava/lang/Object; @ 56
Event: 0.944 Thread 0x000000000056f800 Uncommon trap: reason=class_check action=maybe_recompile pc=0x0000000002aadba4 method=java.util.HashMap.putVal(ILjava/lang/Object;Ljava/lang/Object;ZZ)Ljava/lang/Object; @ 56
Event: 1.126 Thread 0x000000000056f800 Uncommon trap: reason=unreached action=reinterpret pc=0x0000000002b19624 method=java.util.HashMap.putVal(ILjava/lang/Object;Ljava/lang/Object;ZZ)Ljava/lang/Object; @ 109

Internal exceptions (8 events):
Event: 0.036 Thread 0x000000000056f800 Exception <a 'java/lang/NoSuchMethodError': Method sun.misc.Unsafe.defineClass(Ljava/lang/String;[BII)Ljava/lang/Class; name or signature does not match> (0x00000000eab0c6b0) thrown at [D:\re\workspace\8-2-build-windows-amd64-cygwin\jdk8u20\1074\hotspot\srYÍ`lˆ¢?
Event: 0.036 Thread 0x000000000056f800 Exception <a 'java/lang/NoSuchMethodError': Method sun.misc.Unsafe.prefetchRead(Ljava/lang/Object;J)V name or signature does not match> (0x00000000eab0c940) thrown at [D:\re\workspace\8-2-build-windows-amd64-cygwin\jdk8u20\1074\hotspot\src\share\vm\prims\jê\&x¢-ñ?
Event: 1.074 Thread 0x000000000056f800 Exception <a 'java/security/PrivilegedActionException'> (0x00000000eb956118) thrown at [D:\re\workspace\8-2-build-windows-amd64-cygwin\jdk8u20\1074\hotspot\src\share\vm\prims\jvm.cpp, line 1275]
Event: 1.074 Thread 0x000000000056f800 Exception <a 'java/security/PrivilegedActionException'> (0x00000000eb956460) thrown at [D:\re\workspace\8-2-build-windows-amd64-cygwin\jdk8u20\1074\hotspot\src\share\vm\prims\jvm.cpp, line 1275]
Event: 1.074 Thread 0x000000000056f800 Exception <a 'java/security/PrivilegedActionException'> (0x00000000eb95a278) thrown at [D:\re\workspace\8-2-build-windows-amd64-cygwin\jdk8u20\1074\hotspot\src\share\vm\prims\jvm.cpp, line 1275]
Event: 1.074 Thread 0x000000000056f800 Exception <a 'java/security/PrivilegedActionException'> (0x00000000eb95a5c0) thrown at [D:\re\workspace\8-2-build-windows-amd64-cygwin\jdk8u20\1074\hotspot\src\share\vm\prims\jvm.cpp, line 1275]
Event: 1.088 Thread 0x000000000056f800 Exception <a 'java/security/PrivilegedActionException'> (0x00000000eb96d058) thrown at [D:\re\workspace\8-2-build-windows-amd64-cygwin\jdk8u20\1074\hotspot\src\share\vm\prims\jvm.cpp, line 1275]
Event: 1.089 Thread 0x000000000056f800 Exception <a 'java/security/PrivilegedActionException'> (0x00000000eb96ef08) thrown at [D:\re\workspace\8-2-build-windows-amd64-cygwin\jdk8u20\1074\hotspot\src\share\vm\prims\jvm.cpp, line 1275]

Events (10 events):
Event: 1.095 loading class sun/misc/FormattedFloatingDecimal done
Event: 1.095 loading class sun/misc/FormattedFloatingDecimal$1
Event: 1.095 loading class sun/misc/FormattedFloatingDecimal$1 done
Event: 1.095 loading class sun/misc/FormattedFloatingDecimal$2
Event: 1.095 loading class sun/misc/FormattedFloatingDecimal$2 done
Event: 1.126 Thread 0x000000000056f800 Uncommon trap: trap_request=0xffffffad fr.pc=0x0000000002b19624
Event: 1.126 Thread 0x000000000056f800 DEOPT PACKING pc=0x0000000002b19624 sp=0x00000000024ff020
Event: 1.126 Thread 0x000000000056f800 DEOPT UNPACKING pc=0x000000000281556a sp=0x00000000024fefa0 mode 2
Event: 1.134 Executing VM operation: ParallelGCFailedAllocation
Event: 1.150 Executing VM operation: ParallelGCFailedAllocation done


Dynamic libraries:
0x000000013fd10000 - 0x000000013fd44000 	C:\PROGRA~3\Oracle\Java\javapath\java.exe
0x0000000076e90000 - 0x0000000077039000 	C:\Windows\SYSTEM32\ntdll.dll
0x0000000076c70000 - 0x0000000076d8f000 	C:\Windows\system32\kernel32.dll
0x000007fefcf90000 - 0x000007fefcffc000 	C:\Windows\system32\KERNELBASE.dll
0x000007fefd220000 - 0x000007fefd2fb000 	C:\Windows\system32\ADVAPI32.dll
0x000007fefe6a0000 - 0x000007fefe73f000 	C:\Windows\system32\msvcrt.dll
0x000007fefd300000 - 0x000007fefd31f000 	C:\Windows\SYSTEM32\sechost.dll
0x000007fefd320000 - 0x000007fefd44d000 	C:\Windows\system32\RPCRT4.dll
0x0000000076d90000 - 0x0000000076e8a000 	C:\Windows\system32\USER32.dll
0x000007fefea40000 - 0x000007fefeaa7000 	C:\Windows\system32\GDI32.dll
0x000007fefe690000 - 0x000007fefe69e000 	C:\Windows\system32\LPK.dll
0x000007fefd7b0000 - 0x000007fefd879000 	C:\Windows\system32\USP10.dll
0x000007fefb520000 - 0x000007fefb714000 	C:\Windows\WinSxS\amd64_microsoft.windows.common-controls_6595b64144ccf1df_6.0.7601.17514_none_fa396087175ac9ac\COMCTL32.dll
0x000007fefd540000 - 0x000007fefd5b1000 	C:\Windows\system32\SHLWAPI.dll
0x000007fefea10000 - 0x000007fefea3e000 	C:\Windows\system32\IMM32.DLL
0x000007fefd6a0000 - 0x000007fefd7a9000 	C:\Windows\system32\MSCTF.dll
0x00000000668b0000 - 0x0000000066982000 	C:\Program Files\Java\jre1.8.0_20\bin\msvcr100.dll
0x0000000060be0000 - 0x0000000061438000 	C:\Program Files\Java\jre1.8.0_20\bin\server\jvm.dll
0x000007feed760000 - 0x000007feed769000 	C:\Windows\system32\WSOCK32.dll
0x000007fefd4f0000 - 0x000007fefd53d000 	C:\Windows\system32\WS2_32.dll
0x000007fefead0000 - 0x000007fefead8000 	C:\Windows\system32\NSI.dll
0x000007fefa2b0000 - 0x000007fefa2eb000 	C:\Windows\system32\WINMM.dll
0x0000000077060000 - 0x0000000077067000 	C:\Windows\system32\PSAPI.DLL
0x000000006c800000 - 0x000000006c80f000 	C:\Program Files\Java\jre1.8.0_20\bin\verify.dll
0x000000006b6b0000 - 0x000000006b6d8000 	C:\Program Files\Java\jre1.8.0_20\bin\java.dll
0x000000006c7d0000 - 0x000000006c7e6000 	C:\Program Files\Java\jre1.8.0_20\bin\zip.dll
0x000007fefd900000 - 0x000007fefe688000 	C:\Windows\system32\SHELL32.dll
0x000007fefd010000 - 0x000007fefd213000 	C:\Windows\system32\ole32.dll
0x000007fefcc60000 - 0x000007fefcc6f000 	C:\Windows\system32\profapi.dll
0x000007feec210000 - 0x000007feec335000 	C:\Windows\system32\dbghelp.dll

VM Arguments:
jvm_args: -Xmx1024M -Xss1m -Djava.ext.dirs=Z:\android\sdk\build-tools\android-4.4W\lib 
java_command: Z:\android\sdk\build-tools\android-4.4W\lib\dx.jar --dex --no-optimize --output Z:\android\androidstudio\projects\What2wear\app\build\intermediates\dex\debug Z:\android\androidstudio\projects\What2wear\app\build\intermediates\classes\debug Z:\android\androidstudio\projects\What2wear\app\build\intermediates\pre-dexed\debug\support-annotations-21.0.0-90ee3d5cc0513648aefcaf5dbdea7755d65409c0.jar Z:\android\androidstudio\projects\What2wear\app\build\intermediates\pre-dexed\debug\internal_impl-21.0.0-c744c19604898ed8af0652457797b33e0301ccac.jar Z:\android\androidstudio\projects\What2wear\app\build\intermediates\pre-dexed\debug\classes-b456df8b416a36a51c603fe04ccfa3ccb5bda133.jar Z:\android\androidstudio\projects\What2wear\app\build\intermediates\pre-dexed\debug\classes-f615b4f6edb6c5c65030e5493a0f09aa135c71c7.jar
java_class_path (initial): Z:\android\sdk\build-tools\android-4.4W\lib\dx.jar
Launcher Type: SUN_STANDARD

Environment Variables:
PATH=C:\ProgramData\Oracle\Java\javapath;C:\Program Files\Common Files\Microsoft Shared\Windows Live;C:\Program Files (x86)\Common Files\Microsoft Shared\Windows Live;C:\Program Files (x86)\NVIDIA Corporation\PhysX\Common;C:\Windows\system32;C:\Windows;C:\Windows\System32\Wbem;C:\Windows\System32\WindowsPowerShell\v1.0\;D:\quicktime\QTSystem\;C:\Program Files (x86)\Windows Live\Shared;Z:\node\;C:\Program Files (x86)\Java\jdk1.7.0_21\bin;C:\Users\Solid Choice\AppData\Roaming\npm
USERNAME=Solid Choice
OS=Windows_NT
PROCESSOR_IDENTIFIER=Intel64 Family 6 Model 15 Stepping 11, GenuineIntel



---------------  S Y S T E M  ---------------

OS: Windows 7 , 64 bit Build 7601 Service Pack 1

CPU:total 4 (4 cores per cpu, 1 threads per core) family 6 model 15 stepping 11, cmov, cx8, fxsr, mmx, sse, sse2, sse3, ssse3, tsc

Memory: 4k page, physical 4192808k(968596k free), swap 8383756k(3708208k free)

vm_info: Java HotSpot(TM) 64-Bit Server VM (25.20-b23) for windows-amd64 JRE (1.8.0_20-b26), built on Jul 30 2014 13:51:23 by "java_re" with MS VC++ 10.0 (VS2010)

time: Mon Jan 19 21:04:37 2015
elapsed time: 1 seconds (0d 0h 0m 1s)

