#
# A fatal error has been detected by the Java Runtime Environment:
#
#  EXCEPTION_ACCESS_VIOLATION (0xc0000005) at pc=0xffffffffa3685120, pid=1068, tid=3908
#
# JRE version: Java(TM) SE Runtime Environment (8.0_20-b26) (build 1.8.0_20-b26)
# Java VM: Java HotSpot(TM) 64-Bit Server VM (25.20-b23 mixed mode windows-amd64 compressed oops)
# Problematic frame:
# C  0xffffffffa3685120
#
# Failed to write core dump. Minidumps are not enabled by default on client versions of Windows
#
# If you would like to submit a bug report, please visit:
#   http://bugreport.sun.com/bugreport/crash.jsp
#

---------------  T H R E A D  ---------------

Current thread (0x000000000038f000):  JavaThread "main" [_thread_in_Java, id=3908, stack(0x00000000022b0000,0x00000000023b0000)]

siginfo: ExceptionCode=0xc0000005, ExceptionInformation=0x0000000000000008 0xffffffffa3685120

Registers:
RAX=0x00000000f46352c0, RBX=0x0000000054b836a0, RCX=0x00000000000a5867, RDX=0x0000000000000000
RSP=0x00000000023aedf8, RBP=0x00000000023af068, RSI=0x0000000000000000, RDI=0x00000000146d7c90
R8 =0x0000000000000004, R9 =0x00000000f46376f8, R10=0x0000000000000002, R11=0x00000000f4637738
R12=0x0000000000000000, R13=0x0000000054ce6830, R14=0x00000000023af098, R15=0x000000000038f000
RIP=0xffffffffa3685120, EFLAGS=0x0000000000010246

Top of Stack: (sp=0x00000000023aedf8)
0x00000000023aedf8:   0000000002df521c 00000000023aee68
0x00000000023aee08:   0000000002687a01 00000000023af068
0x00000000023aee18:   0000000002dfd044 00000000ed52d198
0x00000000023aee28:   00000000023aee28 0000000054b79cd6
0x00000000023aee38:   00000000f4637828 00000000ed52d198
0x00000000023aee48:   00000000f4637720 00000000f46376f8
0x00000000023aee58:   00000000ed52d198 00000000000003b7
0x00000000023aee68:   00000a3a0000206e 0000000000000020
0x00000000023aee78:   00000000f4648848 00000000023af068
0x00000000023aee88:   0000000002dcafac 000000000000000a
0x00000000023aee98:   00000000f45dd640 00000000023aeed0
0x00000000023aeea8:   00000000ed707728 0000000054b66308
0x00000000023aeeb8:   0000000000000000 00000000000a57a5
0x00000000023aeec8:   00000000c00010c0 00000000023af068
0x00000000023aeed8:   0000000002df6854 00000000023aef60
0x00000000023aeee8:   0000000002687a01 0000000002687a01 

Instructions: (pc=0xffffffffa3685120)
0xffffffffa3685100:   
[error occurred during error reporting (printing registers, top of stack, instructions near pc), id 0xc0000005]

Register to memory mapping:

RAX=0x00000000f46352c0 is an oop
com.android.dx.rop.code.RegisterSpec 
 - klass: 'com/android/dx/rop/code/RegisterSpec'
RBX={method} {0x0000000054b836a8} 'writeTo' '(Lcom/android/dx/util/AnnotatedOutput;Lcom/android/dx/dex/code/DalvInsn;)V' in 'com/android/dx/dex/code/form/Form22c'
RCX=0x00000000000a5867 is an unknown value
RDX=0x0000000000000000 is an unknown value
RSP=0x00000000023aedf8 is pointing into the stack for thread: 0x000000000038f000
RBP=0x00000000023af068 is pointing into the stack for thread: 0x000000000038f000
RSI=0x0000000000000000 is an unknown value
RDI=0x00000000146d7c90 is pointing into metadata
R8 =0x0000000000000004 is an unknown value
R9 =0x00000000f46376f8 is an oop
com.android.dx.dex.code.CstInsn 
 - klass: 'com/android/dx/dex/code/CstInsn'
R10=0x0000000000000002 is an unknown value
R11=0x00000000f4637738 is an oop
[Ljava.lang.Object; 
 - klass: 'java/lang/Object'[]
 - length: 2
R12=0x0000000000000000 is an unknown value
R13=0x0000000054ce6830 is pointing into metadata
R14=0x00000000023af098 is pointing into the stack for thread: 0x000000000038f000
R15=0x000000000038f000 is a thread


Stack: [0x00000000022b0000,0x00000000023b0000],  sp=0x00000000023aedf8,  free space=1019k
Native frames: (J=compiled Java code, j=interpreted, Vv=VM code, C=native code)
C  0xffffffffa3685120


---------------  P R O C E S S  ---------------

Java Threads: ( => current thread )
  0x0000000056a6a800 JavaThread "Service Thread" daemon [_thread_blocked, id=2560, stack(0x0000000057150000,0x0000000057250000)]
  0x0000000056a40000 JavaThread "C1 CompilerThread2" daemon [_thread_blocked, id=1064, stack(0x0000000057040000,0x0000000057140000)]
  0x0000000056a3b000 JavaThread "C2 CompilerThread1" daemon [_thread_blocked, id=880, stack(0x0000000056e30000,0x0000000056f30000)]
  0x0000000055056800 JavaThread "C2 CompilerThread0" daemon [_thread_blocked, id=1204, stack(0x0000000056900000,0x0000000056a00000)]
  0x0000000055055000 JavaThread "Attach Listener" daemon [_thread_blocked, id=1320, stack(0x0000000056720000,0x0000000056820000)]
  0x0000000055054000 JavaThread "Signal Dispatcher" daemon [_thread_blocked, id=4716, stack(0x0000000056580000,0x0000000056680000)]
  0x0000000054fec800 JavaThread "Finalizer" daemon [_thread_blocked, id=3448, stack(0x0000000056440000,0x0000000056540000)]
  0x0000000054fe9000 JavaThread "Reference Handler" daemon [_thread_blocked, id=4556, stack(0x00000000562b0000,0x00000000563b0000)]
=>0x000000000038f000 JavaThread "main" [_thread_in_Java, id=3908, stack(0x00000000022b0000,0x00000000023b0000)]

Other Threads:
  0x0000000054fe5000 VMThread [stack: 0x0000000056040000,0x0000000056140000] [id=1892]
  0x0000000056a6b800 WatcherThread [stack: 0x0000000057250000,0x0000000057350000] [id=628]

VM state:not at safepoint (normal execution)

VM Mutex/Monitor currently owned by a thread: None

Heap:
 PSYoungGen      total 232960K, used 126251K [0x00000000eab00000, 0x0000000100000000, 0x0000000100000000)
  eden space 116736K, 41% used [0x00000000eab00000,0x00000000eda02e38,0x00000000f1d00000)
  from space 116224K, 67% used [0x00000000f1d00000,0x00000000f6948188,0x00000000f8e80000)
  to   space 116224K, 0% used [0x00000000f8e80000,0x00000000f8e80000,0x0000000100000000)
 ParOldGen       total 288256K, used 227352K [0x00000000c0000000, 0x00000000d1980000, 0x00000000eab00000)
  object space 288256K, 78% used [0x00000000c0000000,0x00000000cde062c0,0x00000000d1980000)
 Metaspace       used 6149K, capacity 7344K, committed 7552K, reserved 1056768K
  class space    used 582K, capacity 616K, committed 640K, reserved 1048576K

Card table byte_map: [0x0000000011a40000,0x0000000011c50000] byte_map_base: 0x0000000011440000

Marking Bits: (ParMarkBitMap*) 0x000000006128b460
 Begin Bits: [0x0000000012460000, 0x0000000013460000)
 End Bits:   [0x0000000013460000, 0x0000000014460000)

Polling page: 0x0000000000330000

CodeCache: size=245760Kb used=12036Kb max_used=12182Kb free=233723Kb
 bounds [0x0000000002680000, 0x0000000003280000, 0x0000000011680000]
 total_blobs=2975 nmethods=2715 adapters=174
 compilation: enabled

Compilation events (10 events):
Event: 38.955 Thread 0x0000000056a40000 nmethod 3674 0x0000000002dcb1d0 code [0x0000000002dcb360, 0x0000000002dcb778]
Event: 38.955 Thread 0x0000000056a40000 3673       3       com.android.dx.dex.code.FixedSizeInsn::writeTo (13 bytes)
Event: 38.955 Thread 0x0000000056a40000 nmethod 3673 0x0000000002dcac10 code [0x0000000002dcad80, 0x0000000002dcb0c8]
Event: 38.956 Thread 0x0000000056a40000 3670       3       com.android.dx.util.ByteArrayAnnotatedOutput::writeInt (90 bytes)
Event: 38.956 Thread 0x0000000056a40000 nmethod 3670 0x0000000002dca490 code [0x0000000002dca620, 0x0000000002dca9f8]
Event: 38.956 Thread 0x0000000056a40000 3675       3       com.android.dx.dex.code.InsnFormat::codeUnit (89 bytes)
Event: 38.956 Thread 0x0000000056a40000 nmethod 3675 0x0000000002dc9cd0 code [0x0000000002dc9e80, 0x0000000002dca318]
Event: 38.956 Thread 0x0000000056a40000 3677       3       com.android.dx.dex.code.InsnFormat::makeByte (42 bytes)
Event: 38.956 Thread 0x0000000056a40000 nmethod 3677 0x0000000002dc9750 code [0x0000000002dc98e0, 0x0000000002dc9bd8]
Event: 38.956 Thread 0x0000000056a40000 3676       3       com.android.dx.dex.code.form.Form22c::writeTo (45 bytes)

GC Heap History (10 events):
Event: 34.492 GC heap before
{Heap before GC invocations=28 (full 5):
 PSYoungGen      total 229888K, used 156743K [0x00000000eab00000, 0x00000000ffa00000, 0x0000000100000000)
  eden space 123904K, 100% used [0x00000000eab00000,0x00000000f2400000,0x00000000f2400000)
  from space 105984K, 30% used [0x00000000f9280000,0x00000000fb291c10,0x00000000ffa00000)
  to   space 109568K, 0% used [0x00000000f2400000,0x00000000f2400000,0x00000000f8f00000)
 ParOldGen       total 288256K, used 211895K [0x00000000c0000000, 0x00000000d1980000, 0x00000000eab00000)
  object space 288256K, 73% used [0x00000000c0000000,0x00000000cceedfd8,0x00000000d1980000)
 Metaspace       used 5628K, capacity 6896K, committed 7040K, reserved 1056768K
  class space    used 556K, capacity 616K, committed 640K, reserved 1048576K
Event: 34.685 GC heap after
Heap after GC invocations=28 (full 5):
 PSYoungGen      total 233472K, used 53047K [0x00000000eab00000, 0x00000000ffa80000, 0x0000000100000000)
  eden space 123904K, 0% used [0x00000000eab00000,0x00000000eab00000,0x00000000f2400000)
  from space 109568K, 48% used [0x00000000f2400000,0x00000000f57cdff0,0x00000000f8f00000)
  to   space 104960K, 0% used [0x00000000f9400000,0x00000000f9400000,0x00000000ffa80000)
 ParOldGen       total 288256K, used 211903K [0x00000000c0000000, 0x00000000d1980000, 0x00000000eab00000)
  object space 288256K, 73% used [0x00000000c0000000,0x00000000cceeffd8,0x00000000d1980000)
 Metaspace       used 5628K, capacity 6896K, committed 7040K, reserved 1056768K
  class space    used 556K, capacity 616K, committed 640K, reserved 1048576K
}
Event: 35.162 GC heap before
{Heap before GC invocations=29 (full 5):
 PSYoungGen      total 233472K, used 176951K [0x00000000eab00000, 0x00000000ffa80000, 0x0000000100000000)
  eden space 123904K, 100% used [0x00000000eab00000,0x00000000f2400000,0x00000000f2400000)
  from space 109568K, 48% used [0x00000000f2400000,0x00000000f57cdff0,0x00000000f8f00000)
  to   space 104960K, 0% used [0x00000000f9400000,0x00000000f9400000,0x00000000ffa80000)
 ParOldGen       total 288256K, used 211903K [0x00000000c0000000, 0x00000000d1980000, 0x00000000eab00000)
  object space 288256K, 73% used [0x00000000c0000000,0x00000000cceeffd8,0x00000000d1980000)
 Metaspace       used 5628K, capacity 6896K, committed 7040K, reserved 1056768K
  class space    used 556K, capacity 616K, committed 640K, reserved 1048576K
Event: 35.326 GC heap after
Heap after GC invocations=29 (full 5):
 PSYoungGen      total 236544K, used 71568K [0x00000000eab00000, 0x00000000fff80000, 0x0000000100000000)
  eden space 131584K, 0% used [0x00000000eab00000,0x00000000eab00000,0x00000000f2b80000)
  from space 104960K, 68% used [0x00000000f9400000,0x00000000fd9e4330,0x00000000ffa80000)
  to   space 107008K, 0% used [0x00000000f2b80000,0x00000000f2b80000,0x00000000f9400000)
 ParOldGen       total 288256K, used 211903K [0x00000000c0000000, 0x00000000d1980000, 0x00000000eab00000)
  object space 288256K, 73% used [0x00000000c0000000,0x00000000cceeffd8,0x00000000d1980000)
 Metaspace       used 5628K, capacity 6896K, committed 7040K, reserved 1056768K
  class space    used 556K, capacity 616K, committed 640K, reserved 1048576K
}
Event: 35.837 GC heap before
{Heap before GC invocations=30 (full 5):
 PSYoungGen      total 236544K, used 203152K [0x00000000eab00000, 0x00000000fff80000, 0x0000000100000000)
  eden space 131584K, 100% used [0x00000000eab00000,0x00000000f2b80000,0x00000000f2b80000)
  from space 104960K, 68% used [0x00000000f9400000,0x00000000fd9e4330,0x00000000ffa80000)
  to   space 107008K, 0% used [0x00000000f2b80000,0x00000000f2b80000,0x00000000f9400000)
 ParOldGen       total 288256K, used 211903K [0x00000000c0000000, 0x00000000d1980000, 0x00000000eab00000)
  object space 288256K, 73% used [0x00000000c0000000,0x00000000cceeffd8,0x00000000d1980000)
 Metaspace       used 5634K, capacity 6896K, committed 7040K, reserved 1056768K
  class space    used 557K, capacity 616K, committed 640K, reserved 1048576K
Event: 36.009 GC heap after
Heap after GC invocations=30 (full 5):
 PSYoungGen      total 223232K, used 91240K [0x00000000eab00000, 0x0000000100000000, 0x0000000100000000)
  eden space 131584K, 0% used [0x00000000eab00000,0x00000000eab00000,0x00000000f2b80000)
  from space 91648K, 99% used [0x00000000f2b80000,0x00000000f849a0c0,0x00000000f8500000)
  to   space 115712K, 0% used [0x00000000f8f00000,0x00000000f8f00000,0x0000000100000000)
 ParOldGen       total 288256K, used 211903K [0x00000000c0000000, 0x00000000d1980000, 0x00000000eab00000)
  object space 288256K, 73% used [0x00000000c0000000,0x00000000cceeffd8,0x00000000d1980000)
 Metaspace       used 5634K, capacity 6896K, committed 7040K, reserved 1056768K
  class space    used 557K, capacity 616K, committed 640K, reserved 1048576K
}
Event: 36.419 GC heap before
{Heap before GC invocations=31 (full 5):
 PSYoungGen      total 223232K, used 222824K [0x00000000eab00000, 0x0000000100000000, 0x0000000100000000)
  eden space 131584K, 100% used [0x00000000eab00000,0x00000000f2b80000,0x00000000f2b80000)
  from space 91648K, 99% used [0x00000000f2b80000,0x00000000f849a0c0,0x00000000f8500000)
  to   space 115712K, 0% used [0x00000000f8f00000,0x00000000f8f00000,0x0000000100000000)
 ParOldGen       total 288256K, used 211903K [0x00000000c0000000, 0x00000000d1980000, 0x00000000eab00000)
  object space 288256K, 73% used [0x00000000c0000000,0x00000000cceeffd8,0x00000000d1980000)
 Metaspace       used 5644K, capacity 6960K, committed 7040K, reserved 1056768K
  class space    used 557K, capacity 616K, committed 640K, reserved 1048576K
Event: 36.627 GC heap after
Heap after GC invocations=31 (full 5):
 PSYoungGen      total 232448K, used 110974K [0x00000000eab00000, 0x0000000100000000, 0x0000000100000000)
  eden space 116736K, 0% used [0x00000000eab00000,0x00000000eab00000,0x00000000f1d00000)
  from space 115712K, 95% used [0x00000000f8f00000,0x00000000ffb5f8c8,0x0000000100000000)
  to   space 116224K, 0% used [0x00000000f1d00000,0x00000000f1d00000,0x00000000f8e80000)
 ParOldGen       total 288256K, used 211903K [0x00000000c0000000, 0x00000000d1980000, 0x00000000eab00000)
  object space 288256K, 73% used [0x00000000c0000000,0x00000000cceeffd8,0x00000000d1980000)
 Metaspace       used 5644K, capacity 6960K, committed 7040K, reserved 1056768K
  class space    used 557K, capacity 616K, committed 640K, reserved 1048576K
}
Event: 37.910 GC heap before
{Heap before GC invocations=32 (full 5):
 PSYoungGen      total 232448K, used 227710K [0x00000000eab00000, 0x0000000100000000, 0x0000000100000000)
  eden space 116736K, 100% used [0x00000000eab00000,0x00000000f1d00000,0x00000000f1d00000)
  from space 115712K, 95% used [0x00000000f8f00000,0x00000000ffb5f8c8,0x0000000100000000)
  to   space 116224K, 0% used [0x00000000f1d00000,0x00000000f1d00000,0x00000000f8e80000)
 ParOldGen       total 288256K, used 211903K [0x00000000c0000000, 0x00000000d1980000, 0x00000000eab00000)
  object space 288256K, 73% used [0x00000000c0000000,0x00000000cceeffd8,0x00000000d1980000)
 Metaspace       used 5997K, capacity 7216K, committed 7296K, reserved 1056768K
  class space    used 578K, capacity 616K, committed 640K, reserved 1048576K
Event: 38.123 GC heap after
Heap after GC invocations=32 (full 5):
 PSYoungGen      total 232960K, used 78112K [0x00000000eab00000, 0x0000000100000000, 0x0000000100000000)
  eden space 116736K, 0% used [0x00000000eab00000,0x00000000eab00000,0x00000000f1d00000)
  from space 116224K, 67% used [0x00000000f1d00000,0x00000000f6948188,0x00000000f8e80000)
  to   space 116224K, 0% used [0x00000000f8e80000,0x00000000f8e80000,0x0000000100000000)
 ParOldGen       total 288256K, used 227352K [0x00000000c0000000, 0x00000000d1980000, 0x00000000eab00000)
  object space 288256K, 78% used [0x00000000c0000000,0x00000000cde062c0,0x00000000d1980000)
 Metaspace       used 5997K, capacity 7216K, committed 7296K, reserved 1056768K
  class space    used 578K, capacity 616K, committed 640K, reserved 1048576K
}

Deoptimization events (10 events):
Event: 37.553 Thread 0x000000000038f000 Uncommon trap: reason=speculate_class_check action=maybe_recompile pc=0x0000000002beddc0 method=com.android.dx.util.FixedSizeList.equals(Ljava/lang/Object;)Z @ 25
Event: 37.553 Thread 0x000000000038f000 Uncommon trap: reason=class_check action=maybe_recompile pc=0x0000000002c039cc method=java.util.Arrays.equals([Ljava/lang/Object;[Ljava/lang/Object;)Z @ 62
Event: 37.554 Thread 0x000000000038f000 Uncommon trap: reason=speculate_class_check action=maybe_recompile pc=0x0000000002beddc0 method=com.android.dx.util.FixedSizeList.equals(Ljava/lang/Object;)Z @ 25
Event: 37.561 Thread 0x000000000038f000 Uncommon trap: reason=speculate_class_check action=maybe_recompile pc=0x0000000002beddc0 method=com.android.dx.util.FixedSizeList.equals(Ljava/lang/Object;)Z @ 25
Event: 37.561 Thread 0x000000000038f000 Uncommon trap: reason=class_check action=maybe_recompile pc=0x0000000002c039cc method=java.util.Arrays.equals([Ljava/lang/Object;[Ljava/lang/Object;)Z @ 62
Event: 37.561 Thread 0x000000000038f000 Uncommon trap: reason=speculate_class_check action=maybe_recompile pc=0x0000000002beddc0 method=com.android.dx.util.FixedSizeList.equals(Ljava/lang/Object;)Z @ 25
Event: 37.562 Thread 0x000000000038f000 Uncommon trap: reason=class_check action=maybe_recompile pc=0x0000000002c039cc method=java.util.Arrays.equals([Ljava/lang/Object;[Ljava/lang/Object;)Z @ 62
Event: 37.562 Thread 0x000000000038f000 Uncommon trap: reason=class_check action=maybe_recompile pc=0x0000000002c039cc method=java.util.Arrays.equals([Ljava/lang/Object;[Ljava/lang/Object;)Z @ 62
Event: 37.597 Thread 0x000000000038f000 Uncommon trap: reason=unreached action=reinterpret pc=0x0000000002c050a8 method=com.android.dx.dex.code.OutputFinisher.findOpcodeForInsn(Lcom/android/dx/dex/code/DalvInsn;Lcom/android/dx/dex/code/Dop;)Lcom/android/dx/dex/code/Dop; @ 1
Event: 38.410 Thread 0x000000000038f000 Uncommon trap: reason=bimorphic action=maybe_recompile pc=0x0000000002928f04 method=com.android.dx.dex.code.DalvInsn.getLowRegVersion()Lcom/android/dx/dex/code/DalvInsn; @ 16

Internal exceptions (10 events):
Event: 0.072 Thread 0x000000000038f000 Exception <a 'java/lang/NoSuchMethodError': Method sun.misc.Unsafe.prefetchRead(Ljava/lang/Object;J)V name or signature does not match> (0x00000000eab0c888) thrown at [D:\re\workspace\8-2-build-windows-amd64-cygwin\jdk8u20\1074\hotspot\src\share\vm\prims\j°ˆy]Ž'@
Event: 4.789 Thread 0x000000000038f000 Implicit null exception at 0x00000000029e1f65 to 0x00000000029e2de5
Event: 4.790 Thread 0x000000000038f000 Implicit null exception at 0x0000000002ad0b45 to 0x0000000002ad1919
Event: 14.050 Thread 0x000000000038f000 Implicit null exception at 0x0000000002ea3ec4 to 0x0000000002ea85f1
Event: 14.414 Thread 0x000000000038f000 Implicit null exception at 0x0000000002bb94ca to 0x0000000002bb956a
Event: 23.914 Thread 0x000000000038f000 Implicit null exception at 0x000000000319a58e to 0x000000000319b535
Event: 24.787 Thread 0x000000000038f000 Exception <a 'java/lang/ArrayIndexOutOfBoundsException': 18> (0x00000000f08f86c8) thrown at [D:\re\workspace\8-2-build-windows-amd64-cygwin\jdk8u20\1074\hotspot\src\share\vm\interpreter\interpreterRuntime.cpp, line 366]
Event: 24.788 Thread 0x000000000038f000 Exception <a 'java/lang/ArrayIndexOutOfBoundsException': 145> (0x00000000f08fa160) thrown at [D:\re\workspace\8-2-build-windows-amd64-cygwin\jdk8u20\1074\hotspot\src\share\vm\interpreter\interpreterRuntime.cpp, line 366]
Event: 24.790 Thread 0x000000000038f000 Exception <a 'java/lang/ArrayIndexOutOfBoundsException'> (0x00000000f08fb378) thrown at [D:\re\workspace\8-2-build-windows-amd64-cygwin\jdk8u20\1074\hotspot\src\share\vm\runtime\sharedRuntime.cpp, line 604]
Event: 36.051 Thread 0x000000000038f000 Implicit null exception at 0x00000000029f096a to 0x00000000029f15c7

Events (10 events):
Event: 38.765 loading class com/android/dx/dex/file/MapItem
Event: 38.765 loading class com/android/dx/dex/file/MapItem done
Event: 38.766 loading class com/android/dx/dex/file/UniformListItem
Event: 38.766 loading class com/android/dx/dex/file/UniformListItem done
Event: 38.798 loading class com/android/dex/DexFormat
Event: 38.798 loading class com/android/dex/DexFormat done
Event: 38.939 Thread 0x000000000038f000 DEOPT PACKING pc=0x0000000002def696 sp=0x00000000023af0e0
Event: 38.939 Thread 0x000000000038f000 DEOPT UNPACKING pc=0x00000000026c71bf sp=0x00000000023aee08 mode 0
Event: 38.941 Thread 0x000000000038f000 DEOPT PACKING pc=0x0000000002dee038 sp=0x00000000023af000
Event: 38.941 Thread 0x000000000038f000 DEOPT UNPACKING pc=0x00000000026c71bf sp=0x00000000023aede8 mode 0


Dynamic libraries:
0x000000013fae0000 - 0x000000013fb14000 	C:\PROGRA~3\Oracle\Java\javapath\java.exe
0x0000000077100000 - 0x00000000772a9000 	C:\Windows\SYSTEM32\ntdll.dll
0x0000000076fe0000 - 0x00000000770ff000 	C:\Windows\system32\kernel32.dll
0x000007fefd180000 - 0x000007fefd1ec000 	C:\Windows\system32\KERNELBASE.dll
0x000007fefdcd0000 - 0x000007fefddab000 	C:\Windows\system32\ADVAPI32.dll
0x000007fefe240000 - 0x000007fefe2df000 	C:\Windows\system32\msvcrt.dll
0x000007fefd360000 - 0x000007fefd37f000 	C:\Windows\SYSTEM32\sechost.dll
0x000007fefd740000 - 0x000007fefd86d000 	C:\Windows\system32\RPCRT4.dll
0x0000000076ee0000 - 0x0000000076fda000 	C:\Windows\system32\USER32.dll
0x000007fefddb0000 - 0x000007fefde17000 	C:\Windows\system32\GDI32.dll
0x000007fefd8f0000 - 0x000007fefd8fe000 	C:\Windows\system32\LPK.dll
0x000007fefd900000 - 0x000007fefd9c9000 	C:\Windows\system32\USP10.dll
0x000007fefb790000 - 0x000007fefb984000 	C:\Windows\WinSxS\amd64_microsoft.windows.common-controls_6595b64144ccf1df_6.0.7601.17514_none_fa396087175ac9ac\COMCTL32.dll
0x000007fefd870000 - 0x000007fefd8e1000 	C:\Windows\system32\SHLWAPI.dll
0x000007fefd9d0000 - 0x000007fefd9fe000 	C:\Windows\system32\IMM32.DLL
0x000007fefded0000 - 0x000007fefdfd9000 	C:\Windows\system32\MSCTF.dll
0x000000006a130000 - 0x000000006a202000 	C:\Program Files\Java\jre1.8.0_20\bin\msvcr100.dll
0x0000000060ab0000 - 0x0000000061308000 	C:\Program Files\Java\jre1.8.0_20\bin\server\jvm.dll
0x000007fef64a0000 - 0x000007fef64a9000 	C:\Windows\system32\WSOCK32.dll
0x000007fefd380000 - 0x000007fefd3cd000 	C:\Windows\system32\WS2_32.dll
0x000007fefdec0000 - 0x000007fefdec8000 	C:\Windows\system32\NSI.dll
0x000007fef99f0000 - 0x000007fef9a2b000 	C:\Windows\system32\WINMM.dll
0x00000000772d0000 - 0x00000000772d7000 	C:\Windows\system32\PSAPI.DLL
0x000000006a2e0000 - 0x000000006a2ef000 	C:\Program Files\Java\jre1.8.0_20\bin\verify.dll
0x000000006a2b0000 - 0x000000006a2d8000 	C:\Program Files\Java\jre1.8.0_20\bin\java.dll
0x000000006a290000 - 0x000000006a2a6000 	C:\Program Files\Java\jre1.8.0_20\bin\zip.dll
0x000007fefe2e0000 - 0x000007feff068000 	C:\Windows\system32\SHELL32.dll
0x000007feff200000 - 0x000007feff403000 	C:\Windows\system32\ole32.dll
0x000007fefced0000 - 0x000007fefcedf000 	C:\Windows\system32\profapi.dll
0x000007fef52e0000 - 0x000007fef5405000 	C:\Windows\system32\dbghelp.dll

VM Arguments:
jvm_args: -Xmx1024M -Xss1m -Djava.ext.dirs=Z:\android\sdk\build-tools\android-4.4W\lib 
java_command: Z:\android\sdk\build-tools\android-4.4W\lib\dx.jar --dex --output Z:\android\androidstudio\projects\What2wear\app\build\intermediates\pre-dexed\debug\classes-f615b4f6edb6c5c65030e5493a0f09aa135c71c7.jar Z:\android\androidstudio\projects\What2wear\app\build\intermediates\exploded-aar\com.google.android.gms\play-services\6.5.87\classes.jar
java_class_path (initial): Z:\android\sdk\build-tools\android-4.4W\lib\dx.jar
Launcher Type: SUN_STANDARD

Environment Variables:
PATH=C:\ProgramData\Oracle\Java\javapath;C:\Program Files\Common Files\Microsoft Shared\Windows Live;C:\Program Files (x86)\Common Files\Microsoft Shared\Windows Live;C:\Program Files (x86)\NVIDIA Corporation\PhysX\Common;C:\Windows\system32;C:\Windows;C:\Windows\System32\Wbem;C:\Windows\System32\WindowsPowerShell\v1.0\;D:\quicktime\QTSystem\;C:\Program Files (x86)\Windows Live\Shared;Z:\node\;C:\Program Files (x86)\Java\jdk1.7.0_21\bin;C:\Users\Solid Choice\AppData\Roaming\npm
USERNAME=Solid Choice
OS=Windows_NT
PROCESSOR_IDENTIFIER=Intel64 Family 6 Model 15 Stepping 11, GenuineIntel



---------------  S Y S T E M  ---------------

OS: Windows 7 , 64 bit Build 7601 Service Pack 1

CPU:total 4 (4 cores per cpu, 1 threads per core) family 6 model 15 stepping 11, cmov, cx8, fxsr, mmx, sse, sse2, sse3, ssse3, tsc

Memory: 4k page, physical 4192808k(653932k free), swap 8383756k(2738632k free)

vm_info: Java HotSpot(TM) 64-Bit Server VM (25.20-b23) for windows-amd64 JRE (1.8.0_20-b26), built on Jul 30 2014 13:51:23 by "java_re" with MS VC++ 10.0 (VS2010)

time: Sat Jan 24 16:23:58 2015
elapsed time: 38 seconds (0d 0h 0m 38s)

