#
# A fatal error has been detected by the Java Runtime Environment:
#
#  EXCEPTION_ACCESS_VIOLATION (0xc0000005) at pc=0xffffffffa3755120, pid=2292, tid=1340
#
# JRE version: Java(TM) SE Runtime Environment (8.0_20-b26) (build 1.8.0_20-b26)
# Java VM: Java HotSpot(TM) 64-Bit Server VM (25.20-b23 mixed mode windows-amd64 compressed oops)
# Problematic frame:
# C  0xffffffffa3755120
#
# Failed to write core dump. Minidumps are not enabled by default on client versions of Windows
#
# If you would like to submit a bug report, please visit:
#   http://bugreport.sun.com/bugreport/crash.jsp
#

---------------  T H R E A D  ---------------

Current thread (0x000000000221f000):  JavaThread "main" [_thread_in_Java, id=1340, stack(0x0000000002240000,0x0000000002340000)]

siginfo: ExceptionCode=0xc0000005, ExceptionInformation=0x0000000000000008 0xffffffffa3755120

Registers:
RAX=0x0000000054de7c58, RBX=0x0000000054de7c58, RCX=0x00000000eba5ced8, RDX=0x00000000eba5ced8
RSP=0x000000000233ef18, RBP=0x000000000233ef78, RSI=0x00000000000000c4, RDI=0x0000000000001e15
R8 =0x0000000000000017, R9 =0x0000000000000000, R10=0x0000000061e141e0, R11=0x0000000002a27040
R12=0x0000000000000000, R13=0x000000000233ef28, R14=0x00000000148fd4f8, R15=0x000000000221f000
RIP=0xffffffffa3755120, EFLAGS=0x0000000000010202

Top of Stack: (sp=0x000000000233ef18)
0x000000000233ef18:   0000000002757a46 0000000002757a46
0x000000000233ef28:   0000000000000017 00000000eba5ced8
0x000000000233ef38:   000000000233ef38 0000000054df0f6b
0x000000000233ef48:   000000000233efb0 0000000054df1448
0x000000000233ef58:   0000000054e38960 0000000054df0f98
0x000000000233ef68:   000000000233ef28 000000000233ef98
0x000000000233ef78:   000000000233eff8 0000000002757a01
0x000000000233ef88:   0000000000000001 0000000000000008
0x000000000233ef98:   00000000000000cf 00000000eb7e7f98
0x000000000233efa8:   0000000000000017 00000000eba5ced8
0x000000000233efb8:   000000000233efb8 0000000054e3478a
0x000000000233efc8:   000000000233f028 0000000054e34c60
0x000000000233efd8:   0000000054e37098 0000000054e34888
0x000000000233efe8:   000000000233ef98 000000000233f020
0x000000000233eff8:   000000000233f070 0000000002757a01
0x000000000233f008:   0000000000000000 0000000000000000 

Instructions: (pc=0xffffffffa3755120)
0xffffffffa3755100:   
[error occurred during error reporting (printing registers, top of stack, instructions near pc), id 0xc0000005]

Register to memory mapping:

RAX={method} {0x0000000054de7c60} 'writeByte' '(I)V' in 'com/android/dx/util/ByteArrayAnnotatedOutput'
RBX={method} {0x0000000054de7c60} 'writeByte' '(I)V' in 'com/android/dx/util/ByteArrayAnnotatedOutput'
RCX=0x00000000eba5ced8 is an oop
com.android.dx.util.ByteArrayAnnotatedOutput 
 - klass: 'com/android/dx/util/ByteArrayAnnotatedOutput'
RDX=0x00000000eba5ced8 is an oop
com.android.dx.util.ByteArrayAnnotatedOutput 
 - klass: 'com/android/dx/util/ByteArrayAnnotatedOutput'
RSP=0x000000000233ef18 is pointing into the stack for thread: 0x000000000221f000
RBP=0x000000000233ef78 is pointing into the stack for thread: 0x000000000221f000
RSI=0x00000000000000c4 is an unknown value
RDI=0x0000000000001e15 is an unknown value
R8 =0x0000000000000017 is an unknown value
R9 =0x0000000000000000 is an unknown value
R10=0x0000000061e141e0 is an unknown value
R11=0x0000000002a27040 is at entry_point+32 in (nmethod*)0x0000000002a26e90
R12=0x0000000000000000 is an unknown value
R13=0x000000000233ef28 is pointing into the stack for thread: 0x000000000221f000
R14=0x00000000148fd4f8 is pointing into metadata
R15=0x000000000221f000 is a thread


Stack: [0x0000000002240000,0x0000000002340000],  sp=0x000000000233ef18,  free space=1019k
Native frames: (J=compiled Java code, j=interpreted, Vv=VM code, C=native code)
C  0xffffffffa3755120


---------------  P R O C E S S  ---------------

Java Threads: ( => current thread )
  0x0000000056b4d000 JavaThread "Service Thread" daemon [_thread_blocked, id=4076, stack(0x0000000057160000,0x0000000057260000)]
  0x0000000056ae0800 JavaThread "C1 CompilerThread2" daemon [_thread_blocked, id=1144, stack(0x0000000056fd0000,0x00000000570d0000)]
  0x000000005526e800 JavaThread "C2 CompilerThread1" daemon [_thread_blocked, id=352, stack(0x00000000569e0000,0x0000000056ae0000)]
  0x0000000055267800 JavaThread "C2 CompilerThread0" daemon [_thread_blocked, id=3924, stack(0x00000000568a0000,0x00000000569a0000)]
  0x0000000055266000 JavaThread "Attach Listener" daemon [_thread_blocked, id=2892, stack(0x0000000056730000,0x0000000056830000)]
  0x0000000055265800 JavaThread "Signal Dispatcher" daemon [_thread_blocked, id=4024, stack(0x0000000056290000,0x0000000056390000)]
  0x0000000055205800 JavaThread "Finalizer" daemon [_thread_blocked, id=1472, stack(0x00000000565e0000,0x00000000566e0000)]
  0x00000000551fc800 JavaThread "Reference Handler" daemon [_thread_blocked, id=1912, stack(0x00000000563f0000,0x00000000564f0000)]
=>0x000000000221f000 JavaThread "main" [_thread_in_Java, id=1340, stack(0x0000000002240000,0x0000000002340000)]

Other Threads:
  0x00000000551f9000 VMThread [stack: 0x0000000056130000,0x0000000056230000] [id=2760]
  0x0000000056b56800 WatcherThread [stack: 0x00000000573f0000,0x00000000574f0000] [id=3228]

VM state:not at safepoint (normal execution)

VM Mutex/Monitor currently owned by a thread: None

Heap:
 PSYoungGen      total 18944K, used 16014K [0x00000000eab00000, 0x00000000ec000000, 0x0000000100000000)
  eden space 16384K, 97% used [0x00000000eab00000,0x00000000ebaa3be0,0x00000000ebb00000)
  from space 2560K, 0% used [0x00000000ebd80000,0x00000000ebd80000,0x00000000ec000000)
  to   space 2560K, 0% used [0x00000000ebb00000,0x00000000ebb00000,0x00000000ebd80000)
 ParOldGen       total 44032K, used 0K [0x00000000c0000000, 0x00000000c2b00000, 0x00000000eab00000)
  object space 44032K, 0% used [0x00000000c0000000,0x00000000c0000000,0x00000000c2b00000)
 Metaspace       used 5303K, capacity 6576K, committed 6784K, reserved 1056768K
  class space    used 568K, capacity 616K, committed 640K, reserved 1048576K

Card table byte_map: [0x0000000011b10000,0x0000000011d20000] byte_map_base: 0x0000000011510000

Marking Bits: (ParMarkBitMap*) 0x0000000061e2b460
 Begin Bits: [0x0000000012670000, 0x0000000013670000)
 End Bits:   [0x0000000013670000, 0x0000000014670000)

Polling page: 0x0000000000430000

CodeCache: size=245760Kb used=3513Kb max_used=3526Kb free=242246Kb
 bounds [0x0000000002750000, 0x0000000002ad0000, 0x0000000011750000]
 total_blobs=1282 nmethods=1016 adapters=181
 compilation: enabled

Compilation events (10 events):
Event: 0.651 Thread 0x000000005526e800 1001       4       com.android.dex.Leb128::writeUnsignedLeb128 (46 bytes)
Event: 0.652 Thread 0x0000000055267800 1004       4       com.android.dx.util.ByteArrayAnnotatedOutput::writeByte (51 bytes)
Event: 0.654 Thread 0x0000000056ae0800 nmethod 999 0x0000000002aadb90 code [0x0000000002aae040, 0x0000000002ab1028]
Event: 0.654 Thread 0x0000000056ae0800 1000       2       com.android.dex.Leb128::readUnsignedLeb128 (69 bytes)
Event: 0.654 Thread 0x0000000056ae0800 nmethod 1000 0x0000000002ab33d0 code [0x0000000002ab3540, 0x0000000002ab37f8]
Event: 0.654 Thread 0x0000000056ae0800 1009       3       com.android.dex.EncodedValueCodec::readUnsignedInt (86 bytes)
Event: 0.654 Thread 0x0000000056ae0800 nmethod 1009 0x0000000002ab3950 code [0x0000000002ab3ae0, 0x0000000002ab3fb8]
Event: 0.654 Thread 0x0000000056ae0800 1010       3       com.android.dex.EncodedValueReader::skipValue (348 bytes)
Event: 0.656 Thread 0x0000000055267800 nmethod 1004 0x0000000002ab7090 code [0x0000000002ab71e0, 0x0000000002ab74c8]
Event: 0.656 Thread 0x0000000055267800 1008       4       com.android.dx.merge.IndexMap::adjustString (16 bytes)

GC Heap History (0 events):
No events

Deoptimization events (10 events):
Event: 0.440 Thread 0x000000000221f000 Uncommon trap: reason=class_check action=maybe_recompile pc=0x00000000029a8e08 method=java.util.Arrays.hashCode([Ljava/lang/Object;)I @ 43
Event: 0.442 Thread 0x000000000221f000 Uncommon trap: reason=bimorphic action=maybe_recompile pc=0x000000000292cf40 method=java.util.HashMap.getNode(ILjava/lang/Object;)Ljava/util/HashMap$Node; @ 126
Event: 0.454 Thread 0x000000000221f000 Uncommon trap: reason=bimorphic action=maybe_recompile pc=0x000000000292cf40 method=java.util.HashMap.getNode(ILjava/lang/Object;)Ljava/util/HashMap$Node; @ 126
Event: 0.454 Thread 0x000000000221f000 Uncommon trap: reason=bimorphic action=maybe_recompile pc=0x000000000292cf40 method=java.util.HashMap.getNode(ILjava/lang/Object;)Ljava/util/HashMap$Node; @ 126
Event: 0.454 Thread 0x000000000221f000 Uncommon trap: reason=bimorphic action=maybe_recompile pc=0x000000000292cf40 method=java.util.HashMap.getNode(ILjava/lang/Object;)Ljava/util/HashMap$Node; @ 126
Event: 0.454 Thread 0x000000000221f000 Uncommon trap: reason=bimorphic action=maybe_recompile pc=0x000000000292f868 method=java.util.HashMap.getNode(ILjava/lang/Object;)Ljava/util/HashMap$Node; @ 126
Event: 0.529 Thread 0x000000000221f000 Uncommon trap: reason=class_check action=maybe_recompile pc=0x00000000029f96a0 method=java.util.HashMap.putVal(ILjava/lang/Object;Ljava/lang/Object;ZZ)Ljava/lang/Object; @ 56
Event: 0.529 Thread 0x000000000221f000 Uncommon trap: reason=class_check action=maybe_recompile pc=0x00000000029f9700 method=java.util.HashMap.putVal(ILjava/lang/Object;Ljava/lang/Object;ZZ)Ljava/lang/Object; @ 152
Event: 0.529 Thread 0x000000000221f000 Uncommon trap: reason=class_check action=maybe_recompile pc=0x00000000029f96a0 method=java.util.HashMap.putVal(ILjava/lang/Object;Ljava/lang/Object;ZZ)Ljava/lang/Object; @ 56
Event: 0.529 Thread 0x000000000221f000 Uncommon trap: reason=class_check action=maybe_recompile pc=0x00000000029f96a0 method=java.util.HashMap.putVal(ILjava/lang/Object;Ljava/lang/Object;ZZ)Ljava/lang/Object; @ 56

Internal exceptions (2 events):
Event: 0.036 Thread 0x000000000221f000 Exception <a 'java/lang/NoSuchMethodError': Method sun.misc.Unsafe.defineClass(Ljava/lang/String;[BII)Ljava/lang/Class; name or signature does not match> (0x00000000eab0c460) thrown at [D:\re\workspace\8-2-build-windows-amd64-cygwin\jdk8u20\1074\hotspot\sr_µÕæ·¢?
Event: 0.037 Thread 0x000000000221f000 Exception <a 'java/lang/NoSuchMethodError': Method sun.misc.Unsafe.prefetchRead(Ljava/lang/Object;J)V name or signature does not match> (0x00000000eab0c6f0) thrown at [D:\re\workspace\8-2-build-windows-amd64-cygwin\jdk8u20\1074\hotspot\src\share\vm\prims\j

Events (10 events):
Event: 0.649 loading class com/android/dex/Annotation
Event: 0.649 loading class com/android/dex/Annotation done
Event: 0.650 loading class com/android/dex/EncodedValue
Event: 0.650 loading class com/android/dex/EncodedValue done
Event: 0.650 loading class com/android/dx/merge/IndexMap$EncodedValueTransformer
Event: 0.650 loading class com/android/dx/merge/IndexMap$EncodedValueTransformer done
Event: 0.650 loading class com/android/dex/util/ByteArrayByteInput
Event: 0.650 loading class com/android/dex/util/ByteArrayByteInput done
Event: 0.651 Executing VM operation: Deoptimize
Event: 0.651 Executing VM operation: Deoptimize done


Dynamic libraries:
0x000000013fe10000 - 0x000000013fe44000 	C:\PROGRA~3\Oracle\Java\javapath\java.exe
0x0000000077630000 - 0x00000000777d9000 	C:\Windows\SYSTEM32\ntdll.dll
0x0000000077510000 - 0x000000007762f000 	C:\Windows\system32\kernel32.dll
0x000007fefd730000 - 0x000007fefd79c000 	C:\Windows\system32\KERNELBASE.dll
0x000007fefda80000 - 0x000007fefdb5b000 	C:\Windows\system32\ADVAPI32.dll
0x000007feff5d0000 - 0x000007feff66f000 	C:\Windows\system32\msvcrt.dll
0x000007feff260000 - 0x000007feff27f000 	C:\Windows\SYSTEM32\sechost.dll
0x000007feff810000 - 0x000007feff93d000 	C:\Windows\system32\RPCRT4.dll
0x0000000077410000 - 0x000000007750a000 	C:\Windows\system32\USER32.dll
0x000007feff7a0000 - 0x000007feff807000 	C:\Windows\system32\GDI32.dll
0x000007fefedf0000 - 0x000007fefedfe000 	C:\Windows\system32\LPK.dll
0x000007fefdce0000 - 0x000007fefdda9000 	C:\Windows\system32\USP10.dll
0x000007fefbcc0000 - 0x000007fefbeb4000 	C:\Windows\WinSxS\amd64_microsoft.windows.common-controls_6595b64144ccf1df_6.0.7601.17514_none_fa396087175ac9ac\COMCTL32.dll
0x000007feff550000 - 0x000007feff5c1000 	C:\Windows\system32\SHLWAPI.dll
0x000007feff4c0000 - 0x000007feff4ee000 	C:\Windows\system32\IMM32.DLL
0x000007feff670000 - 0x000007feff779000 	C:\Windows\system32\MSCTF.dll
0x0000000069ac0000 - 0x0000000069b92000 	C:\Program Files\Java\jre1.8.0_20\bin\msvcr100.dll
0x0000000061650000 - 0x0000000061ea8000 	C:\Program Files\Java\jre1.8.0_20\bin\server\jvm.dll
0x000007feedf00000 - 0x000007feedf09000 	C:\Windows\system32\WSOCK32.dll
0x000007feff470000 - 0x000007feff4bd000 	C:\Windows\system32\WS2_32.dll
0x000007feff280000 - 0x000007feff288000 	C:\Windows\system32\NSI.dll
0x000007fef9f20000 - 0x000007fef9f5b000 	C:\Windows\system32\WINMM.dll
0x00000000777f0000 - 0x00000000777f7000 	C:\Windows\system32\PSAPI.DLL
0x0000000069cf0000 - 0x0000000069cff000 	C:\Program Files\Java\jre1.8.0_20\bin\verify.dll
0x0000000069a90000 - 0x0000000069ab8000 	C:\Program Files\Java\jre1.8.0_20\bin\java.dll
0x0000000069a70000 - 0x0000000069a86000 	C:\Program Files\Java\jre1.8.0_20\bin\zip.dll
0x000007fefe060000 - 0x000007fefede8000 	C:\Windows\system32\SHELL32.dll
0x000007fefddb0000 - 0x000007fefdfb3000 	C:\Windows\system32\ole32.dll
0x000007fefd3f0000 - 0x000007fefd3ff000 	C:\Windows\system32\profapi.dll
0x000007feec700000 - 0x000007feec825000 	C:\Windows\system32\dbghelp.dll

VM Arguments:
jvm_args: -Xmx1024M -Xss1m -Djava.ext.dirs=Z:\android\sdk\build-tools\android-4.4W\lib 
java_command: Z:\android\sdk\build-tools\android-4.4W\lib\dx.jar --dex --no-optimize --output Z:\android\androidstudio\projects\What2wear\app\build\intermediates\dex\debug Z:\android\androidstudio\projects\What2wear\app\build\intermediates\classes\debug Z:\android\androidstudio\projects\What2wear\app\build\intermediates\pre-dexed\debug\support-v4-13.0.0-b35ec2ea0ccd792dce86f2cdef3f40931bc520ca.jar Z:\android\androidstudio\projects\What2wear\app\build\intermediates\pre-dexed\debug\classes-4475a046e0e3f372f36429c7ceb0cc23c995764b.jar
java_class_path (initial): Z:\android\sdk\build-tools\android-4.4W\lib\dx.jar
Launcher Type: SUN_STANDARD

Environment Variables:
PATH=C:\ProgramData\Oracle\Java\javapath;C:\Program Files\Common Files\Microsoft Shared\Windows Live;C:\Program Files (x86)\Common Files\Microsoft Shared\Windows Live;C:\Program Files (x86)\NVIDIA Corporation\PhysX\Common;C:\Windows\system32;C:\Windows;C:\Windows\System32\Wbem;C:\Windows\System32\WindowsPowerShell\v1.0\;D:\quicktime\QTSystem\;C:\Program Files (x86)\Windows Live\Shared;Z:\node\;C:\Program Files (x86)\Java\jdk1.7.0_21\bin;C:\Users\Solid Choice\AppData\Roaming\npm
USERNAME=Solid Choice
OS=Windows_NT
PROCESSOR_IDENTIFIER=Intel64 Family 6 Model 15 Stepping 11, GenuineIntel



---------------  S Y S T E M  ---------------

OS: Windows 7 , 64 bit Build 7601 Service Pack 1

CPU:total 4 (4 cores per cpu, 1 threads per core) family 6 model 15 stepping 11, cmov, cx8, fxsr, mmx, sse, sse2, sse3, ssse3, tsc

Memory: 4k page, physical 4192808k(555140k free), swap 8383756k(2101716k free)

vm_info: Java HotSpot(TM) 64-Bit Server VM (25.20-b23) for windows-amd64 JRE (1.8.0_20-b26), built on Jul 30 2014 13:51:23 by "java_re" with MS VC++ 10.0 (VS2010)

time: Sat Jan 17 16:59:26 2015
elapsed time: 1 seconds (0d 0h 0m 1s)

