#
# A fatal error has been detected by the Java Runtime Environment:
#
#  EXCEPTION_ACCESS_VIOLATION (0xc0000005) at pc=0xffffffffa3825120, pid=4812, tid=4372
#
# JRE version: Java(TM) SE Runtime Environment (8.0_20-b26) (build 1.8.0_20-b26)
# Java VM: Java HotSpot(TM) 64-Bit Server VM (25.20-b23 mixed mode windows-amd64 compressed oops)
# Problematic frame:
# C  0xffffffffa3825120
#
# Failed to write core dump. Minidumps are not enabled by default on client versions of Windows
#
# If you would like to submit a bug report, please visit:
#   http://bugreport.sun.com/bugreport/crash.jsp
#

---------------  T H R E A D  ---------------

Current thread (0x000000000049f000):  JavaThread "main" [_thread_in_Java, id=4372, stack(0x0000000002450000,0x0000000002550000)]

siginfo: ExceptionCode=0xc0000005, ExceptionInformation=0x0000000000000008 0xffffffffa3825120

Registers:
RAX=0x0000000054b51f30, RBX=0x0000000054b51f30, RCX=0x00000000eb011fb8, RDX=0x00000000eb011fb8
RSP=0x000000000254e338, RBP=0x000000000254e3e0, RSI=0x0000000014753cf0, RDI=0x0000000054be91c8
R8 =0x0000000000000000, R9 =0x1fffffffffffffff, R10=0x0000000066584230, R11=0x00000000029aa820
R12=0x0000000000000000, R13=0x000000000254e390, R14=0x000000000254e428, R15=0x000000000049f000
RIP=0xffffffffa3825120, EFLAGS=0x0000000000010206

Top of Stack: (sp=0x000000000254e338)
0x000000000254e338:   00000000029aa8f4 000000000049f000
0x000000000254e348:   000000000049f000 0000000000000001
0x000000000254e358:   0000000000000004 0000000000000004
0x000000000254e368:   0000000065ea51ab 000000000254e3e0
0x000000000254e378:   0000000002827790 000000000254e3e0
0x000000000254e388:   0000000002827790 0000000000000000
0x000000000254e398:   00000000eb011fb8 000000000254e3a0
0x000000000254e3a8:   0000000054b52166 000000000254e428
0x000000000254e3b8:   0000000054b522b8 0000000000000000
0x000000000254e3c8:   0000000054b521b0 000000000254e390
0x000000000254e3d8:   000000000254e420 000000000254e490
0x000000000254e3e8:   0000000002827450 0000000000000000
0x000000000254e3f8:   0000000000000000 0000000000000000
0x000000000254e408:   00000000ffffffff 00000000ffffffff
0x000000000254e418:   0000000000000006 0000000000000000
0x000000000254e428:   00000000eb011fb8 0000000000000000 

Instructions: (pc=0xffffffffa3825120)
0xffffffffa3825100:   
[error occurred during error reporting (printing registers, top of stack, instructions near pc), id 0xc0000005]

Register to memory mapping:

RAX={method} {0x0000000054b51f38} 'get' '(I)Lcom/android/dx/cf/code/LineNumberList$Item;' in 'com/android/dx/cf/code/LineNumberList'
RBX={method} {0x0000000054b51f38} 'get' '(I)Lcom/android/dx/cf/code/LineNumberList$Item;' in 'com/android/dx/cf/code/LineNumberList'
RCX=0x00000000eb011fb8 is an oop
com.android.dx.cf.code.LineNumberList 
 - klass: 'com/android/dx/cf/code/LineNumberList'
RDX=0x00000000eb011fb8 is an oop
com.android.dx.cf.code.LineNumberList 
 - klass: 'com/android/dx/cf/code/LineNumberList'
RSP=0x000000000254e338 is pointing into the stack for thread: 0x000000000049f000
RBP=0x000000000254e3e0 is pointing into the stack for thread: 0x000000000049f000
RSI=0x0000000014753cf0 is pointing into metadata
RDI=0x0000000054be91c8 is pointing into metadata
R8 =0x0000000000000000 is an unknown value
R9 =0x1fffffffffffffff is an unknown value
R10=0x0000000066584230 is an unknown value
R11=0x00000000029aa820 is at entry_point+32 in (nmethod*)0x00000000029aa690
R12=0x0000000000000000 is an unknown value
R13=0x000000000254e390 is pointing into the stack for thread: 0x000000000049f000
R14=0x000000000254e428 is pointing into the stack for thread: 0x000000000049f000
R15=0x000000000049f000 is a thread


Stack: [0x0000000002450000,0x0000000002550000],  sp=0x000000000254e338,  free space=1016k
Native frames: (J=compiled Java code, j=interpreted, Vv=VM code, C=native code)
C  0xffffffffa3825120


---------------  P R O C E S S  ---------------

Java Threads: ( => current thread )
  0x00000000567ec000 JavaThread "Service Thread" daemon [_thread_blocked, id=2460, stack(0x0000000056e40000,0x0000000056f40000)]
  0x00000000550dd000 JavaThread "C1 CompilerThread2" daemon [_thread_blocked, id=2284, stack(0x0000000056bb0000,0x0000000056cb0000)]
  0x00000000550db800 JavaThread "C2 CompilerThread1" daemon [_thread_blocked, id=1312, stack(0x0000000056ce0000,0x0000000056de0000)]
  0x00000000550d6800 JavaThread "C2 CompilerThread0" daemon [_thread_blocked, id=4496, stack(0x00000000561f0000,0x00000000562f0000)]
  0x00000000550d4800 JavaThread "Attach Listener" daemon [_thread_blocked, id=5060, stack(0x0000000056680000,0x0000000056780000)]
  0x00000000550d3800 JavaThread "Signal Dispatcher" daemon [_thread_blocked, id=3320, stack(0x0000000055fc0000,0x00000000560c0000)]
  0x0000000055073800 JavaThread "Finalizer" daemon [_thread_blocked, id=2576, stack(0x00000000564e0000,0x00000000565e0000)]
  0x000000005506a800 JavaThread "Reference Handler" daemon [_thread_blocked, id=1908, stack(0x0000000056350000,0x0000000056450000)]
=>0x000000000049f000 JavaThread "main" [_thread_in_Java, id=4372, stack(0x0000000002450000,0x0000000002550000)]

Other Threads:
  0x0000000055066800 VMThread [stack: 0x00000000560c0000,0x00000000561c0000] [id=804]
  0x00000000567fd000 WatcherThread [stack: 0x0000000057020000,0x0000000057120000] [id=2448]

VM state:not at safepoint (normal execution)

VM Mutex/Monitor currently owned by a thread: None

Heap:
 PSYoungGen      total 18944K, used 5614K [0x00000000eab00000, 0x00000000ec000000, 0x0000000100000000)
  eden space 16384K, 34% used [0x00000000eab00000,0x00000000eb07b840,0x00000000ebb00000)
  from space 2560K, 0% used [0x00000000ebd80000,0x00000000ebd80000,0x00000000ec000000)
  to   space 2560K, 0% used [0x00000000ebb00000,0x00000000ebb00000,0x00000000ebd80000)
 ParOldGen       total 44032K, used 0K [0x00000000c0000000, 0x00000000c2b00000, 0x00000000eab00000)
  object space 44032K, 0% used [0x00000000c0000000,0x00000000c0000000,0x00000000c2b00000)
 Metaspace       used 4104K, capacity 5744K, committed 6016K, reserved 1056768K
  class space    used 467K, capacity 552K, committed 640K, reserved 1048576K

Card table byte_map: [0x0000000011be0000,0x0000000011df0000] byte_map_base: 0x00000000115e0000

Marking Bits: (ParMarkBitMap*) 0x000000006659b460
 Begin Bits: [0x00000000124e0000, 0x00000000134e0000)
 End Bits:   [0x00000000134e0000, 0x00000000144e0000)

Polling page: 0x0000000000230000

CodeCache: size=245760Kb used=1638Kb max_used=1638Kb free=244121Kb
 bounds [0x0000000002820000, 0x0000000002a90000, 0x0000000011820000]
 total_blobs=566 nmethods=312 adapters=169
 compilation: enabled

Compilation events (10 events):
Event: 0.346 Thread 0x00000000550dd000 nmethod 299 0x00000000029b3b10 code [0x00000000029b3c60, 0x00000000029b3d70]
Event: 0.346 Thread 0x00000000550dd000  301       3       com.android.dx.dex.code.DalvInsn::<init> (67 bytes)
Event: 0.346 Thread 0x00000000550db800  307   !   4       com.android.dx.util.FixedSizeList::get0 (47 bytes)
Event: 0.346 Thread 0x00000000550dd000 nmethod 301 0x00000000029b3dd0 code [0x00000000029b3f80, 0x00000000029b43e8]
Event: 0.346 Thread 0x00000000550dd000  306       3       java.util.Arrays::hashCode (56 bytes)
Event: 0.347 Thread 0x00000000550dd000 nmethod 306 0x00000000029b4590 code [0x00000000029b4700, 0x00000000029b4a88]
Event: 0.347 Thread 0x00000000550dd000  302       3       com.android.dx.util.Bits::clear (21 bytes)
Event: 0.347 Thread 0x00000000550dd000 nmethod 302 0x00000000029b4bd0 code [0x00000000029b4d20, 0x00000000029b4e90]
Event: 0.347 Thread 0x00000000550dd000  303       3       com.android.dx.rop.code.BasicBlockList::labelToBlock (46 bytes)
Event: 0.347 Thread 0x00000000550db800 nmethod 307 0x00000000029b7c50 code [0x00000000029b7d80, 0x00000000029b7e38]

GC Heap History (0 events):
No events

Deoptimization events (0 events):
No events

Internal exceptions (2 events):
Event: 0.036 Thread 0x000000000049f000 Exception <a 'java/lang/NoSuchMethodError': Method sun.misc.Unsafe.defineClass(Ljava/lang/String;[BII)Ljava/lang/Class; name or signature does not match> (0x00000000eab0c768) thrown at [D:\re\workspace\8-2-build-windows-amd64-cygwin\jdk8u20\1074\hotspot\sr€‰¥3^¢?
Event: 0.036 Thread 0x000000000049f000 Exception <a 'java/lang/NoSuchMethodError': Method sun.misc.Unsafe.prefetchRead(Ljava/lang/Object;J)V name or signature does not match> (0x00000000eab0c9f8) thrown at [D:\re\workspace\8-2-build-windows-amd64-cygwin\jdk8u20\1074\hotspot\src\share\vm\prims\j

Events (10 events):
Event: 0.331 loading class com/android/dx/cf/attrib/RawAttribute
Event: 0.331 loading class com/android/dx/cf/attrib/RawAttribute done
Event: 0.339 loading class com/android/dx/cf/code/Ropper$ExceptionHandlerSetup
Event: 0.339 loading class com/android/dx/cf/code/Ropper$ExceptionHandlerSetup done
Event: 0.344 loading class java/util/HashMap$Values
Event: 0.344 loading class java/util/HashMap$Values done
Event: 0.344 loading class java/util/HashMap$ValueIterator
Event: 0.344 loading class java/util/HashMap$HashIterator
Event: 0.344 loading class java/util/HashMap$HashIterator done
Event: 0.344 loading class java/util/HashMap$ValueIterator done


Dynamic libraries:
0x000000013fcb0000 - 0x000000013fce4000 	C:\PROGRA~3\Oracle\Java\javapath\java.exe
0x0000000077850000 - 0x00000000779f9000 	C:\Windows\SYSTEM32\ntdll.dll
0x0000000077630000 - 0x000000007774f000 	C:\Windows\system32\kernel32.dll
0x000007fefd630000 - 0x000007fefd69c000 	C:\Windows\system32\KERNELBASE.dll
0x000007fefe9b0000 - 0x000007fefea8b000 	C:\Windows\system32\ADVAPI32.dll
0x000007fefec80000 - 0x000007fefed1f000 	C:\Windows\system32\msvcrt.dll
0x000007fefe660000 - 0x000007fefe67f000 	C:\Windows\SYSTEM32\sechost.dll
0x000007fefe7b0000 - 0x000007fefe8dd000 	C:\Windows\system32\RPCRT4.dll
0x0000000077750000 - 0x000000007784a000 	C:\Windows\system32\USER32.dll
0x000007fefdd70000 - 0x000007fefddd7000 	C:\Windows\system32\GDI32.dll
0x000007fefec70000 - 0x000007fefec7e000 	C:\Windows\system32\LPK.dll
0x000007fefe380000 - 0x000007fefe449000 	C:\Windows\system32\USP10.dll
0x000007fefbee0000 - 0x000007fefc0d4000 	C:\Windows\WinSxS\amd64_microsoft.windows.common-controls_6595b64144ccf1df_6.0.7601.17514_none_fa396087175ac9ac\COMCTL32.dll
0x000007fefe8e0000 - 0x000007fefe951000 	C:\Windows\system32\SHLWAPI.dll
0x000007fefdbb0000 - 0x000007fefdbde000 	C:\Windows\system32\IMM32.DLL
0x000007fefe680000 - 0x000007fefe789000 	C:\Windows\system32\MSCTF.dll
0x000000006f4e0000 - 0x000000006f5b2000 	C:\Program Files\Java\jre1.8.0_20\bin\msvcr100.dll
0x0000000065dc0000 - 0x0000000066618000 	C:\Program Files\Java\jre1.8.0_20\bin\server\jvm.dll
0x000007fef4d60000 - 0x000007fef4d69000 	C:\Windows\system32\WSOCK32.dll
0x000007fefe960000 - 0x000007fefe9ad000 	C:\Windows\system32\WS2_32.dll
0x000007fefedc0000 - 0x000007fefedc8000 	C:\Windows\system32\NSI.dll
0x000007fefac70000 - 0x000007fefacab000 	C:\Windows\system32\WINMM.dll
0x0000000077a20000 - 0x0000000077a27000 	C:\Windows\system32\PSAPI.DLL
0x0000000074250000 - 0x000000007425f000 	C:\Program Files\Java\jre1.8.0_20\bin\verify.dll
0x00000000721e0000 - 0x0000000072208000 	C:\Program Files\Java\jre1.8.0_20\bin\java.dll
0x00000000721b0000 - 0x00000000721c6000 	C:\Program Files\Java\jre1.8.0_20\bin\zip.dll
0x000007fefedd0000 - 0x000007feffb58000 	C:\Windows\system32\SHELL32.dll
0x000007fefe450000 - 0x000007fefe653000 	C:\Windows\system32\ole32.dll
0x000007fefd620000 - 0x000007fefd62f000 	C:\Windows\system32\profapi.dll
0x000007feecc70000 - 0x000007feecd95000 	C:\Windows\system32\dbghelp.dll

VM Arguments:
jvm_args: -Xmx1024M -Xss1m -Djava.ext.dirs=Z:\android\sdk\build-tools\android-4.4W\lib 
java_command: Z:\android\sdk\build-tools\android-4.4W\lib\dx.jar --dex --no-optimize --output Z:\android\androidstudio\projects\What2wear\app\build\intermediates\dex\debug Z:\android\androidstudio\projects\What2wear\app\build\intermediates\classes\debug Z:\android\androidstudio\projects\What2wear\app\build\intermediates\pre-dexed\debug\support-v4-13.0.0-b35ec2ea0ccd792dce86f2cdef3f40931bc520ca.jar Z:\android\androidstudio\projects\What2wear\app\build\intermediates\pre-dexed\debug\classes-4475a046e0e3f372f36429c7ceb0cc23c995764b.jar
java_class_path (initial): Z:\android\sdk\build-tools\android-4.4W\lib\dx.jar
Launcher Type: SUN_STANDARD

Environment Variables:
PATH=C:\ProgramData\Oracle\Java\javapath;C:\Program Files\Common Files\Microsoft Shared\Windows Live;C:\Program Files (x86)\Common Files\Microsoft Shared\Windows Live;C:\Program Files (x86)\NVIDIA Corporation\PhysX\Common;C:\Windows\system32;C:\Windows;C:\Windows\System32\Wbem;C:\Windows\System32\WindowsPowerShell\v1.0\;D:\quicktime\QTSystem\;C:\Program Files (x86)\Windows Live\Shared;Z:\node\;C:\Program Files (x86)\Java\jdk1.7.0_21\bin;C:\Users\Solid Choice\AppData\Roaming\npm
USERNAME=Solid Choice
OS=Windows_NT
PROCESSOR_IDENTIFIER=Intel64 Family 6 Model 15 Stepping 11, GenuineIntel



---------------  S Y S T E M  ---------------

OS: Windows 7 , 64 bit Build 7601 Service Pack 1

CPU:total 4 (4 cores per cpu, 1 threads per core) family 6 model 15 stepping 11, cmov, cx8, fxsr, mmx, sse, sse2, sse3, ssse3, tsc

Memory: 4k page, physical 4192808k(965144k free), swap 8792328k(1269212k free)

vm_info: Java HotSpot(TM) 64-Bit Server VM (25.20-b23) for windows-amd64 JRE (1.8.0_20-b26), built on Jul 30 2014 13:51:23 by "java_re" with MS VC++ 10.0 (VS2010)

time: Sat Jan 03 13:21:14 2015
elapsed time: 0 seconds (0d 0h 0m 0s)

