#
# A fatal error has been detected by the Java Runtime Environment:
#
#  EXCEPTION_ACCESS_VIOLATION (0xc0000005) at pc=0xffffffffa3685120, pid=5084, tid=4344
#
# JRE version: Java(TM) SE Runtime Environment (8.0_20-b26) (build 1.8.0_20-b26)
# Java VM: Java HotSpot(TM) 64-Bit Server VM (25.20-b23 mixed mode windows-amd64 compressed oops)
# Problematic frame:
# C  0xffffffffa3685120
#
# Failed to write core dump. Minidumps are not enabled by default on client versions of Windows
#
# If you would like to submit a bug report, please visit:
#   http://bugreport.sun.com/bugreport/crash.jsp
#

---------------  T H R E A D  ---------------

Current thread (0x000000000220f800):  JavaThread "main" [_thread_in_Java, id=4344, stack(0x0000000002230000,0x0000000002330000)]

siginfo: ExceptionCode=0xc0000005, ExceptionInformation=0x0000000000000008 0xffffffffa3685120

Registers:
RAX=0x0000000014740df0, RBX=0x0000000054c78ce8, RCX=0x00000000ebabe6a8, RDX=0x00000000ebabe6c8
RSP=0x000000000232ece8, RBP=0x000000000232ed88, RSI=0x00000000ebabe6c8, RDI=0x0000000014745908
R8 =0x000000000000001b, R9 =0x0000000000000007, R10=0x0000000014745908, R11=0x0000000000000200
R12=0x0000000000000000, R13=0x000000000232ed40, R14=0x000000000232edb8, R15=0x000000000220f800
RIP=0xffffffffa3685120, EFLAGS=0x0000000000010246

Top of Stack: (sp=0x000000000232ece8)
0x000000000232ece8:   00000000029ef844 0000000054c37458
0x000000000232ecf8:   0000000000000000 000000000232ed28
0x000000000232ed08:   000000000232ed88 00000000ebabe6a8
0x000000000232ed18:   0000000000000000 000000000232ed88
0x000000000232ed28:   0000000002687450 00000000eb978488
0x000000000232ed38:   0000000002687450 00000000ebabe6a8
0x000000000232ed48:   000000000232ed48 0000000054c77e91
0x000000000232ed58:   000000000232edb8 0000000054c78488
0x000000000232ed68:   0000000054caeab8 0000000054c780b0
0x000000000232ed78:   000000000232ed40 000000000232edb0
0x000000000232ed88:   000000000232ee00 0000000002687a01
0x000000000232ed98:   0000000000000000 0000000000000000
0x000000000232eda8:   0000000000000000 00000000ebabe6a8
0x000000000232edb8:   00000000ebabe690 000000000232edc0
0x000000000232edc8:   0000000054c7822e 000000000232ee28
0x000000000232edd8:   0000000054c78488 0000000000000000 

Instructions: (pc=0xffffffffa3685120)
0xffffffffa3685100:   
[error occurred during error reporting (printing registers, top of stack, instructions near pc), id 0xc0000005]

Register to memory mapping:

RAX=0x0000000014740df0 is pointing into metadata
RBX={method} {0x0000000054c78cf0} 'readByte' '()B' in 'com/android/dex/util/ByteArrayByteInput'
RCX=0x00000000ebabe6a8 is an oop
com.android.dex.EncodedValueReader 
 - klass: 'com/android/dex/EncodedValueReader'
RDX=0x00000000ebabe6c8 is an oop
com.android.dex.util.ByteArrayByteInput 
 - klass: 'com/android/dex/util/ByteArrayByteInput'
RSP=0x000000000232ece8 is pointing into the stack for thread: 0x000000000220f800
RBP=0x000000000232ed88 is pointing into the stack for thread: 0x000000000220f800
RSI=0x00000000ebabe6c8 is an oop
com.android.dex.util.ByteArrayByteInput 
 - klass: 'com/android/dex/util/ByteArrayByteInput'
RDI=0x0000000014745908 is pointing into metadata
R8 =0x000000000000001b is an unknown value
R9 =0x0000000000000007 is an unknown value
R10=0x0000000014745908 is pointing into metadata
R11=0x0000000000000200 is an unknown value
R12=0x0000000000000000 is an unknown value
R13=0x000000000232ed40 is pointing into the stack for thread: 0x000000000220f800
R14=0x000000000232edb8 is pointing into the stack for thread: 0x000000000220f800
R15=0x000000000220f800 is a thread


Stack: [0x0000000002230000,0x0000000002330000],  sp=0x000000000232ece8,  free space=1019k
Native frames: (J=compiled Java code, j=interpreted, Vv=VM code, C=native code)
C  0xffffffffa3685120


---------------  P R O C E S S  ---------------

Java Threads: ( => current thread )
  0x00000000566f1800 JavaThread "Service Thread" daemon [_thread_blocked, id=1920, stack(0x0000000056cb0000,0x0000000056db0000)]
  0x00000000550a7000 JavaThread "C1 CompilerThread2" daemon [_thread_blocked, id=3116, stack(0x00000000570d0000,0x00000000571d0000)]
  0x000000005668b000 JavaThread "C2 CompilerThread1" daemon [_thread_blocked, id=4216, stack(0x0000000056f20000,0x0000000057020000)]
  0x0000000056684000 JavaThread "C2 CompilerThread0" daemon [_thread_blocked, id=2880, stack(0x0000000056db0000,0x0000000056eb0000)]
  0x0000000056683000 JavaThread "Attach Listener" daemon [_thread_blocked, id=3504, stack(0x0000000056b90000,0x0000000056c90000)]
  0x0000000056682800 JavaThread "Signal Dispatcher" daemon [_thread_blocked, id=3828, stack(0x00000000560b0000,0x00000000561b0000)]
  0x0000000055045800 JavaThread "Finalizer" daemon [_thread_blocked, id=4100, stack(0x0000000056580000,0x0000000056680000)]
  0x000000005503c800 JavaThread "Reference Handler" daemon [_thread_blocked, id=3908, stack(0x0000000056330000,0x0000000056430000)]
=>0x000000000220f800 JavaThread "main" [_thread_in_Java, id=4344, stack(0x0000000002230000,0x0000000002330000)]

Other Threads:
  0x0000000055039000 VMThread [stack: 0x0000000056220000,0x0000000056320000] [id=4840]
  0x00000000566f3000 WatcherThread [stack: 0x0000000056440000,0x0000000056540000] [id=2232]

VM state:not at safepoint (normal execution)

VM Mutex/Monitor currently owned by a thread: None

Heap:
 PSYoungGen      total 18944K, used 18683K [0x00000000eab00000, 0x00000000ed000000, 0x0000000100000000)
  eden space 16384K, 98% used [0x00000000eab00000,0x00000000ebac2778,0x00000000ebb00000)
  from space 2560K, 99% used [0x00000000ebb00000,0x00000000ebd7c838,0x00000000ebd80000)
  to   space 2560K, 0% used [0x00000000ecd80000,0x00000000ecd80000,0x00000000ed000000)
 ParOldGen       total 44032K, used 3510K [0x00000000c0000000, 0x00000000c2b00000, 0x00000000eab00000)
  object space 44032K, 7% used [0x00000000c0000000,0x00000000c036dba0,0x00000000c2b00000)
 Metaspace       used 6206K, capacity 6872K, committed 7168K, reserved 1056768K
  class space    used 691K, capacity 720K, committed 768K, reserved 1048576K

Card table byte_map: [0x0000000011a40000,0x0000000011c50000] byte_map_base: 0x0000000011440000

Marking Bits: (ParMarkBitMap*) 0x00000000630fb460
 Begin Bits: [0x00000000124b0000, 0x00000000134b0000)
 End Bits:   [0x00000000134b0000, 0x00000000144b0000)

Polling page: 0x0000000000140000

CodeCache: size=245760Kb used=3958Kb max_used=3967Kb free=241801Kb
 bounds [0x0000000002680000, 0x0000000002a70000, 0x0000000011680000]
 total_blobs=1470 nmethods=1189 adapters=196
 compilation: enabled

Compilation events (10 events):
Event: 0.831 Thread 0x0000000056684000 1182       4       com.android.dex.Dex$Section::writeUnsignedShort (44 bytes)
Event: 0.831 Thread 0x00000000550a7000 nmethod 1171 0x0000000002a54290 code [0x0000000002a54440, 0x0000000002a54c30]
Event: 0.831 Thread 0x00000000550a7000 1170       3       com.android.dex.Dex$Section::readMethodId (30 bytes)
Event: 0.830 Thread 0x000000005668b000 nmethod 1181 0x0000000002a46050 code [0x0000000002a46180, 0x0000000002a46218]
Event: 0.832 Thread 0x000000005668b000 1183       4       com.android.dex.Leb128::readUnsignedLeb128 (69 bytes)
Event: 0.832 Thread 0x00000000550a7000 nmethod 1170 0x0000000002a53410 code [0x0000000002a535e0, 0x0000000002a53f08]
Event: 0.832 Thread 0x00000000550a7000 1184       3       com.android.dex.EncodedValueReader::skipValue (348 bytes)
Event: 0.833 Thread 0x0000000056684000 nmethod 1182 0x0000000002a48fd0 code [0x0000000002a49120, 0x0000000002a492c8]
Event: 0.833 Thread 0x0000000056684000 1185       4       com.android.dex.util.ByteArrayByteInput::readByte (17 bytes)
Event: 0.834 Thread 0x0000000056684000 nmethod 1185 0x0000000002a41610 code [0x0000000002a41740, 0x0000000002a417d8]

GC Heap History (2 events):
Event: 0.486 GC heap before
{Heap before GC invocations=1 (full 0):
 PSYoungGen      total 18944K, used 15291K [0x00000000eab00000, 0x00000000ec000000, 0x0000000100000000)
  eden space 16384K, 93% used [0x00000000eab00000,0x00000000eb9eec50,0x00000000ebb00000)
  from space 2560K, 0% used [0x00000000ebd80000,0x00000000ebd80000,0x00000000ec000000)
  to   space 2560K, 0% used [0x00000000ebb00000,0x00000000ebb00000,0x00000000ebd80000)
 ParOldGen       total 44032K, used 0K [0x00000000c0000000, 0x00000000c2b00000, 0x00000000eab00000)
  object space 44032K, 0% used [0x00000000c0000000,0x00000000c0000000,0x00000000c2b00000)
 Metaspace       used 4455K, capacity 6064K, committed 6272K, reserved 1056768K
  class space    used 480K, capacity 552K, committed 640K, reserved 1048576K
Event: 0.498 GC heap after
Heap after GC invocations=1 (full 0):
 PSYoungGen      total 18944K, used 2546K [0x00000000eab00000, 0x00000000ed000000, 0x0000000100000000)
  eden space 16384K, 0% used [0x00000000eab00000,0x00000000eab00000,0x00000000ebb00000)
  from space 2560K, 99% used [0x00000000ebb00000,0x00000000ebd7c838,0x00000000ebd80000)
  to   space 2560K, 0% used [0x00000000ecd80000,0x00000000ecd80000,0x00000000ed000000)
 ParOldGen       total 44032K, used 3510K [0x00000000c0000000, 0x00000000c2b00000, 0x00000000eab00000)
  object space 44032K, 7% used [0x00000000c0000000,0x00000000c036dba0,0x00000000c2b00000)
 Metaspace       used 4455K, capacity 6064K, committed 6272K, reserved 1056768K
  class space    used 480K, capacity 552K, committed 640K, reserved 1048576K
}

Deoptimization events (10 events):
Event: 0.527 Thread 0x000000000220f800 Uncommon trap: reason=class_check action=maybe_recompile pc=0x00000000028cf408 method=java.util.Arrays.hashCode([Ljava/lang/Object;)I @ 43
Event: 0.531 Thread 0x000000000220f800 Uncommon trap: reason=bimorphic action=maybe_recompile pc=0x0000000002854850 method=java.util.HashMap.getNode(ILjava/lang/Object;)Ljava/util/HashMap$Node; @ 126
Event: 0.531 Thread 0x000000000220f800 Uncommon trap: reason=bimorphic action=maybe_recompile pc=0x0000000002854850 method=java.util.HashMap.getNode(ILjava/lang/Object;)Ljava/util/HashMap$Node; @ 126
Event: 0.531 Thread 0x000000000220f800 Uncommon trap: reason=bimorphic action=maybe_recompile pc=0x0000000002854850 method=java.util.HashMap.getNode(ILjava/lang/Object;)Ljava/util/HashMap$Node; @ 126
Event: 0.531 Thread 0x000000000220f800 Uncommon trap: reason=bimorphic action=maybe_recompile pc=0x0000000002854850 method=java.util.HashMap.getNode(ILjava/lang/Object;)Ljava/util/HashMap$Node; @ 126
Event: 0.532 Thread 0x000000000220f800 Uncommon trap: reason=bimorphic action=maybe_recompile pc=0x0000000002855eb8 method=java.util.HashMap.getNode(ILjava/lang/Object;)Ljava/util/HashMap$Node; @ 126
Event: 0.644 Thread 0x000000000220f800 Uncommon trap: reason=class_check action=maybe_recompile pc=0x000000000295966c method=java.util.HashMap.putVal(ILjava/lang/Object;Ljava/lang/Object;ZZ)Ljava/lang/Object; @ 56
Event: 0.644 Thread 0x000000000220f800 Uncommon trap: reason=class_check action=maybe_recompile pc=0x00000000029596c0 method=java.util.HashMap.putVal(ILjava/lang/Object;Ljava/lang/Object;ZZ)Ljava/lang/Object; @ 152
Event: 0.645 Thread 0x000000000220f800 Uncommon trap: reason=class_check action=maybe_recompile pc=0x000000000295966c method=java.util.HashMap.putVal(ILjava/lang/Object;Ljava/lang/Object;ZZ)Ljava/lang/Object; @ 56
Event: 0.645 Thread 0x000000000220f800 Uncommon trap: reason=class_check action=maybe_recompile pc=0x000000000295966c method=java.util.HashMap.putVal(ILjava/lang/Object;Ljava/lang/Object;ZZ)Ljava/lang/Object; @ 56

Internal exceptions (8 events):
Event: 0.041 Thread 0x000000000220f800 Exception <a 'java/lang/NoSuchMethodError': Method sun.misc.Unsafe.defineClass(Ljava/lang/String;[BII)Ljava/lang/Class; name or signature does not match> (0x00000000eab0c9b8) thrown at [D:\re\workspace\8-2-build-windows-amd64-cygwin\jdk8u20\1074\hotspot\sr&Ið{i¥?
Event: 0.041 Thread 0x000000000220f800 Exception <a 'java/lang/NoSuchMethodError': Method sun.misc.Unsafe.prefetchRead(Ljava/lang/Object;J)V name or signature does not match> (0x00000000eab0cc48) thrown at [D:\re\workspace\8-2-build-windows-amd64-cygwin\jdk8u20\1074\hotspot\src\share\vm\prims\j)MGLÐKé?
Event: 0.791 Thread 0x000000000220f800 Exception <a 'java/security/PrivilegedActionException'> (0x00000000eb94d218) thrown at [D:\re\workspace\8-2-build-windows-amd64-cygwin\jdk8u20\1074\hotspot\src\share\vm\prims\jvm.cpp, line 1275]
Event: 0.791 Thread 0x000000000220f800 Exception <a 'java/security/PrivilegedActionException'> (0x00000000eb94d560) thrown at [D:\re\workspace\8-2-build-windows-amd64-cygwin\jdk8u20\1074\hotspot\src\share\vm\prims\jvm.cpp, line 1275]
Event: 0.791 Thread 0x000000000220f800 Exception <a 'java/security/PrivilegedActionException'> (0x00000000eb951378) thrown at [D:\re\workspace\8-2-build-windows-amd64-cygwin\jdk8u20\1074\hotspot\src\share\vm\prims\jvm.cpp, line 1275]
Event: 0.791 Thread 0x000000000220f800 Exception <a 'java/security/PrivilegedActionException'> (0x00000000eb9516c0) thrown at [D:\re\workspace\8-2-build-windows-amd64-cygwin\jdk8u20\1074\hotspot\src\share\vm\prims\jvm.cpp, line 1275]
Event: 0.799 Thread 0x000000000220f800 Exception <a 'java/security/PrivilegedActionException'> (0x00000000eb964158) thrown at [D:\re\workspace\8-2-build-windows-amd64-cygwin\jdk8u20\1074\hotspot\src\share\vm\prims\jvm.cpp, line 1275]
Event: 0.799 Thread 0x000000000220f800 Exception <a 'java/security/PrivilegedActionException'> (0x00000000eb966008) thrown at [D:\re\workspace\8-2-build-windows-amd64-cygwin\jdk8u20\1074\hotspot\src\share\vm\prims\jvm.cpp, line 1275]

Events (10 events):
Event: 0.802 loading class java/util/Formatter$Conversion
Event: 0.802 loading class java/util/Formatter$Conversion done
Event: 0.802 loading class sun/misc/FormattedFloatingDecimal$Form
Event: 0.803 loading class sun/misc/FormattedFloatingDecimal$Form done
Event: 0.803 loading class sun/misc/FormattedFloatingDecimal
Event: 0.803 loading class sun/misc/FormattedFloatingDecimal done
Event: 0.803 loading class sun/misc/FormattedFloatingDecimal$1
Event: 0.803 loading class sun/misc/FormattedFloatingDecimal$1 done
Event: 0.803 loading class sun/misc/FormattedFloatingDecimal$2
Event: 0.803 loading class sun/misc/FormattedFloatingDecimal$2 done


Dynamic libraries:
0x000000013f9f0000 - 0x000000013fa24000 	C:\PROGRA~3\Oracle\Java\javapath\java.exe
0x0000000077780000 - 0x0000000077929000 	C:\Windows\SYSTEM32\ntdll.dll
0x0000000077560000 - 0x000000007767f000 	C:\Windows\system32\kernel32.dll
0x000007fefd570000 - 0x000007fefd5dc000 	C:\Windows\system32\KERNELBASE.dll
0x000007feff660000 - 0x000007feff73b000 	C:\Windows\system32\ADVAPI32.dll
0x000007fefd900000 - 0x000007fefd99f000 	C:\Windows\system32\msvcrt.dll
0x000007fefed70000 - 0x000007fefed8f000 	C:\Windows\SYSTEM32\sechost.dll
0x000007fefebe0000 - 0x000007fefed0d000 	C:\Windows\system32\RPCRT4.dll
0x0000000077680000 - 0x000000007777a000 	C:\Windows\system32\USER32.dll
0x000007feff200000 - 0x000007feff267000 	C:\Windows\system32\GDI32.dll
0x000007feff650000 - 0x000007feff65e000 	C:\Windows\system32\LPK.dll
0x000007feff580000 - 0x000007feff649000 	C:\Windows\system32\USP10.dll
0x000007fefbe10000 - 0x000007fefc004000 	C:\Windows\WinSxS\amd64_microsoft.windows.common-controls_6595b64144ccf1df_6.0.7601.17514_none_fa396087175ac9ac\COMCTL32.dll
0x000007fefed90000 - 0x000007fefee01000 	C:\Windows\system32\SHLWAPI.dll
0x000007feff1d0000 - 0x000007feff1fe000 	C:\Windows\system32\IMM32.DLL
0x000007fefead0000 - 0x000007fefebd9000 	C:\Windows\system32\MSCTF.dll
0x0000000066610000 - 0x00000000666e2000 	C:\Program Files\Java\jre1.8.0_20\bin\msvcr100.dll
0x0000000062920000 - 0x0000000063178000 	C:\Program Files\Java\jre1.8.0_20\bin\server\jvm.dll
0x000007fef0560000 - 0x000007fef0569000 	C:\Windows\system32\WSOCK32.dll
0x000007fefeeb0000 - 0x000007fefeefd000 	C:\Windows\system32\WS2_32.dll
0x000007feff8a0000 - 0x000007feff8a8000 	C:\Windows\system32\NSI.dll
0x000007fefad10000 - 0x000007fefad4b000 	C:\Windows\system32\WINMM.dll
0x0000000077940000 - 0x0000000077947000 	C:\Windows\system32\PSAPI.DLL
0x0000000069310000 - 0x000000006931f000 	C:\Program Files\Java\jre1.8.0_20\bin\verify.dll
0x0000000067120000 - 0x0000000067148000 	C:\Program Files\Java\jre1.8.0_20\bin\java.dll
0x0000000067100000 - 0x0000000067116000 	C:\Program Files\Java\jre1.8.0_20\bin\zip.dll
0x000007fefd9a0000 - 0x000007fefe728000 	C:\Windows\system32\SHELL32.dll
0x000007fefe8c0000 - 0x000007fefeac3000 	C:\Windows\system32\ole32.dll
0x000007fefd540000 - 0x000007fefd54f000 	C:\Windows\system32\profapi.dll
0x000007feed3e0000 - 0x000007feed505000 	C:\Windows\system32\dbghelp.dll

VM Arguments:
jvm_args: -Xmx1024M -Xss1m -Djava.ext.dirs=Z:\android\sdk\build-tools\android-4.4W\lib 
java_command: Z:\android\sdk\build-tools\android-4.4W\lib\dx.jar --dex --no-optimize --output Z:\android\androidstudio\projects\What2wear\app\build\intermediates\dex\debug Z:\android\androidstudio\projects\What2wear\app\build\intermediates\classes\debug Z:\android\androidstudio\projects\What2wear\app\build\intermediates\pre-dexed\debug\support-annotations-21.0.0-90ee3d5cc0513648aefcaf5dbdea7755d65409c0.jar Z:\android\androidstudio\projects\What2wear\app\build\intermediates\pre-dexed\debug\internal_impl-21.0.0-c744c19604898ed8af0652457797b33e0301ccac.jar Z:\android\androidstudio\projects\What2wear\app\build\intermediates\pre-dexed\debug\classes-b456df8b416a36a51c603fe04ccfa3ccb5bda133.jar Z:\android\androidstudio\projects\What2wear\app\build\intermediates\pre-dexed\debug\classes-f615b4f6edb6c5c65030e5493a0f09aa135c71c7.jar
java_class_path (initial): Z:\android\sdk\build-tools\android-4.4W\lib\dx.jar
Launcher Type: SUN_STANDARD

Environment Variables:
PATH=C:\ProgramData\Oracle\Java\javapath;C:\Program Files\Common Files\Microsoft Shared\Windows Live;C:\Program Files (x86)\Common Files\Microsoft Shared\Windows Live;C:\Program Files (x86)\NVIDIA Corporation\PhysX\Common;C:\Windows\system32;C:\Windows;C:\Windows\System32\Wbem;C:\Windows\System32\WindowsPowerShell\v1.0\;D:\quicktime\QTSystem\;C:\Program Files (x86)\Windows Live\Shared;Z:\node\;C:\Program Files (x86)\Java\jdk1.7.0_21\bin;C:\Users\Solid Choice\AppData\Roaming\npm
USERNAME=Solid Choice
OS=Windows_NT
PROCESSOR_IDENTIFIER=Intel64 Family 6 Model 15 Stepping 11, GenuineIntel



---------------  S Y S T E M  ---------------

OS: Windows 7 , 64 bit Build 7601 Service Pack 1

CPU:total 4 (4 cores per cpu, 1 threads per core) family 6 model 15 stepping 11, cmov, cx8, fxsr, mmx, sse, sse2, sse3, ssse3, tsc

Memory: 4k page, physical 4192808k(466588k free), swap 8383756k(2333700k free)

vm_info: Java HotSpot(TM) 64-Bit Server VM (25.20-b23) for windows-amd64 JRE (1.8.0_20-b26), built on Jul 30 2014 13:51:23 by "java_re" with MS VC++ 10.0 (VS2010)

time: Sun Jan 18 14:36:42 2015
elapsed time: 0 seconds (0d 0h 0m 0s)

