#
# A fatal error has been detected by the Java Runtime Environment:
#
#  EXCEPTION_ACCESS_VIOLATION (0xc0000005) at pc=0xffffffffa38d5120, pid=3164, tid=4620
#
# JRE version: Java(TM) SE Runtime Environment (8.0_20-b26) (build 1.8.0_20-b26)
# Java VM: Java HotSpot(TM) 64-Bit Server VM (25.20-b23 mixed mode windows-amd64 compressed oops)
# Problematic frame:
# C  0xffffffffa38d5120
#
# Failed to write core dump. Minidumps are not enabled by default on client versions of Windows
#
# If you would like to submit a bug report, please visit:
#   http://bugreport.sun.com/bugreport/crash.jsp
#

---------------  T H R E A D  ---------------

Current thread (0x000000000221f800):  JavaThread "main" [_thread_in_Java, id=4620, stack(0x0000000002500000,0x0000000002600000)]

siginfo: ExceptionCode=0xc0000005, ExceptionInformation=0x0000000000000008 0xffffffffa38d5120

Registers:
RAX=0x0000000000000000, RBX=0x000000000003f26b, RCX=0x000000000000000c, RDX=0x00000000eb9c8f18
RSP=0x00000000025ff158, RBP=0x00000000025ff2c0, RSI=0x00000000eb9c8f18, RDI=0x00000000548c61f0
R8 =0x000000000003f277, R9 =0x000000000003f26b, R10=0x000000000000000c, R11=0x0000000002c7a920
R12=0x0000000000000000, R13=0x00000000025ff270, R14=0x00000000025ff2d8, R15=0x000000000221f800
RIP=0xffffffffa38d5120, EFLAGS=0x0000000000010216

Top of Stack: (sp=0x00000000025ff158)
0x00000000025ff158:   0000000002c84994 00000000028e11a7
0x00000000025ff168:   00000000028d5410 0000000000000000
0x00000000025ff178:   00000000025ff2c0 00000000025ff280
0x00000000025ff188:   000000000221f800 00000000025ff2d0
0x00000000025ff198:   000000000221f800 00000000025ff2d8
0x00000000025ff1a8:   0000000054bc0248 0000000000000000
0x00000000025ff1b8:   00000000eb9c8f18 000000000000000c
0x00000000025ff1c8:   0000000000000000 00000000025ff2c0
0x00000000025ff1d8:   000000006754d565 00000000025ff201
0x00000000025ff1e8:   000000000221f800 00000000025ff2c0
0x00000000025ff1f8:   0000000002c7aad4 00000000025ff330
0x00000000025ff208:   0000000054bbf858 0000000a00000010
0x00000000025ff218:   00000000ebacd7a8 00000000ebacbd78
0x00000000025ff228:   0000000000000020 00000000eb9c40c8
0x00000000025ff238:   00000000028e11ed 00000000025ff2a8
0x00000000025ff248:   00000000028d7450 00000000025ff2c0 

Instructions: (pc=0xffffffffa38d5120)
0xffffffffa38d5100:   
[error occurred during error reporting (printing registers, top of stack, instructions near pc), id 0xc0000005]

Register to memory mapping:

RAX=0x0000000000000000 is an unknown value
RBX=0x000000000003f26b is an unknown value
RCX=0x000000000000000c is an unknown value
RDX=0x00000000eb9c8f18 is an oop
java.nio.HeapByteBuffer 
 - klass: 'java/nio/HeapByteBuffer'
RSP=0x00000000025ff158 is pointing into the stack for thread: 0x000000000221f800
RBP=0x00000000025ff2c0 is pointing into the stack for thread: 0x000000000221f800
RSI=0x00000000eb9c8f18 is an oop
java.nio.HeapByteBuffer 
 - klass: 'java/nio/HeapByteBuffer'
RDI=0x00000000548c61f0 is pointing into metadata
R8 =0x000000000003f277 is an unknown value
R9 =0x000000000003f26b is an unknown value
R10=0x000000000000000c is an unknown value
R11=0x0000000002c7a920 is at entry_point+32 in (nmethod*)0x0000000002c7a790
R12=0x0000000000000000 is an unknown value
R13=0x00000000025ff270 is pointing into the stack for thread: 0x000000000221f800
R14=0x00000000025ff2d8 is pointing into the stack for thread: 0x000000000221f800
R15=0x000000000221f800 is a thread


Stack: [0x0000000002500000,0x0000000002600000],  sp=0x00000000025ff158,  free space=1020k
Native frames: (J=compiled Java code, j=interpreted, Vv=VM code, C=native code)
C  0xffffffffa38d5120


---------------  P R O C E S S  ---------------

Java Threads: ( => current thread )
  0x0000000056d01800 JavaThread "Service Thread" daemon [_thread_blocked, id=5016, stack(0x0000000057120000,0x0000000057220000)]
  0x0000000054feb000 JavaThread "C1 CompilerThread2" daemon [_thread_blocked, id=4304, stack(0x0000000056b90000,0x0000000056c90000)]
  0x0000000054fe9800 JavaThread "C2 CompilerThread1" daemon [_thread_blocked, id=1124, stack(0x0000000056a10000,0x0000000056b10000)]
  0x0000000054fe5800 JavaThread "C2 CompilerThread0" daemon [_thread_blocked, id=3648, stack(0x0000000056490000,0x0000000056590000)]
  0x0000000054fe4000 JavaThread "Attach Listener" daemon [_thread_blocked, id=4532, stack(0x0000000056750000,0x0000000056850000)]
  0x0000000054fe2800 JavaThread "Signal Dispatcher" daemon [_thread_blocked, id=4152, stack(0x00000000561f0000,0x00000000562f0000)]
  0x0000000054f82000 JavaThread "Finalizer" daemon [_thread_blocked, id=4416, stack(0x00000000565a0000,0x00000000566a0000)]
  0x0000000054f79000 JavaThread "Reference Handler" daemon [_thread_blocked, id=3972, stack(0x0000000056350000,0x0000000056450000)]
=>0x000000000221f800 JavaThread "main" [_thread_in_Java, id=4620, stack(0x0000000002500000,0x0000000002600000)]

Other Threads:
  0x0000000054f75000 VMThread [stack: 0x00000000560c0000,0x00000000561c0000] [id=3188]
  0x0000000056d03000 WatcherThread [stack: 0x0000000057270000,0x0000000057370000] [id=4540]

VM state:not at safepoint (normal execution)

VM Mutex/Monitor currently owned by a thread: None

Heap:
 PSYoungGen      total 18944K, used 18914K [0x00000000eab00000, 0x00000000ed000000, 0x0000000100000000)
  eden space 16384K, 100% used [0x00000000eab00000,0x00000000ebb00000,0x00000000ebb00000)
  from space 2560K, 98% used [0x00000000ebb00000,0x00000000ebd78828,0x00000000ebd80000)
  to   space 2560K, 0% used [0x00000000ecd80000,0x00000000ecd80000,0x00000000ed000000)
 ParOldGen       total 44032K, used 3624K [0x00000000c0000000, 0x00000000c2b00000, 0x00000000eab00000)
  object space 44032K, 8% used [0x00000000c0000000,0x00000000c038a0f8,0x00000000c2b00000)
 Metaspace       used 6249K, capacity 6936K, committed 7168K, reserved 1056768K
  class space    used 691K, capacity 720K, committed 768K, reserved 1048576K

Card table byte_map: [0x0000000011c90000,0x0000000011ea0000] byte_map_base: 0x0000000011690000

Marking Bits: (ParMarkBitMap*) 0x0000000067c7b460
 Begin Bits: [0x00000000123f0000, 0x00000000133f0000)
 End Bits:   [0x00000000133f0000, 0x00000000143f0000)

Polling page: 0x0000000000140000

CodeCache: size=245760Kb used=4203Kb max_used=4203Kb free=241556Kb
 bounds [0x00000000028d0000, 0x0000000002cf0000, 0x00000000118d0000]
 total_blobs=1542 nmethods=1261 adapters=196
 compilation: enabled

Compilation events (10 events):
Event: 1.754 Thread 0x0000000054fe9800 1251       4       com.android.dex.util.ByteArrayByteInput::readByte (17 bytes)
Event: 1.754 Thread 0x0000000054feb000 nmethod 1244 0x0000000002cd8a50 code [0x0000000002cd8c20, 0x0000000002cd9458]
Event: 1.754 Thread 0x0000000054feb000 1252       3       com.android.dex.EncodedValueReader::skipValue (348 bytes)
Event: 1.754 Thread 0x0000000054fe9800 nmethod 1251 0x0000000002cd1990 code [0x0000000002cd1ac0, 0x0000000002cd1b58]
Event: 1.754 Thread 0x0000000054fe9800 1236       4       java.nio.Bits::putIntL (43 bytes)
Event: 1.755 Thread 0x0000000054fe5800 nmethod 1235 0x0000000002cd4390 code [0x0000000002cd44e0, 0x0000000002cd4648]
Event: 1.755 Thread 0x0000000054fe5800 1255       4       com.android.dex.Leb128::readUnsignedLeb128 (69 bytes)
Event: 1.756 Thread 0x0000000054fe9800 nmethod 1236 0x0000000002cd6e10 code [0x0000000002cd6f60, 0x0000000002cd7098]
Event: 1.756 Thread 0x0000000054fe9800 1181       4       java.nio.Buffer::position (43 bytes)
Event: 1.756 Thread 0x0000000054fe9800 nmethod 1181 0x0000000002cd4110 code [0x0000000002cd4240, 0x0000000002cd42b8]

GC Heap History (2 events):
Event: 1.167 GC heap before
{Heap before GC invocations=1 (full 0):
 PSYoungGen      total 18944K, used 15472K [0x00000000eab00000, 0x00000000ec000000, 0x0000000100000000)
  eden space 16384K, 94% used [0x00000000eab00000,0x00000000eba1c178,0x00000000ebb00000)
  from space 2560K, 0% used [0x00000000ebd80000,0x00000000ebd80000,0x00000000ec000000)
  to   space 2560K, 0% used [0x00000000ebb00000,0x00000000ebb00000,0x00000000ebd80000)
 ParOldGen       total 44032K, used 0K [0x00000000c0000000, 0x00000000c2b00000, 0x00000000eab00000)
  object space 44032K, 0% used [0x00000000c0000000,0x00000000c0000000,0x00000000c2b00000)
 Metaspace       used 4474K, capacity 6064K, committed 6272K, reserved 1056768K
  class space    used 480K, capacity 552K, committed 640K, reserved 1048576K
Event: 1.187 GC heap after
Heap after GC invocations=1 (full 0):
 PSYoungGen      total 18944K, used 2530K [0x00000000eab00000, 0x00000000ed000000, 0x0000000100000000)
  eden space 16384K, 0% used [0x00000000eab00000,0x00000000eab00000,0x00000000ebb00000)
  from space 2560K, 98% used [0x00000000ebb00000,0x00000000ebd78828,0x00000000ebd80000)
  to   space 2560K, 0% used [0x00000000ecd80000,0x00000000ecd80000,0x00000000ed000000)
 ParOldGen       total 44032K, used 3624K [0x00000000c0000000, 0x00000000c2b00000, 0x00000000eab00000)
  object space 44032K, 8% used [0x00000000c0000000,0x00000000c038a0f8,0x00000000c2b00000)
 Metaspace       used 4474K, capacity 6064K, committed 6272K, reserved 1056768K
  class space    used 480K, capacity 552K, committed 640K, reserved 1048576K
}

Deoptimization events (10 events):
Event: 1.279 Thread 0x000000000221f800 Uncommon trap: reason=class_check action=maybe_recompile pc=0x0000000002b63448 method=java.util.Arrays.hashCode([Ljava/lang/Object;)I @ 43
Event: 1.287 Thread 0x000000000221f800 Uncommon trap: reason=bimorphic action=maybe_recompile pc=0x0000000002abf4c0 method=java.util.HashMap.getNode(ILjava/lang/Object;)Ljava/util/HashMap$Node; @ 126
Event: 1.287 Thread 0x000000000221f800 Uncommon trap: reason=bimorphic action=maybe_recompile pc=0x0000000002abf4c0 method=java.util.HashMap.getNode(ILjava/lang/Object;)Ljava/util/HashMap$Node; @ 126
Event: 1.287 Thread 0x000000000221f800 Uncommon trap: reason=bimorphic action=maybe_recompile pc=0x0000000002abf4c0 method=java.util.HashMap.getNode(ILjava/lang/Object;)Ljava/util/HashMap$Node; @ 126
Event: 1.314 Thread 0x000000000221f800 Uncommon trap: reason=bimorphic action=maybe_recompile pc=0x0000000002abf4c0 method=java.util.HashMap.getNode(ILjava/lang/Object;)Ljava/util/HashMap$Node; @ 126
Event: 1.322 Thread 0x000000000221f800 Uncommon trap: reason=bimorphic action=maybe_recompile pc=0x0000000002ac8e28 method=java.util.HashMap.getNode(ILjava/lang/Object;)Ljava/util/HashMap$Node; @ 126
Event: 1.541 Thread 0x000000000221f800 Uncommon trap: reason=class_check action=maybe_recompile pc=0x0000000002bd4524 method=java.util.HashMap.putVal(ILjava/lang/Object;Ljava/lang/Object;ZZ)Ljava/lang/Object; @ 56
Event: 1.541 Thread 0x000000000221f800 Uncommon trap: reason=class_check action=maybe_recompile pc=0x0000000002bd4584 method=java.util.HashMap.putVal(ILjava/lang/Object;Ljava/lang/Object;ZZ)Ljava/lang/Object; @ 152
Event: 1.541 Thread 0x000000000221f800 Uncommon trap: reason=class_check action=maybe_recompile pc=0x0000000002bd4524 method=java.util.HashMap.putVal(ILjava/lang/Object;Ljava/lang/Object;ZZ)Ljava/lang/Object; @ 56
Event: 1.541 Thread 0x000000000221f800 Uncommon trap: reason=class_check action=maybe_recompile pc=0x0000000002bd4524 method=java.util.HashMap.putVal(ILjava/lang/Object;Ljava/lang/Object;ZZ)Ljava/lang/Object; @ 56

Internal exceptions (8 events):
Event: 0.043 Thread 0x000000000221f800 Exception <a 'java/lang/NoSuchMethodError': Method sun.misc.Unsafe.defineClass(Ljava/lang/String;[BII)Ljava/lang/Class; name or signature does not match> (0x00000000eab0c6b0) thrown at [D:\re\workspace\8-2-build-windows-amd64-cygwin\jdk8u20\1074\hotspot\srçÄ$övå¥?
Event: 0.043 Thread 0x000000000221f800 Exception <a 'java/lang/NoSuchMethodError': Method sun.misc.Unsafe.prefetchRead(Ljava/lang/Object;J)V name or signature does not match> (0x00000000eab0c940) thrown at [D:\re\workspace\8-2-build-windows-amd64-cygwin\jdk8u20\1074\hotspot\src\share\vm\prims\jMXK¸Nû?
Event: 1.707 Thread 0x000000000221f800 Exception <a 'java/security/PrivilegedActionException'> (0x00000000eb954ad0) thrown at [D:\re\workspace\8-2-build-windows-amd64-cygwin\jdk8u20\1074\hotspot\src\share\vm\prims\jvm.cpp, line 1275]
Event: 1.707 Thread 0x000000000221f800 Exception <a 'java/security/PrivilegedActionException'> (0x00000000eb954e18) thrown at [D:\re\workspace\8-2-build-windows-amd64-cygwin\jdk8u20\1074\hotspot\src\share\vm\prims\jvm.cpp, line 1275]
Event: 1.707 Thread 0x000000000221f800 Exception <a 'java/security/PrivilegedActionException'> (0x00000000eb958c30) thrown at [D:\re\workspace\8-2-build-windows-amd64-cygwin\jdk8u20\1074\hotspot\src\share\vm\prims\jvm.cpp, line 1275]
Event: 1.707 Thread 0x000000000221f800 Exception <a 'java/security/PrivilegedActionException'> (0x00000000eb958f78) thrown at [D:\re\workspace\8-2-build-windows-amd64-cygwin\jdk8u20\1074\hotspot\src\share\vm\prims\jvm.cpp, line 1275]
Event: 1.721 Thread 0x000000000221f800 Exception <a 'java/security/PrivilegedActionException'> (0x00000000eb96ba10) thrown at [D:\re\workspace\8-2-build-windows-amd64-cygwin\jdk8u20\1074\hotspot\src\share\vm\prims\jvm.cpp, line 1275]
Event: 1.722 Thread 0x000000000221f800 Exception <a 'java/security/PrivilegedActionException'> (0x00000000eb96d8c0) thrown at [D:\re\workspace\8-2-build-windows-amd64-cygwin\jdk8u20\1074\hotspot\src\share\vm\prims\jvm.cpp, line 1275]

Events (10 events):
Event: 1.726 loading class java/util/Formatter$Conversion
Event: 1.726 loading class java/util/Formatter$Conversion done
Event: 1.727 loading class sun/misc/FormattedFloatingDecimal$Form
Event: 1.727 loading class sun/misc/FormattedFloatingDecimal$Form done
Event: 1.727 loading class sun/misc/FormattedFloatingDecimal
Event: 1.728 loading class sun/misc/FormattedFloatingDecimal done
Event: 1.728 loading class sun/misc/FormattedFloatingDecimal$1
Event: 1.728 loading class sun/misc/FormattedFloatingDecimal$1 done
Event: 1.728 loading class sun/misc/FormattedFloatingDecimal$2
Event: 1.728 loading class sun/misc/FormattedFloatingDecimal$2 done


Dynamic libraries:
0x000000013f5f0000 - 0x000000013f624000 	C:\PROGRA~3\Oracle\Java\javapath\java.exe
0x0000000076e90000 - 0x0000000077039000 	C:\Windows\SYSTEM32\ntdll.dll
0x0000000076c70000 - 0x0000000076d8f000 	C:\Windows\system32\kernel32.dll
0x000007fefcf90000 - 0x000007fefcffc000 	C:\Windows\system32\KERNELBASE.dll
0x000007fefd220000 - 0x000007fefd2fb000 	C:\Windows\system32\ADVAPI32.dll
0x000007fefe6a0000 - 0x000007fefe73f000 	C:\Windows\system32\msvcrt.dll
0x000007fefd300000 - 0x000007fefd31f000 	C:\Windows\SYSTEM32\sechost.dll
0x000007fefd320000 - 0x000007fefd44d000 	C:\Windows\system32\RPCRT4.dll
0x0000000076d90000 - 0x0000000076e8a000 	C:\Windows\system32\USER32.dll
0x000007fefea40000 - 0x000007fefeaa7000 	C:\Windows\system32\GDI32.dll
0x000007fefe690000 - 0x000007fefe69e000 	C:\Windows\system32\LPK.dll
0x000007fefd7b0000 - 0x000007fefd879000 	C:\Windows\system32\USP10.dll
0x000007fefb520000 - 0x000007fefb714000 	C:\Windows\WinSxS\amd64_microsoft.windows.common-controls_6595b64144ccf1df_6.0.7601.17514_none_fa396087175ac9ac\COMCTL32.dll
0x000007fefd540000 - 0x000007fefd5b1000 	C:\Windows\system32\SHLWAPI.dll
0x000007fefea10000 - 0x000007fefea3e000 	C:\Windows\system32\IMM32.DLL
0x000007fefd6a0000 - 0x000007fefd7a9000 	C:\Windows\system32\MSCTF.dll
0x000000006bda0000 - 0x000000006be72000 	C:\Program Files\Java\jre1.8.0_20\bin\msvcr100.dll
0x00000000674a0000 - 0x0000000067cf8000 	C:\Program Files\Java\jre1.8.0_20\bin\server\jvm.dll
0x000007feed760000 - 0x000007feed769000 	C:\Windows\system32\WSOCK32.dll
0x000007fefd4f0000 - 0x000007fefd53d000 	C:\Windows\system32\WS2_32.dll
0x000007fefead0000 - 0x000007fefead8000 	C:\Windows\system32\NSI.dll
0x000007fefa2b0000 - 0x000007fefa2eb000 	C:\Windows\system32\WINMM.dll
0x0000000077060000 - 0x0000000077067000 	C:\Windows\system32\PSAPI.DLL
0x0000000072000000 - 0x000000007200f000 	C:\Program Files\Java\jre1.8.0_20\bin\verify.dll
0x000000006f200000 - 0x000000006f228000 	C:\Program Files\Java\jre1.8.0_20\bin\java.dll
0x000000006f1e0000 - 0x000000006f1f6000 	C:\Program Files\Java\jre1.8.0_20\bin\zip.dll
0x000007fefd900000 - 0x000007fefe688000 	C:\Windows\system32\SHELL32.dll
0x000007fefd010000 - 0x000007fefd213000 	C:\Windows\system32\ole32.dll
0x000007fefcc60000 - 0x000007fefcc6f000 	C:\Windows\system32\profapi.dll
0x000007feec210000 - 0x000007feec335000 	C:\Windows\system32\dbghelp.dll

VM Arguments:
jvm_args: -Xmx1024M -Xss1m -Djava.ext.dirs=Z:\android\sdk\build-tools\android-4.4W\lib 
java_command: Z:\android\sdk\build-tools\android-4.4W\lib\dx.jar --dex --no-optimize --output Z:\android\androidstudio\projects\What2wear\app\build\intermediates\dex\debug Z:\android\androidstudio\projects\What2wear\app\build\intermediates\classes\debug Z:\android\androidstudio\projects\What2wear\app\build\intermediates\pre-dexed\debug\support-annotations-21.0.0-90ee3d5cc0513648aefcaf5dbdea7755d65409c0.jar Z:\android\androidstudio\projects\What2wear\app\build\intermediates\pre-dexed\debug\internal_impl-21.0.0-c744c19604898ed8af0652457797b33e0301ccac.jar Z:\android\androidstudio\projects\What2wear\app\build\intermediates\pre-dexed\debug\classes-b456df8b416a36a51c603fe04ccfa3ccb5bda133.jar Z:\android\androidstudio\projects\What2wear\app\build\intermediates\pre-dexed\debug\classes-f615b4f6edb6c5c65030e5493a0f09aa135c71c7.jar
java_class_path (initial): Z:\android\sdk\build-tools\android-4.4W\lib\dx.jar
Launcher Type: SUN_STANDARD

Environment Variables:
PATH=C:\ProgramData\Oracle\Java\javapath;C:\Program Files\Common Files\Microsoft Shared\Windows Live;C:\Program Files (x86)\Common Files\Microsoft Shared\Windows Live;C:\Program Files (x86)\NVIDIA Corporation\PhysX\Common;C:\Windows\system32;C:\Windows;C:\Windows\System32\Wbem;C:\Windows\System32\WindowsPowerShell\v1.0\;D:\quicktime\QTSystem\;C:\Program Files (x86)\Windows Live\Shared;Z:\node\;C:\Program Files (x86)\Java\jdk1.7.0_21\bin;C:\Users\Solid Choice\AppData\Roaming\npm
USERNAME=Solid Choice
OS=Windows_NT
PROCESSOR_IDENTIFIER=Intel64 Family 6 Model 15 Stepping 11, GenuineIntel



---------------  S Y S T E M  ---------------

OS: Windows 7 , 64 bit Build 7601 Service Pack 1

CPU:total 4 (4 cores per cpu, 1 threads per core) family 6 model 15 stepping 11, cmov, cx8, fxsr, mmx, sse, sse2, sse3, ssse3, tsc

Memory: 4k page, physical 4192808k(1101712k free), swap 8383756k(3824912k free)

vm_info: Java HotSpot(TM) 64-Bit Server VM (25.20-b23) for windows-amd64 JRE (1.8.0_20-b26), built on Jul 30 2014 13:51:23 by "java_re" with MS VC++ 10.0 (VS2010)

time: Mon Jan 19 18:20:30 2015
elapsed time: 2 seconds (0d 0h 0m 2s)

