#
# A fatal error has been detected by the Java Runtime Environment:
#
#  EXCEPTION_ACCESS_VIOLATION (0xc0000005) at pc=0xffffffffa3705120, pid=4872, tid=4284
#
# JRE version: Java(TM) SE Runtime Environment (8.0_20-b26) (build 1.8.0_20-b26)
# Java VM: Java HotSpot(TM) 64-Bit Server VM (25.20-b23 mixed mode windows-amd64 compressed oops)
# Problematic frame:
# C  0xffffffffa3705120
#
# Failed to write core dump. Minidumps are not enabled by default on client versions of Windows
#
# If you would like to submit a bug report, please visit:
#   http://bugreport.sun.com/bugreport/crash.jsp
#

---------------  T H R E A D  ---------------

Current thread (0x00000000003ef800):  JavaThread "main" [_thread_in_Java, id=4284, stack(0x0000000002330000,0x0000000002430000)]

siginfo: ExceptionCode=0xc0000005, ExceptionInformation=0x0000000000000008 0xffffffffa3705120

Registers:
RAX=0x0000000054790358, RBX=0x0000000054790358, RCX=0x00000000547a31f0, RDX=0x0000000000000061
RSP=0x000000000242eb88, RBP=0x000000000242ec20, RSI=0x0000000000000061, RDI=0x0000000000000070
R8 =0x0000000000000064, R9 =0x0000000000000001, R10=0x0000000068674230, R11=0x0000000002824cc0
R12=0x0000000000000000, R13=0x000000000242ebd8, R14=0x000000000242eca0, R15=0x00000000003ef800
RIP=0xffffffffa3705120, EFLAGS=0x0000000000010202

Top of Stack: (sp=0x000000000242eb88)
0x000000000242eb88:   0000000002824d24 000000005487fc44
0x000000000242eb98:   000000000242ebd8 0000000054882550
0x000000000242eba8:   0000000000000000 0000000000000061
0x000000000242ebb8:   0000000000000000 000000000242ec20
0x000000000242ebc8:   0000000002707450 0000000002707450
0x000000000242ebd8:   0000000000000061 000000000242ebe0
0x000000000242ebe8:   00000000547163bb 000000000242eca0
0x000000000242ebf8:   00000000547a31f0 00000000549b7598
0x000000000242ec08:   0000000054716480 000000000242ebd8
0x000000000242ec18:   000000000242ec98 000000000242ecf0
0x000000000242ec28:   0000000002707790 0000000000000000
0x000000000242ec38:   0000000000000000 0000000000000005
0x000000000242ec48:   0000000000000001 0000000000000061
0x000000000242ec58:   0000000000000064 0000000000000000
0x000000000242ec68:   0000000000000000 00000000ecd885e8
0x000000000242ec78:   0000000000000000 00000000eb047d88 

Instructions: (pc=0xffffffffa3705120)
0xffffffffa3705100:   
[error occurred during error reporting (printing registers, top of stack, instructions near pc), id 0xc0000005]

Register to memory mapping:

RAX={method} {0x0000000054790360} 'toLowerCase' '(I)I' in 'java/lang/Character'
RBX={method} {0x0000000054790360} 'toLowerCase' '(I)I' in 'java/lang/Character'
RCX=0x00000000547a31f0 is pointing into metadata
RDX=0x0000000000000061 is an unknown value
RSP=0x000000000242eb88 is pointing into the stack for thread: 0x00000000003ef800
RBP=0x000000000242ec20 is pointing into the stack for thread: 0x00000000003ef800
RSI=0x0000000000000061 is an unknown value
RDI=0x0000000000000070 is an unknown value
R8 =0x0000000000000064 is an unknown value
R9 =0x0000000000000001 is an unknown value
R10=0x0000000068674230 is an unknown value
R11=0x0000000002824cc0 is at entry_point+0 in (nmethod*)0x0000000002824b50
R12=0x0000000000000000 is an unknown value
R13=0x000000000242ebd8 is pointing into the stack for thread: 0x00000000003ef800
R14=0x000000000242eca0 is pointing into the stack for thread: 0x00000000003ef800
R15=0x00000000003ef800 is a thread


Stack: [0x0000000002330000,0x0000000002430000],  sp=0x000000000242eb88,  free space=1018k
Native frames: (J=compiled Java code, j=interpreted, Vv=VM code, C=native code)
C  0xffffffffa3705120


---------------  P R O C E S S  ---------------

Java Threads: ( => current thread )
  0x0000000056a3a000 JavaThread "Service Thread" daemon [_thread_blocked, id=4540, stack(0x0000000056230000,0x0000000056330000)]
  0x00000000569d1800 JavaThread "C1 CompilerThread2" daemon [_thread_blocked, id=3576, stack(0x0000000057110000,0x0000000057210000)]
  0x00000000569d0800 JavaThread "C2 CompilerThread1" daemon [_thread_blocked, id=4904, stack(0x0000000056e90000,0x0000000056f90000)]
  0x0000000055108000 JavaThread "C2 CompilerThread0" daemon [_thread_blocked, id=2324, stack(0x00000000568d0000,0x00000000569d0000)]
  0x0000000055107000 JavaThread "Attach Listener" daemon [_thread_blocked, id=4824, stack(0x0000000056740000,0x0000000056840000)]
  0x0000000055106000 JavaThread "Signal Dispatcher" daemon [_thread_blocked, id=4548, stack(0x00000000565c0000,0x00000000566c0000)]
  0x00000000550a5800 JavaThread "Finalizer" daemon [_thread_blocked, id=2308, stack(0x0000000056490000,0x0000000056590000)]
  0x000000005509d000 JavaThread "Reference Handler" daemon [_thread_blocked, id=1404, stack(0x0000000056340000,0x0000000056440000)]
=>0x00000000003ef800 JavaThread "main" [_thread_in_Java, id=4284, stack(0x0000000002330000,0x0000000002430000)]

Other Threads:
  0x0000000055099000 VMThread [stack: 0x0000000056120000,0x0000000056220000] [id=1600]
  0x0000000056a43000 WatcherThread [stack: 0x0000000056000000,0x0000000056100000] [id=4312]

VM state:not at safepoint (normal execution)

VM Mutex/Monitor currently owned by a thread: None

Heap:
 PSYoungGen      total 35328K, used 8578K [0x00000000eab00000, 0x00000000ed000000, 0x0000000100000000)
  eden space 32768K, 18% used [0x00000000eab00000,0x00000000eb0e5908,0x00000000ecb00000)
  from space 2560K, 99% used [0x00000000ecd80000,0x00000000ecffaf18,0x00000000ed000000)
  to   space 2560K, 0% used [0x00000000ecb00000,0x00000000ecb00000,0x00000000ecd80000)
 ParOldGen       total 44032K, used 6933K [0x00000000c0000000, 0x00000000c2b00000, 0x00000000eab00000)
  object space 44032K, 15% used [0x00000000c0000000,0x00000000c06c55d8,0x00000000c2b00000)
 Metaspace       used 5493K, capacity 6768K, committed 7040K, reserved 1056768K
  class space    used 586K, capacity 616K, committed 640K, reserved 1048576K

Card table byte_map: [0x0000000011ac0000,0x0000000011cd0000] byte_map_base: 0x00000000114c0000

Marking Bits: (ParMarkBitMap*) 0x000000006868b460
 Begin Bits: [0x0000000012510000, 0x0000000013510000)
 End Bits:   [0x0000000013510000, 0x0000000014510000)

Polling page: 0x0000000000230000

CodeCache: size=245760Kb used=4178Kb max_used=4191Kb free=241581Kb
 bounds [0x0000000002700000, 0x0000000002b20000, 0x0000000011700000]
 total_blobs=1457 nmethods=1191 adapters=181
 compilation: enabled

Compilation events (10 events):
Event: 0.788 Thread 0x00000000569d1800 nmethod 1186 0x0000000002b127d0 code [0x0000000002b12940, 0x0000000002b12b78]
Event: 0.788 Thread 0x00000000569d1800 1187       3       java.lang.CharacterDataLatin1::toUpperCaseEx (71 bytes)
Event: 0.788 Thread 0x00000000569d0800 1189       4       java.lang.CharacterData::of (120 bytes)
Event: 0.788 Thread 0x00000000569d1800 nmethod 1187 0x0000000002b12190 code [0x0000000002b12300, 0x0000000002b125b0]
Event: 0.788 Thread 0x00000000569d1800 1190       1       java.util.HashMap$Node::getValue (5 bytes)
Event: 0.788 Thread 0x00000000569d1800 nmethod 1190 0x0000000002b15c90 code [0x0000000002b15de0, 0x0000000002b15ef0]
Event: 0.789 Thread 0x00000000569d1800 1192       1       sun.util.locale.BaseLocale::getLanguage (5 bytes)
Event: 0.789 Thread 0x00000000569d1800 nmethod 1192 0x0000000002b16d50 code [0x0000000002b16ea0, 0x0000000002b16fb0]
Event: 0.789 Thread 0x00000000569d0800 nmethod 1189 0x0000000002b17010 code [0x0000000002b17220, 0x0000000002b172d8]
Event: 0.789 Thread 0x00000000569d0800 1191       4       java.lang.String::indexOf (166 bytes)

GC Heap History (4 events):
Event: 0.611 GC heap before
{Heap before GC invocations=1 (full 0):
 PSYoungGen      total 18944K, used 16377K [0x00000000eab00000, 0x00000000ec000000, 0x0000000100000000)
  eden space 16384K, 99% used [0x00000000eab00000,0x00000000ebafe668,0x00000000ebb00000)
  from space 2560K, 0% used [0x00000000ebd80000,0x00000000ebd80000,0x00000000ec000000)
  to   space 2560K, 0% used [0x00000000ebb00000,0x00000000ebb00000,0x00000000ebd80000)
 ParOldGen       total 44032K, used 0K [0x00000000c0000000, 0x00000000c2b00000, 0x00000000eab00000)
  object space 44032K, 0% used [0x00000000c0000000,0x00000000c0000000,0x00000000c2b00000)
 Metaspace       used 4965K, capacity 6512K, committed 6784K, reserved 1056768K
  class space    used 532K, capacity 616K, committed 640K, reserved 1048576K
Event: 0.621 GC heap after
Heap after GC invocations=1 (full 0):
 PSYoungGen      total 18944K, used 2544K [0x00000000eab00000, 0x00000000ed000000, 0x0000000100000000)
  eden space 16384K, 0% used [0x00000000eab00000,0x00000000eab00000,0x00000000ebb00000)
  from space 2560K, 99% used [0x00000000ebb00000,0x00000000ebd7c048,0x00000000ebd80000)
  to   space 2560K, 0% used [0x00000000ecd80000,0x00000000ecd80000,0x00000000ed000000)
 ParOldGen       total 44032K, used 1277K [0x00000000c0000000, 0x00000000c2b00000, 0x00000000eab00000)
  object space 44032K, 2% used [0x00000000c0000000,0x00000000c013f5a8,0x00000000c2b00000)
 Metaspace       used 4965K, capacity 6512K, committed 6784K, reserved 1056768K
  class space    used 532K, capacity 616K, committed 640K, reserved 1048576K
}
Event: 0.667 GC heap before
{Heap before GC invocations=2 (full 0):
 PSYoungGen      total 18944K, used 16288K [0x00000000eab00000, 0x00000000ed000000, 0x0000000100000000)
  eden space 16384K, 83% used [0x00000000eab00000,0x00000000eb86c1c0,0x00000000ebb00000)
  from space 2560K, 99% used [0x00000000ebb00000,0x00000000ebd7c048,0x00000000ebd80000)
  to   space 2560K, 0% used [0x00000000ecd80000,0x00000000ecd80000,0x00000000ed000000)
 ParOldGen       total 44032K, used 1277K [0x00000000c0000000, 0x00000000c2b00000, 0x00000000eab00000)
  object space 44032K, 2% used [0x00000000c0000000,0x00000000c013f5a8,0x00000000c2b00000)
 Metaspace       used 4982K, capacity 6512K, committed 6784K, reserved 1056768K
  class space    used 533K, capacity 616K, committed 640K, reserved 1048576K
Event: 0.696 GC heap after
Heap after GC invocations=2 (full 0):
 PSYoungGen      total 35328K, used 2539K [0x00000000eab00000, 0x00000000ed000000, 0x0000000100000000)
  eden space 32768K, 0% used [0x00000000eab00000,0x00000000eab00000,0x00000000ecb00000)
  from space 2560K, 99% used [0x00000000ecd80000,0x00000000ecffaf18,0x00000000ed000000)
  to   space 2560K, 0% used [0x00000000ecb00000,0x00000000ecb00000,0x00000000ecd80000)
 ParOldGen       total 44032K, used 6933K [0x00000000c0000000, 0x00000000c2b00000, 0x00000000eab00000)
  object space 44032K, 15% used [0x00000000c0000000,0x00000000c06c55d8,0x00000000c2b00000)
 Metaspace       used 4982K, capacity 6512K, committed 6784K, reserved 1056768K
  class space    used 533K, capacity 616K, committed 640K, reserved 1048576K
}

Deoptimization events (10 events):
Event: 0.747 Thread 0x00000000003ef800 Uncommon trap: reason=class_check action=maybe_recompile pc=0x0000000002a0e4c8 method=java.util.Arrays.equals([Ljava/lang/Object;[Ljava/lang/Object;)Z @ 62
Event: 0.747 Thread 0x00000000003ef800 Uncommon trap: reason=speculate_class_check action=maybe_recompile pc=0x0000000002a22980 method=com.android.dx.util.FixedSizeList.equals(Ljava/lang/Object;)Z @ 25
Event: 0.747 Thread 0x00000000003ef800 Uncommon trap: reason=class_check action=maybe_recompile pc=0x0000000002a0e4c8 method=java.util.Arrays.equals([Ljava/lang/Object;[Ljava/lang/Object;)Z @ 62
Event: 0.747 Thread 0x00000000003ef800 Uncommon trap: reason=speculate_class_check action=maybe_recompile pc=0x0000000002a22980 method=com.android.dx.util.FixedSizeList.equals(Ljava/lang/Object;)Z @ 25
Event: 0.747 Thread 0x00000000003ef800 Uncommon trap: reason=class_check action=maybe_recompile pc=0x0000000002a0e4c8 method=java.util.Arrays.equals([Ljava/lang/Object;[Ljava/lang/Object;)Z @ 62
Event: 0.784 Thread 0x00000000003ef800 Uncommon trap: reason=unreached action=reinterpret pc=0x00000000029f4634 method=java.util.Arrays.copyOf([Ljava/lang/Object;ILjava/lang/Class;)[Ljava/lang/Object; @ 3
Event: 0.786 Thread 0x00000000003ef800 Uncommon trap: reason=class_check action=maybe_recompile pc=0x0000000002abea84 method=java.util.HashMap.putVal(ILjava/lang/Object;Ljava/lang/Object;ZZ)Ljava/lang/Object; @ 56
Event: 0.786 Thread 0x00000000003ef800 Uncommon trap: reason=class_check action=maybe_recompile pc=0x0000000002abeaec method=java.util.HashMap.putVal(ILjava/lang/Object;Ljava/lang/Object;ZZ)Ljava/lang/Object; @ 152
Event: 0.786 Thread 0x00000000003ef800 Uncommon trap: reason=class_check action=maybe_recompile pc=0x0000000002abea84 method=java.util.HashMap.putVal(ILjava/lang/Object;Ljava/lang/Object;ZZ)Ljava/lang/Object; @ 56
Event: 0.786 Thread 0x00000000003ef800 Uncommon trap: reason=class_check action=maybe_recompile pc=0x0000000002abea84 method=java.util.HashMap.putVal(ILjava/lang/Object;Ljava/lang/Object;ZZ)Ljava/lang/Object; @ 56

Internal exceptions (2 events):
Event: 0.036 Thread 0x00000000003ef800 Exception <a 'java/lang/NoSuchMethodError': Method sun.misc.Unsafe.defineClass(Ljava/lang/String;[BII)Ljava/lang/Class; name or signature does not match> (0x00000000eab0ca50) thrown at [D:\re\workspace\8-2-build-windows-amd64-cygwin\jdk8u20\1074\hotspot\srû¡Ò*ï«¢?
Event: 0.036 Thread 0x00000000003ef800 Exception <a 'java/lang/NoSuchMethodError': Method sun.misc.Unsafe.prefetchRead(Ljava/lang/Object;J)V name or signature does not match> (0x00000000eab0cce0) thrown at [D:\re\workspace\8-2-build-windows-amd64-cygwin\jdk8u20\1074\hotspot\src\share\vm\prims\j

Events (10 events):
Event: 0.786 loading class java/util/LinkedHashMap$LinkedEntrySet
Event: 0.787 loading class java/util/LinkedHashMap$LinkedEntrySet done
Event: 0.787 loading class java/util/LinkedHashMap$LinkedEntryIterator
Event: 0.787 loading class java/util/LinkedHashMap$LinkedHashIterator
Event: 0.787 loading class java/util/LinkedHashMap$LinkedHashIterator done
Event: 0.787 loading class java/util/LinkedHashMap$LinkedEntryIterator done
Event: 0.787 loading class java/security/Provider$Service
Event: 0.787 loading class java/security/Provider$Service done
Event: 0.787 loading class java/security/Provider$UString
Event: 0.787 loading class java/security/Provider$UString done


Dynamic libraries:
0x000000013f310000 - 0x000000013f344000 	C:\PROGRA~3\Oracle\Java\javapath\java.exe
0x0000000076de0000 - 0x0000000076f89000 	C:\Windows\SYSTEM32\ntdll.dll
0x0000000076bc0000 - 0x0000000076cdf000 	C:\Windows\system32\kernel32.dll
0x000007fefcec0000 - 0x000007fefcf2c000 	C:\Windows\system32\KERNELBASE.dll
0x000007fefe970000 - 0x000007fefea4b000 	C:\Windows\system32\ADVAPI32.dll
0x000007fefd140000 - 0x000007fefd1df000 	C:\Windows\system32\msvcrt.dll
0x000007fefedd0000 - 0x000007fefedef000 	C:\Windows\SYSTEM32\sechost.dll
0x000007fefe760000 - 0x000007fefe88d000 	C:\Windows\system32\RPCRT4.dll
0x0000000076ce0000 - 0x0000000076dda000 	C:\Windows\system32\USER32.dll
0x000007fefd0d0000 - 0x000007fefd137000 	C:\Windows\system32\GDI32.dll
0x000007fefec70000 - 0x000007fefec7e000 	C:\Windows\system32\LPK.dll
0x000007fefed00000 - 0x000007fefedc9000 	C:\Windows\system32\USP10.dll
0x000007fefb470000 - 0x000007fefb664000 	C:\Windows\WinSxS\amd64_microsoft.windows.common-controls_6595b64144ccf1df_6.0.7601.17514_none_fa396087175ac9ac\COMCTL32.dll
0x000007fefec80000 - 0x000007fefecf1000 	C:\Windows\system32\SHLWAPI.dll
0x000007feff060000 - 0x000007feff08e000 	C:\Windows\system32\IMM32.DLL
0x000007fefe650000 - 0x000007fefe759000 	C:\Windows\system32\MSCTF.dll
0x0000000069780000 - 0x0000000069852000 	C:\Program Files\Java\jre1.8.0_20\bin\msvcr100.dll
0x0000000067eb0000 - 0x0000000068708000 	C:\Program Files\Java\jre1.8.0_20\bin\server\jvm.dll
0x000007fef4240000 - 0x000007fef4249000 	C:\Windows\system32\WSOCK32.dll
0x000007fefcfe0000 - 0x000007fefd02d000 	C:\Windows\system32\WS2_32.dll
0x000007fefec60000 - 0x000007fefec68000 	C:\Windows\system32\NSI.dll
0x000007fef96d0000 - 0x000007fef970b000 	C:\Windows\system32\WINMM.dll
0x0000000076fb0000 - 0x0000000076fb7000 	C:\Windows\system32\PSAPI.DLL
0x0000000069770000 - 0x000000006977f000 	C:\Program Files\Java\jre1.8.0_20\bin\verify.dll
0x0000000069740000 - 0x0000000069768000 	C:\Program Files\Java\jre1.8.0_20\bin\java.dll
0x0000000069720000 - 0x0000000069736000 	C:\Program Files\Java\jre1.8.0_20\bin\zip.dll
0x000007fefd820000 - 0x000007fefe5a8000 	C:\Windows\system32\SHELL32.dll
0x000007fefea50000 - 0x000007fefec53000 	C:\Windows\system32\ole32.dll
0x000007fefcbb0000 - 0x000007fefcbbf000 	C:\Windows\system32\profapi.dll
0x000007feec070000 - 0x000007feec195000 	C:\Windows\system32\dbghelp.dll

VM Arguments:
jvm_args: -Xmx1024M -Xss1m -Djava.ext.dirs=Z:\android\sdk\build-tools\android-4.4W\lib 
java_command: Z:\android\sdk\build-tools\android-4.4W\lib\dx.jar --dex --output Z:\android\androidstudio\projects\What2wear\app\build\intermediates\dex\debug Z:\android\androidstudio\projects\What2wear\app\build\intermediates\classes\debug Z:\android\androidstudio\projects\What2wear\app\build\intermediates\dependency-cache\debug Z:\android\androidstudio\projects\What2wear\app\build\intermediates\pre-dexed\debug\classes-b456df8b416a36a51c603fe04ccfa3ccb5bda133.jar Z:\android\androidstudio\projects\What2wear\app\build\intermediates\pre-dexed\debug\classes-f615b4f6edb6c5c65030e5493a0f09aa135c71c7.jar Z:\android\androidstudio\projects\What2wear\app\build\intermediates\pre-dexed\debug\internal_impl-21.0.0-c744c19604898ed8af0652457797b33e0301ccac.jar Z:\android\androidstudio\projects\What2wear\app\build\intermediates\pre-dexed\debug\support-annotations-21.0.0-90ee3d5cc0513648aefcaf5dbdea7755d65409c0.jar
java_class_path (initial): Z:\android\sdk\build-tools\android-4.4W\lib\dx.jar
Launcher Type: SUN_STANDARD

Environment Variables:
PATH=C:\ProgramData\Oracle\Java\javapath;C:\Program Files\Common Files\Microsoft Shared\Windows Live;C:\Program Files (x86)\Common Files\Microsoft Shared\Windows Live;C:\Program Files (x86)\NVIDIA Corporation\PhysX\Common;C:\Windows\system32;C:\Windows;C:\Windows\System32\Wbem;C:\Windows\System32\WindowsPowerShell\v1.0\;D:\quicktime\QTSystem\;C:\Program Files (x86)\Windows Live\Shared;Z:\node\;C:\Program Files (x86)\Java\jdk1.7.0_21\bin;C:\Users\Solid Choice\AppData\Roaming\npm
USERNAME=Solid Choice
OS=Windows_NT
PROCESSOR_IDENTIFIER=Intel64 Family 6 Model 15 Stepping 11, GenuineIntel



---------------  S Y S T E M  ---------------

OS: Windows 7 , 64 bit Build 7601 Service Pack 1

CPU:total 4 (4 cores per cpu, 1 threads per core) family 6 model 15 stepping 11, cmov, cx8, fxsr, mmx, sse, sse2, sse3, ssse3, tsc

Memory: 4k page, physical 4192808k(730016k free), swap 8560072k(1516984k free)

vm_info: Java HotSpot(TM) 64-Bit Server VM (25.20-b23) for windows-amd64 JRE (1.8.0_20-b26), built on Jul 30 2014 13:51:23 by "java_re" with MS VC++ 10.0 (VS2010)

time: Sat Dec 27 14:00:53 2014
elapsed time: 1 seconds (0d 0h 0m 1s)

