#
# A fatal error has been detected by the Java Runtime Environment:
#
#  EXCEPTION_ACCESS_VIOLATION (0xc0000005) at pc=0xffffffffa37d5120, pid=4168, tid=5864
#
# JRE version: Java(TM) SE Runtime Environment (8.0_20-b26) (build 1.8.0_20-b26)
# Java VM: Java HotSpot(TM) 64-Bit Server VM (25.20-b23 mixed mode windows-amd64 compressed oops)
# Problematic frame:
# C  0xffffffffa37d5120
#
# Failed to write core dump. Minidumps are not enabled by default on client versions of Windows
#
# If you would like to submit a bug report, please visit:
#   http://bugreport.sun.com/bugreport/crash.jsp
#

---------------  T H R E A D  ---------------

Current thread (0x000000000028f000):  JavaThread "main" [_thread_in_Java, id=5864, stack(0x0000000002400000,0x0000000002500000)]

siginfo: ExceptionCode=0xc0000005, ExceptionInformation=0x0000000000000008 0xffffffffa37d5120

Registers:
RAX=0x00000000ec378ac8, RBX=0x00000000c23aba28, RCX=0x00000000ec34f730, RDX=0x00000000ec378ac8
RSP=0x00000000024fe5a8, RBP=0x00000000ec378ac8, RSI=0x0000000000000000, RDI=0x0000000000000000
R8 =0x0000000000000000, R9 =0x00000000c23aba00, R10=0x0000000000761bc5, R11=0x0000000011590000
R12=0x0000000000000000, R13=0x00000000ec3789d0, R14=0x0000000000000000, R15=0x000000000028f000
RIP=0xffffffffa37d5120, EFLAGS=0x0000000000010202

Top of Stack: (sp=0x00000000024fe5a8)
0x00000000024fe5a8:   0000000002aaf020 00000000ffffffff
0x00000000024fe5b8:   00000000ec378a68 0000000000000002
0x00000000024fe5c8:   00000000027d5410 0000000000000007
0x00000000024fe5d8:   0000000000000000 0000000000000001
0x00000000024fe5e8:   00000000ec378970 00000000c005cc38
0x00000000024fe5f8:   000000000028f000 0000000000000011
0x00000000024fe608:   0000000054d4ffb8 00000000ec3789d0
0x00000000024fe618:   0000000002b77278 0000000000000001
0x00000000024fe628:   0000000054d50014 00000000024fe718
0x00000000024fe638:   000000006166d565 00000000c2545658
0x00000000024fe648:   ffffffff00000004 0000000000000000
0x00000000024fe658:   00000000c2546e90 00000002c2547430
0x00000000024fe668:   00000002ebffde78 00000000c25455a8
0x00000000024fe678:   0000000000002801 00000000ebffe0a0
0x00000000024fe688:   00000000c2543d58 00000000ebffde78
0x00000000024fe698:   00000000000000a0 00000000024fe718 

Instructions: (pc=0xffffffffa37d5120)
0xffffffffa37d5100:   
[error occurred during error reporting (printing registers, top of stack, instructions near pc), id 0xc0000005]

Register to memory mapping:

RAX=0x00000000ec378ac8 is an oop
com.android.dx.rop.code.RegisterSpec 
 - klass: 'com/android/dx/rop/code/RegisterSpec'
RBX=0x00000000c23aba28 is an oop
java.lang.String 
 - klass: 'java/lang/String'
RCX=0x00000000ec34f730 is an oop
[Ljava.util.HashMap$Node; 
 - klass: 'java/util/HashMap$Node'[]
 - length: 16384
RDX=0x00000000ec378ac8 is an oop
com.android.dx.rop.code.RegisterSpec 
 - klass: 'com/android/dx/rop/code/RegisterSpec'
RSP=0x00000000024fe5a8 is pointing into the stack for thread: 0x000000000028f000
RBP=0x00000000ec378ac8 is an oop
com.android.dx.rop.code.RegisterSpec 
 - klass: 'com/android/dx/rop/code/RegisterSpec'
RSI=0x0000000000000000 is an unknown value
RDI=0x0000000000000000 is an unknown value
R8 =0x0000000000000000 is an unknown value
R9 =0x00000000c23aba00 is an oop
com.android.dx.rop.type.Type 
 - klass: 'com/android/dx/rop/type/Type'
R10=0x0000000000761bc5 is an unknown value
R11=0x0000000011590000 is an unknown value
R12=0x0000000000000000 is an unknown value
R13=0x00000000ec3789d0 is an oop
com.android.dx.ssa.SsaRenamer$BlockRenamer 
 - klass: 'com/android/dx/ssa/SsaRenamer$BlockRenamer'
R14=0x0000000000000000 is an unknown value
R15=0x000000000028f000 is a thread


Stack: [0x0000000002400000,0x0000000002500000],  sp=0x00000000024fe5a8,  free space=1017k
Native frames: (J=compiled Java code, j=interpreted, Vv=VM code, C=native code)
C  0xffffffffa37d5120


---------------  P R O C E S S  ---------------

Java Threads: ( => current thread )
  0x0000000056bff800 JavaThread "Service Thread" daemon [_thread_blocked, id=6088, stack(0x0000000057120000,0x0000000057220000)]
  0x000000005528a000 JavaThread "C1 CompilerThread2" daemon [_thread_blocked, id=628, stack(0x0000000056ab0000,0x0000000056bb0000)]
  0x0000000055288800 JavaThread "C2 CompilerThread1" daemon [_thread_blocked, id=4112, stack(0x0000000056890000,0x0000000056990000)]
  0x0000000055284800 JavaThread "C2 CompilerThread0" daemon [_thread_blocked, id=704, stack(0x0000000056790000,0x0000000056890000)]
  0x0000000055283000 JavaThread "Attach Listener" daemon [_thread_blocked, id=5124, stack(0x0000000056640000,0x0000000056740000)]
  0x0000000055282000 JavaThread "Signal Dispatcher" daemon [_thread_blocked, id=5372, stack(0x00000000560d0000,0x00000000561d0000)]
  0x0000000055222000 JavaThread "Finalizer" daemon [_thread_blocked, id=4264, stack(0x0000000056530000,0x0000000056630000)]
  0x0000000055219000 JavaThread "Reference Handler" daemon [_thread_blocked, id=3688, stack(0x0000000056320000,0x0000000056420000)]
=>0x000000000028f000 JavaThread "main" [_thread_in_Java, id=5864, stack(0x0000000002400000,0x0000000002500000)]

Other Threads:
  0x0000000055215000 VMThread [stack: 0x00000000561e0000,0x00000000562e0000] [id=5868]
  0x0000000056c08800 WatcherThread [stack: 0x00000000572c0000,0x00000000573c0000] [id=5528]

VM state:synchronizing (normal execution)

VM Mutex/Monitor currently owned by a thread:  ([mutex/lock_event])
[0x000000000028d3f0] Safepoint_lock - owner thread: 0x0000000055215000
[0x000000000028d470] Threads_lock - owner thread: 0x0000000055215000

Heap:
 PSYoungGen      total 35328K, used 25284K [0x00000000eab00000, 0x00000000ef000000, 0x0000000100000000)
  eden space 32768K, 77% used [0x00000000eab00000,0x00000000ec3b1040,0x00000000ecb00000)
  from space 2560K, 0% used [0x00000000ecb00000,0x00000000ecb00000,0x00000000ecd80000)
  to   space 2560K, 0% used [0x00000000eed80000,0x00000000eed80000,0x00000000ef000000)
 ParOldGen       total 86016K, used 39029K [0x00000000c0000000, 0x00000000c5400000, 0x00000000eab00000)
  object space 86016K, 45% used [0x00000000c0000000,0x00000000c261d480,0x00000000c5400000)
 Metaspace       used 4847K, capacity 6352K, committed 6528K, reserved 1056768K
  class space    used 525K, capacity 584K, committed 640K, reserved 1048576K

Card table byte_map: [0x0000000011b90000,0x0000000011da0000] byte_map_base: 0x0000000011590000

Marking Bits: (ParMarkBitMap*) 0x0000000061d9b460
 Begin Bits: [0x0000000012690000, 0x0000000013690000)
 End Bits:   [0x0000000013690000, 0x0000000014690000)

Polling page: 0x0000000000230000

CodeCache: size=245760Kb used=3724Kb max_used=3735Kb free=242035Kb
 bounds [0x00000000027d0000, 0x0000000002b80000, 0x00000000117d0000]
 total_blobs=1137 nmethods=880 adapters=172
 compilation: enabled

Compilation events (10 events):
Event: 5.627 Thread 0x0000000055288800 nmethod 877 0x0000000002b68310 code [0x0000000002b68460, 0x0000000002b68548]
Event: 5.627 Thread 0x0000000055288800  878       4       com.android.dx.rop.code.RegisterSpec::<init> (48 bytes)
Event: 5.627 Thread 0x0000000055288800 nmethod 878 0x0000000002b68090 code [0x0000000002b681c0, 0x0000000002b68258]
Event: 5.635 Thread 0x0000000055284800 nmethod 874 0x0000000002b6b390 code [0x0000000002b6b560, 0x0000000002b6bd80]
Event: 5.635 Thread 0x0000000055288800  879       4       com.android.dx.rop.code.RegisterSpec::<init> (8 bytes)
Event: 5.635 Thread 0x0000000055284800  880       4       com.android.dx.rop.code.RegisterSpec::hashCode (16 bytes)
Event: 5.636 Thread 0x0000000055288800 nmethod 879 0x0000000002b6b110 code [0x0000000002b6b240, 0x0000000002b6b2d8]
Event: 5.636 Thread 0x0000000055288800  881       4       com.android.dx.rop.code.ThrowingCstInsn::withNewRegisters (25 bytes)
Event: 5.639 Thread 0x0000000055288800 nmethod 881 0x0000000002b6c7d0 code [0x0000000002b6c920, 0x0000000002b6cb38]
Event: 5.639 Thread 0x0000000055284800 nmethod 880 0x0000000002b62550 code [0x0000000002b626a0, 0x0000000002b62898]

GC Heap History (8 events):
Event: 1.736 GC heap before
{Heap before GC invocations=1 (full 0):
 PSYoungGen      total 18944K, used 16384K [0x00000000eab00000, 0x00000000ec000000, 0x0000000100000000)
  eden space 16384K, 100% used [0x00000000eab00000,0x00000000ebb00000,0x00000000ebb00000)
  from space 2560K, 0% used [0x00000000ebd80000,0x00000000ebd80000,0x00000000ec000000)
  to   space 2560K, 0% used [0x00000000ebb00000,0x00000000ebb00000,0x00000000ebd80000)
 ParOldGen       total 44032K, used 0K [0x00000000c0000000, 0x00000000c2b00000, 0x00000000eab00000)
  object space 44032K, 0% used [0x00000000c0000000,0x00000000c0000000,0x00000000c2b00000)
 Metaspace       used 4795K, capacity 6288K, committed 6528K, reserved 1056768K
  class space    used 523K, capacity 584K, committed 640K, reserved 1048576K
Event: 1.783 GC heap after
Heap after GC invocations=1 (full 0):
 PSYoungGen      total 18944K, used 2544K [0x00000000eab00000, 0x00000000ed000000, 0x0000000100000000)
  eden space 16384K, 0% used [0x00000000eab00000,0x00000000eab00000,0x00000000ebb00000)
  from space 2560K, 99% used [0x00000000ebb00000,0x00000000ebd7c128,0x00000000ebd80000)
  to   space 2560K, 0% used [0x00000000ecd80000,0x00000000ecd80000,0x00000000ed000000)
 ParOldGen       total 44032K, used 4936K [0x00000000c0000000, 0x00000000c2b00000, 0x00000000eab00000)
  object space 44032K, 11% used [0x00000000c0000000,0x00000000c04d2358,0x00000000c2b00000)
 Metaspace       used 4795K, capacity 6288K, committed 6528K, reserved 1056768K
  class space    used 523K, capacity 584K, committed 640K, reserved 1048576K
}
Event: 1.829 GC heap before
{Heap before GC invocations=2 (full 0):
 PSYoungGen      total 18944K, used 18928K [0x00000000eab00000, 0x00000000ed000000, 0x0000000100000000)
  eden space 16384K, 100% used [0x00000000eab00000,0x00000000ebb00000,0x00000000ebb00000)
  from space 2560K, 99% used [0x00000000ebb00000,0x00000000ebd7c128,0x00000000ebd80000)
  to   space 2560K, 0% used [0x00000000ecd80000,0x00000000ecd80000,0x00000000ed000000)
 ParOldGen       total 44032K, used 4936K [0x00000000c0000000, 0x00000000c2b00000, 0x00000000eab00000)
  object space 44032K, 11% used [0x00000000c0000000,0x00000000c04d2358,0x00000000c2b00000)
 Metaspace       used 4808K, capacity 6288K, committed 6528K, reserved 1056768K
  class space    used 523K, capacity 584K, committed 640K, reserved 1048576K
Event: 1.979 GC heap after
Heap after GC invocations=2 (full 0):
 PSYoungGen      total 35328K, used 2534K [0x00000000eab00000, 0x00000000ed000000, 0x0000000100000000)
  eden space 32768K, 0% used [0x00000000eab00000,0x00000000eab00000,0x00000000ecb00000)
  from space 2560K, 99% used [0x00000000ecd80000,0x00000000ecff9b60,0x00000000ed000000)
  to   space 2560K, 0% used [0x00000000ecb00000,0x00000000ecb00000,0x00000000ecd80000)
 ParOldGen       total 44032K, used 18664K [0x00000000c0000000, 0x00000000c2b00000, 0x00000000eab00000)
  object space 44032K, 42% used [0x00000000c0000000,0x00000000c123a358,0x00000000c2b00000)
 Metaspace       used 4808K, capacity 6288K, committed 6528K, reserved 1056768K
  class space    used 523K, capacity 584K, committed 640K, reserved 1048576K
}
Event: 2.034 GC heap before
{Heap before GC invocations=3 (full 0):
 PSYoungGen      total 35328K, used 35302K [0x00000000eab00000, 0x00000000ed000000, 0x0000000100000000)
  eden space 32768K, 100% used [0x00000000eab00000,0x00000000ecb00000,0x00000000ecb00000)
  from space 2560K, 99% used [0x00000000ecd80000,0x00000000ecff9b60,0x00000000ed000000)
  to   space 2560K, 0% used [0x00000000ecb00000,0x00000000ecb00000,0x00000000ecd80000)
 ParOldGen       total 44032K, used 18664K [0x00000000c0000000, 0x00000000c2b00000, 0x00000000eab00000)
  object space 44032K, 42% used [0x00000000c0000000,0x00000000c123a358,0x00000000c2b00000)
 Metaspace       used 4808K, capacity 6288K, committed 6528K, reserved 1056768K
  class space    used 523K, capacity 584K, committed 640K, reserved 1048576K
Event: 2.459 GC heap after
Heap after GC invocations=3 (full 0):
 PSYoungGen      total 35328K, used 2539K [0x00000000eab00000, 0x00000000ef000000, 0x0000000100000000)
  eden space 32768K, 0% used [0x00000000eab00000,0x00000000eab00000,0x00000000ecb00000)
  from space 2560K, 99% used [0x00000000ecb00000,0x00000000ecd7ac08,0x00000000ecd80000)
  to   space 2560K, 0% used [0x00000000eed80000,0x00000000eed80000,0x00000000ef000000)
 ParOldGen       total 44032K, used 39461K [0x00000000c0000000, 0x00000000c2b00000, 0x00000000eab00000)
  object space 44032K, 89% used [0x00000000c0000000,0x00000000c26897c8,0x00000000c2b00000)
 Metaspace       used 4808K, capacity 6288K, committed 6528K, reserved 1056768K
  class space    used 523K, capacity 584K, committed 640K, reserved 1048576K
}
Event: 2.459 GC heap before
{Heap before GC invocations=4 (full 1):
 PSYoungGen      total 35328K, used 2539K [0x00000000eab00000, 0x00000000ef000000, 0x0000000100000000)
  eden space 32768K, 0% used [0x00000000eab00000,0x00000000eab00000,0x00000000ecb00000)
  from space 2560K, 99% used [0x00000000ecb00000,0x00000000ecd7ac08,0x00000000ecd80000)
  to   space 2560K, 0% used [0x00000000eed80000,0x00000000eed80000,0x00000000ef000000)
 ParOldGen       total 44032K, used 39461K [0x00000000c0000000, 0x00000000c2b00000, 0x00000000eab00000)
  object space 44032K, 89% used [0x00000000c0000000,0x00000000c26897c8,0x00000000c2b00000)
 Metaspace       used 4808K, capacity 6288K, committed 6528K, reserved 1056768K
  class space    used 523K, capacity 584K, committed 640K, reserved 1048576K
Event: 3.163 GC heap after
Heap after GC invocations=4 (full 1):
 PSYoungGen      total 35328K, used 0K [0x00000000eab00000, 0x00000000ef000000, 0x0000000100000000)
  eden space 32768K, 0% used [0x00000000eab00000,0x00000000eab00000,0x00000000ecb00000)
  from space 2560K, 0% used [0x00000000ecb00000,0x00000000ecb00000,0x00000000ecd80000)
  to   space 2560K, 0% used [0x00000000eed80000,0x00000000eed80000,0x00000000ef000000)
 ParOldGen       total 86016K, used 39029K [0x00000000c0000000, 0x00000000c5400000, 0x00000000eab00000)
  object space 86016K, 45% used [0x00000000c0000000,0x00000000c261d480,0x00000000c5400000)
 Metaspace       used 4808K, capacity 6288K, committed 6528K, reserved 1056768K
  class space    used 523K, capacity 584K, committed 640K, reserved 1048576K
}

Deoptimization events (5 events):
Event: 1.118 Thread 0x000000000028f000 Uncommon trap: reason=class_check action=maybe_recompile pc=0x0000000002abddb0 method=com.android.dx.cf.code.BytecodeArray.parseInstruction(ILcom/android/dx/cf/code/BytecodeArray$Visitor;)I @ 2484
Event: 1.118 Thread 0x000000000028f000 Uncommon trap: reason=class_check action=maybe_recompile pc=0x0000000002abddb0 method=com.android.dx.cf.code.BytecodeArray.parseInstruction(ILcom/android/dx/cf/code/BytecodeArray$Visitor;)I @ 2484
Event: 1.118 Thread 0x000000000028f000 Uncommon trap: reason=class_check action=maybe_recompile pc=0x0000000002abd524 method=com.android.dx.cf.code.BytecodeArray.parseInstruction(ILcom/android/dx/cf/code/BytecodeArray$Visitor;)I @ 2135
Event: 1.123 Thread 0x000000000028f000 Uncommon trap: reason=class_check action=maybe_recompile pc=0x0000000002abddb0 method=com.android.dx.cf.code.BytecodeArray.parseInstruction(ILcom/android/dx/cf/code/BytecodeArray$Visitor;)I @ 2484
Event: 1.718 Thread 0x000000000028f000 Uncommon trap: reason=class_check action=maybe_recompile pc=0x0000000002ae589c method=com.android.dx.cf.code.BytecodeArray.parseInstruction(ILcom/android/dx/cf/code/BytecodeArray$Visitor;)I @ 2445

Internal exceptions (2 events):
Event: 0.056 Thread 0x000000000028f000 Exception <a 'java/lang/NoSuchMethodError': Method sun.misc.Unsafe.defineClass(Ljava/lang/String;[BII)Ljava/lang/Class; name or signature does not match> (0x00000000eab0c5f8) thrown at [D:\re\workspace\8-2-build-windows-amd64-cygwin\jdk8u20\1074\hotspot\sr€?.LQ¯¬?
Event: 0.056 Thread 0x000000000028f000 Exception <a 'java/lang/NoSuchMethodError': Method sun.misc.Unsafe.prefetchRead(Ljava/lang/Object;J)V name or signature does not match> (0x00000000eab0c888) thrown at [D:\re\workspace\8-2-build-windows-amd64-cygwin\jdk8u20\1074\hotspot\src\share\vm\prims\j

Events (10 events):
Event: 3.248 Thread 0x000000000028f000 DEOPT PACKING pc=0x00000000029ccb14 sp=0x00000000024fe610
Event: 3.248 Thread 0x000000000028f000 DEOPT UNPACKING pc=0x00000000028171bf sp=0x00000000024fe340 mode 0
Event: 4.634 Executing VM operation: EnableBiasedLocking
Event: 4.634 Executing VM operation: EnableBiasedLocking done
Event: 5.394 loading class java/util/ArrayList$1
Event: 5.394 loading class java/util/ArrayList$1 done
Event: 5.399 loading class com/android/dx/util/ListIntSet$1
Event: 5.399 loading class com/android/dx/util/ListIntSet$1 done
Event: 5.634 loading class com/android/dx/rop/code/RegisterSpec$1
Event: 5.634 loading class com/android/dx/rop/code/RegisterSpec$1 done


Dynamic libraries:
0x000000013f310000 - 0x000000013f344000 	C:\PROGRA~3\Oracle\Java\javapath\java.exe
0x0000000077780000 - 0x0000000077929000 	C:\Windows\SYSTEM32\ntdll.dll
0x0000000077560000 - 0x000000007767f000 	C:\Windows\system32\kernel32.dll
0x000007fefd570000 - 0x000007fefd5dc000 	C:\Windows\system32\KERNELBASE.dll
0x000007feff660000 - 0x000007feff73b000 	C:\Windows\system32\ADVAPI32.dll
0x000007fefd900000 - 0x000007fefd99f000 	C:\Windows\system32\msvcrt.dll
0x000007fefed70000 - 0x000007fefed8f000 	C:\Windows\SYSTEM32\sechost.dll
0x000007fefebe0000 - 0x000007fefed0d000 	C:\Windows\system32\RPCRT4.dll
0x0000000077680000 - 0x000000007777a000 	C:\Windows\system32\USER32.dll
0x000007feff200000 - 0x000007feff267000 	C:\Windows\system32\GDI32.dll
0x000007feff650000 - 0x000007feff65e000 	C:\Windows\system32\LPK.dll
0x000007feff580000 - 0x000007feff649000 	C:\Windows\system32\USP10.dll
0x000007fefbe10000 - 0x000007fefc004000 	C:\Windows\WinSxS\amd64_microsoft.windows.common-controls_6595b64144ccf1df_6.0.7601.17514_none_fa396087175ac9ac\COMCTL32.dll
0x000007fefed90000 - 0x000007fefee01000 	C:\Windows\system32\SHLWAPI.dll
0x000007feff1d0000 - 0x000007feff1fe000 	C:\Windows\system32\IMM32.DLL
0x000007fefead0000 - 0x000007fefebd9000 	C:\Windows\system32\MSCTF.dll
0x00000000643e0000 - 0x00000000644b2000 	C:\Program Files\Java\jre1.8.0_20\bin\msvcr100.dll
0x00000000615c0000 - 0x0000000061e18000 	C:\Program Files\Java\jre1.8.0_20\bin\server\jvm.dll
0x000007fef0560000 - 0x000007fef0569000 	C:\Windows\system32\WSOCK32.dll
0x000007fefeeb0000 - 0x000007fefeefd000 	C:\Windows\system32\WS2_32.dll
0x000007feff8a0000 - 0x000007feff8a8000 	C:\Windows\system32\NSI.dll
0x000007fefad10000 - 0x000007fefad4b000 	C:\Windows\system32\WINMM.dll
0x0000000077940000 - 0x0000000077947000 	C:\Windows\system32\PSAPI.DLL
0x0000000066610000 - 0x000000006661f000 	C:\Program Files\Java\jre1.8.0_20\bin\verify.dll
0x00000000643b0000 - 0x00000000643d8000 	C:\Program Files\Java\jre1.8.0_20\bin\java.dll
0x00000000665f0000 - 0x0000000066606000 	C:\Program Files\Java\jre1.8.0_20\bin\zip.dll
0x000007fefd9a0000 - 0x000007fefe728000 	C:\Windows\system32\SHELL32.dll
0x000007fefe8c0000 - 0x000007fefeac3000 	C:\Windows\system32\ole32.dll
0x000007fefd540000 - 0x000007fefd54f000 	C:\Windows\system32\profapi.dll
0x000007feed3e0000 - 0x000007feed505000 	C:\Windows\system32\dbghelp.dll

VM Arguments:
jvm_args: -Xmx1024M -Xss1m -Djava.ext.dirs=Z:\android\sdk\build-tools\android-4.4W\lib 
java_command: Z:\android\sdk\build-tools\android-4.4W\lib\dx.jar --dex --output Z:\android\androidstudio\projects\What2wear\app\build\intermediates\pre-dexed\debug\classes-f615b4f6edb6c5c65030e5493a0f09aa135c71c7.jar Z:\android\androidstudio\projects\What2wear\app\build\intermediates\exploded-aar\com.google.android.gms\play-services\6.5.87\classes.jar
java_class_path (initial): Z:\android\sdk\build-tools\android-4.4W\lib\dx.jar
Launcher Type: SUN_STANDARD

Environment Variables:
PATH=C:\ProgramData\Oracle\Java\javapath;C:\Program Files\Common Files\Microsoft Shared\Windows Live;C:\Program Files (x86)\Common Files\Microsoft Shared\Windows Live;C:\Program Files (x86)\NVIDIA Corporation\PhysX\Common;C:\Windows\system32;C:\Windows;C:\Windows\System32\Wbem;C:\Windows\System32\WindowsPowerShell\v1.0\;D:\quicktime\QTSystem\;C:\Program Files (x86)\Windows Live\Shared;Z:\node\;C:\Program Files (x86)\Java\jdk1.7.0_21\bin;C:\Users\Solid Choice\AppData\Roaming\npm
USERNAME=Solid Choice
OS=Windows_NT
PROCESSOR_IDENTIFIER=Intel64 Family 6 Model 15 Stepping 11, GenuineIntel



---------------  S Y S T E M  ---------------

OS: Windows 7 , 64 bit Build 7601 Service Pack 1

CPU:total 4 (4 cores per cpu, 1 threads per core) family 6 model 15 stepping 11, cmov, cx8, fxsr, mmx, sse, sse2, sse3, ssse3, tsc

Memory: 4k page, physical 4192808k(528208k free), swap 8383756k(1468624k free)

vm_info: Java HotSpot(TM) 64-Bit Server VM (25.20-b23) for windows-amd64 JRE (1.8.0_20-b26), built on Jul 30 2014 13:51:23 by "java_re" with MS VC++ 10.0 (VS2010)

time: Sun Jan 18 16:26:43 2015
elapsed time: 5 seconds (0d 0h 0m 5s)

