#
# A fatal error has been detected by the Java Runtime Environment:
#
#  EXCEPTION_ACCESS_VIOLATION (0xc0000005) at pc=0xffffffffa37c5120, pid=3516, tid=4148
#
# JRE version: Java(TM) SE Runtime Environment (8.0_20-b26) (build 1.8.0_20-b26)
# Java VM: Java HotSpot(TM) 64-Bit Server VM (25.20-b23 mixed mode windows-amd64 compressed oops)
# Problematic frame:
# C  0xffffffffa37c5120
#
# Failed to write core dump. Minidumps are not enabled by default on client versions of Windows
#
# If you would like to submit a bug report, please visit:
#   http://bugreport.sun.com/bugreport/crash.jsp
#

---------------  T H R E A D  ---------------

Current thread (0x0000000001d1f000):  JavaThread "main" [_thread_in_Java, id=4148, stack(0x00000000023f0000,0x00000000024f0000)]

siginfo: ExceptionCode=0xc0000005, ExceptionInformation=0x0000000000000008 0xffffffffa37c5120

Registers:
RAX=0x0000000014947578, RBX=0x00000000ecf73ee8, RCX=0x0000000054f0f3f8, RDX=0x00000000ecf73ee8
RSP=0x00000000024ef038, RBP=0x00000000024ef4e8, RSI=0x0000000000000001, RDI=0x0000000000000004
R8 =0x000000000000004b, R9 =0x0000000000000400, R10=0x0000000014945930, R11=0x00000000000008d9
R12=0x0000000000000000, R13=0x0000000014945930, R14=0x00000000c0b24130, R15=0x0000000001d1f000
RIP=0xffffffffa37c5120, EFLAGS=0x0000000000010202

Top of Stack: (sp=0x00000000024ef038)
0x00000000024ef038:   00000000030bdf0c 00000000ecf73ea0
0x00000000024ef048:   0000000000000000 00000000ecf74378
0x00000000024ef058:   00000000030c1ccc 00000000024ef4e8
0x00000000024ef068:   00000000030b81ec 00000000024ef4e8
0x00000000024ef078:   00000000030b6fa4 00000000ecf73ee8
0x00000000024ef088:   00000000ecf73ee8 0000000200000002
0x00000000024ef098:   0000000000000002 00000000024ef4e8
0x00000000024ef0a8:   00000000030bb17c 0000000000000003
0x00000000024ef0b8:   00000000ecf74420 0000000000000003
0x00000000024ef0c8:   00000000f3832150 0000000000000004
0x00000000024ef0d8:   00000000ecf73ea0 0000000100000001
0x00000000024ef0e8:   0000000000000004 00000000ecf74328
0x00000000024ef0f8:   0000000500000007 0000000000000006
0x00000000024ef108:   0000000200000001 00000000ec96a980
0x00000000024ef118:   0000000000000001 00000000024ef4e8
0x00000000024ef128:   00000000030d420c 0000000001d1f000 

Instructions: (pc=0xffffffffa37c5120)
0xffffffffa37c5100:   
[error occurred during error reporting (printing registers, top of stack, instructions near pc), id 0xc0000005]

Register to memory mapping:

RAX=0x0000000014947578 is pointing into metadata
RBX=0x00000000ecf73ee8 is an oop
com.android.dx.util.ByteArrayAnnotatedOutput 
 - klass: 'com/android/dx/util/ByteArrayAnnotatedOutput'
RCX=0x0000000054f0f3f8 is pointing into metadata
RDX=0x00000000ecf73ee8 is an oop
com.android.dx.util.ByteArrayAnnotatedOutput 
 - klass: 'com/android/dx/util/ByteArrayAnnotatedOutput'
RSP=0x00000000024ef038 is pointing into the stack for thread: 0x0000000001d1f000
RBP=0x00000000024ef4e8 is pointing into the stack for thread: 0x0000000001d1f000
RSI=0x0000000000000001 is an unknown value
RDI=0x0000000000000004 is an unknown value
R8 =0x000000000000004b is an unknown value
R9 =0x0000000000000400 is an unknown value
R10=0x0000000014945930 is pointing into metadata
R11=0x00000000000008d9 is an unknown value
R12=0x0000000000000000 is an unknown value
R13=0x0000000014945930 is pointing into metadata
R14=0x00000000c0b24130 is an oop
com.android.dx.rop.cst.CstMethodRef 
 - klass: 'com/android/dx/rop/cst/CstMethodRef'
R15=0x0000000001d1f000 is a thread


Stack: [0x00000000023f0000,0x00000000024f0000],  sp=0x00000000024ef038,  free space=1020k
Native frames: (J=compiled Java code, j=interpreted, Vv=VM code, C=native code)
C  0xffffffffa37c5120


---------------  P R O C E S S  ---------------

Java Threads: ( => current thread )
  0x0000000056ac7800 JavaThread "Service Thread" daemon [_thread_blocked, id=864, stack(0x0000000057080000,0x0000000057180000)]
  0x00000000552ab800 JavaThread "C1 CompilerThread2" daemon [_thread_blocked, id=804, stack(0x0000000056ee0000,0x0000000056fe0000)]
  0x00000000552a8800 JavaThread "C2 CompilerThread1" daemon [_thread_blocked, id=4736, stack(0x0000000056950000,0x0000000056a50000)]
  0x00000000552a4800 JavaThread "C2 CompilerThread0" daemon [_thread_blocked, id=1840, stack(0x0000000056850000,0x0000000056950000)]
  0x00000000552a3000 JavaThread "Attach Listener" daemon [_thread_blocked, id=2036, stack(0x0000000056700000,0x0000000056800000)]
  0x00000000552a2000 JavaThread "Signal Dispatcher" daemon [_thread_blocked, id=2936, stack(0x00000000565e0000,0x00000000566e0000)]
  0x0000000055242000 JavaThread "Finalizer" daemon [_thread_blocked, id=4424, stack(0x00000000564e0000,0x00000000565e0000)]
  0x0000000055239000 JavaThread "Reference Handler" daemon [_thread_blocked, id=3632, stack(0x0000000056380000,0x0000000056480000)]
=>0x0000000001d1f000 JavaThread "main" [_thread_in_Java, id=4148, stack(0x00000000023f0000,0x00000000024f0000)]

Other Threads:
  0x0000000055235000 VMThread [stack: 0x00000000560d0000,0x00000000561d0000] [id=5052]
  0x0000000056ad8800 WatcherThread [stack: 0x0000000057290000,0x0000000057390000] [id=2284]

VM state:synchronizing (normal execution)

VM Mutex/Monitor currently owned by a thread:  ([mutex/lock_event])
[0x0000000001d1d330] Safepoint_lock - owner thread: 0x0000000055235000
[0x0000000001d1d3b0] Threads_lock - owner thread: 0x0000000055235000

Heap:
 PSYoungGen      total 142336K, used 50550K [0x00000000eab00000, 0x00000000f4700000, 0x0000000100000000)
  eden space 129536K, 30% used [0x00000000eab00000,0x00000000ed0f4548,0x00000000f2980000)
  from space 12800K, 91% used [0x00000000f3780000,0x00000000f42e9660,0x00000000f4400000)
  to   space 14336K, 0% used [0x00000000f2980000,0x00000000f2980000,0x00000000f3780000)
 ParOldGen       total 44032K, used 23479K [0x00000000c0000000, 0x00000000c2b00000, 0x00000000eab00000)
  object space 44032K, 53% used [0x00000000c0000000,0x00000000c16edd98,0x00000000c2b00000)
 Metaspace       used 5855K, capacity 7216K, committed 7296K, reserved 1056768K
  class space    used 560K, capacity 616K, committed 640K, reserved 1048576K

Card table byte_map: [0x0000000011b80000,0x0000000011d90000] byte_map_base: 0x0000000011580000

Marking Bits: (ParMarkBitMap*) 0x0000000061ccb460
 Begin Bits: [0x00000000126b0000, 0x00000000136b0000)
 End Bits:   [0x00000000136b0000, 0x00000000146b0000)

Polling page: 0x0000000000330000

CodeCache: size=245760Kb used=9327Kb max_used=9338Kb free=236432Kb
 bounds [0x00000000027c0000, 0x00000000030f0000, 0x00000000117c0000]
 total_blobs=2441 nmethods=2182 adapters=174
 compilation: enabled

Compilation events (10 events):
Event: 11.931 Thread 0x00000000552ab800 nmethod 2267 0x00000000030e0550 code [0x00000000030e07a0, 0x00000000030e1698]
Event: 11.931 Thread 0x00000000552a8800 nmethod 2262 0x00000000030d7310 code [0x00000000030d7460, 0x00000000030d7748]
Event: 11.931 Thread 0x00000000552a8800 2254       4       com.android.dx.dex.file.IndexedItem::getIndex (22 bytes)
Event: 11.932 Thread 0x00000000552a8800 nmethod 2254 0x00000000030b4950 code [0x00000000030b4a80, 0x00000000030b4ad8]
Event: 11.932 Thread 0x00000000552a8800 2268       4       com.android.dx.dex.file.OffsettedItem::place (78 bytes)
Event: 11.933 Thread 0x00000000552a8800 nmethod 2268 0x00000000030dd850 code [0x00000000030dd9a0, 0x00000000030dda98]
Event: 11.933 Thread 0x00000000552a8800 2269       4       com.android.dx.dex.file.OffsettedItem::writeSize (22 bytes)
Event: 11.933 Thread 0x00000000552a8800 nmethod 2269 0x00000000030b9d10 code [0x00000000030b9e40, 0x00000000030b9e98]
Event: 11.933 Thread 0x00000000552a8800 2195       4       com.android.dx.dex.code.OutputFinisher::assignIndices (61 bytes)
Event: 11.936 Thread 0x00000000552a8800 nmethod 2195 0x00000000030e4cd0 code [0x00000000030e4e40, 0x00000000030e5018]

GC Heap History (10 events):
Event: 1.950 GC heap before
{Heap before GC invocations=2 (full 0):
 PSYoungGen      total 18944K, used 18938K [0x00000000eab00000, 0x00000000ed000000, 0x0000000100000000)
  eden space 16384K, 100% used [0x00000000eab00000,0x00000000ebb00000,0x00000000ebb00000)
  from space 2560K, 99% used [0x00000000ebb00000,0x00000000ebd7ea98,0x00000000ebd80000)
  to   space 2560K, 0% used [0x00000000ecd80000,0x00000000ecd80000,0x00000000ed000000)
 ParOldGen       total 44032K, used 1702K [0x00000000c0000000, 0x00000000c2b00000, 0x00000000eab00000)
  object space 44032K, 3% used [0x00000000c0000000,0x00000000c01a99d8,0x00000000c2b00000)
 Metaspace       used 5210K, capacity 6704K, committed 6784K, reserved 1056768K
  class space    used 533K, capacity 616K, committed 640K, reserved 1048576K
Event: 2.367 GC heap after
Heap after GC invocations=2 (full 0):
 PSYoungGen      total 35328K, used 2545K [0x00000000eab00000, 0x00000000ed000000, 0x0000000100000000)
  eden space 32768K, 0% used [0x00000000eab00000,0x00000000eab00000,0x00000000ecb00000)
  from space 2560K, 99% used [0x00000000ecd80000,0x00000000ecffc5d8,0x00000000ed000000)
  to   space 2560K, 0% used [0x00000000ecb00000,0x00000000ecb00000,0x00000000ecd80000)
 ParOldGen       total 44032K, used 4173K [0x00000000c0000000, 0x00000000c2b00000, 0x00000000eab00000)
  object space 44032K, 9% used [0x00000000c0000000,0x00000000c0413528,0x00000000c2b00000)
 Metaspace       used 5210K, capacity 6704K, committed 6784K, reserved 1056768K
  class space    used 533K, capacity 616K, committed 640K, reserved 1048576K
}
Event: 3.874 GC heap before
{Heap before GC invocations=3 (full 0):
 PSYoungGen      total 35328K, used 35313K [0x00000000eab00000, 0x00000000ed000000, 0x0000000100000000)
  eden space 32768K, 100% used [0x00000000eab00000,0x00000000ecb00000,0x00000000ecb00000)
  from space 2560K, 99% used [0x00000000ecd80000,0x00000000ecffc5d8,0x00000000ed000000)
  to   space 2560K, 0% used [0x00000000ecb00000,0x00000000ecb00000,0x00000000ecd80000)
 ParOldGen       total 44032K, used 4173K [0x00000000c0000000, 0x00000000c2b00000, 0x00000000eab00000)
  object space 44032K, 9% used [0x00000000c0000000,0x00000000c0413528,0x00000000c2b00000)
 Metaspace       used 5327K, capacity 6768K, committed 7040K, reserved 1056768K
  class space    used 537K, capacity 616K, committed 640K, reserved 1048576K
Event: 3.954 GC heap after
Heap after GC invocations=3 (full 0):
 PSYoungGen      total 35328K, used 2551K [0x00000000eab00000, 0x00000000ef000000, 0x0000000100000000)
  eden space 32768K, 0% used [0x00000000eab00000,0x00000000eab00000,0x00000000ecb00000)
  from space 2560K, 99% used [0x00000000ecb00000,0x00000000ecd7dfd8,0x00000000ecd80000)
  to   space 2560K, 0% used [0x00000000eed80000,0x00000000eed80000,0x00000000ef000000)
 ParOldGen       total 44032K, used 8486K [0x00000000c0000000, 0x00000000c2b00000, 0x00000000eab00000)
  object space 44032K, 19% used [0x00000000c0000000,0x00000000c0849bf8,0x00000000c2b00000)
 Metaspace       used 5327K, capacity 6768K, committed 7040K, reserved 1056768K
  class space    used 537K, capacity 616K, committed 640K, reserved 1048576K
}
Event: 5.110 GC heap before
{Heap before GC invocations=4 (full 0):
 PSYoungGen      total 35328K, used 35319K [0x00000000eab00000, 0x00000000ef000000, 0x0000000100000000)
  eden space 32768K, 100% used [0x00000000eab00000,0x00000000ecb00000,0x00000000ecb00000)
  from space 2560K, 99% used [0x00000000ecb00000,0x00000000ecd7dfd8,0x00000000ecd80000)
  to   space 2560K, 0% used [0x00000000eed80000,0x00000000eed80000,0x00000000ef000000)
 ParOldGen       total 44032K, used 8486K [0x00000000c0000000, 0x00000000c2b00000, 0x00000000eab00000)
  object space 44032K, 19% used [0x00000000c0000000,0x00000000c0849bf8,0x00000000c2b00000)
 Metaspace       used 5356K, capacity 6768K, committed 7040K, reserved 1056768K
  class space    used 538K, capacity 616K, committed 640K, reserved 1048576K
Event: 5.633 GC heap after
Heap after GC invocations=4 (full 0):
 PSYoungGen      total 68096K, used 2557K [0x00000000eab00000, 0x00000000ef000000, 0x0000000100000000)
  eden space 65536K, 0% used [0x00000000eab00000,0x00000000eab00000,0x00000000eeb00000)
  from space 2560K, 99% used [0x00000000eed80000,0x00000000eefff760,0x00000000ef000000)
  to   space 2560K, 0% used [0x00000000eeb00000,0x00000000eeb00000,0x00000000eed80000)
 ParOldGen       total 44032K, used 13906K [0x00000000c0000000, 0x00000000c2b00000, 0x00000000eab00000)
  object space 44032K, 31% used [0x00000000c0000000,0x00000000c0d94820,0x00000000c2b00000)
 Metaspace       used 5356K, capacity 6768K, committed 7040K, reserved 1056768K
  class space    used 538K, capacity 616K, committed 640K, reserved 1048576K
}
Event: 7.033 GC heap before
{Heap before GC invocations=5 (full 0):
 PSYoungGen      total 68096K, used 68093K [0x00000000eab00000, 0x00000000ef000000, 0x0000000100000000)
  eden space 65536K, 100% used [0x00000000eab00000,0x00000000eeb00000,0x00000000eeb00000)
  from space 2560K, 99% used [0x00000000eed80000,0x00000000eefff760,0x00000000ef000000)
  to   space 2560K, 0% used [0x00000000eeb00000,0x00000000eeb00000,0x00000000eed80000)
 ParOldGen       total 44032K, used 13906K [0x00000000c0000000, 0x00000000c2b00000, 0x00000000eab00000)
  object space 44032K, 31% used [0x00000000c0000000,0x00000000c0d94820,0x00000000c2b00000)
 Metaspace       used 5401K, capacity 6832K, committed 7040K, reserved 1056768K
  class space    used 538K, capacity 616K, committed 640K, reserved 1048576K
Event: 7.632 GC heap after
Heap after GC invocations=5 (full 0):
 PSYoungGen      total 68096K, used 2528K [0x00000000eab00000, 0x00000000f4400000, 0x0000000100000000)
  eden space 65536K, 0% used [0x00000000eab00000,0x00000000eab00000,0x00000000eeb00000)
  from space 2560K, 98% used [0x00000000eeb00000,0x00000000eed783b8,0x00000000eed80000)
  to   space 12800K, 0% used [0x00000000f3780000,0x00000000f3780000,0x00000000f4400000)
 ParOldGen       total 44032K, used 23479K [0x00000000c0000000, 0x00000000c2b00000, 0x00000000eab00000)
  object space 44032K, 53% used [0x00000000c0000000,0x00000000c16edd98,0x00000000c2b00000)
 Metaspace       used 5401K, capacity 6832K, committed 7040K, reserved 1056768K
  class space    used 538K, capacity 616K, committed 640K, reserved 1048576K
}
Event: 8.372 GC heap before
{Heap before GC invocations=6 (full 0):
 PSYoungGen      total 68096K, used 68064K [0x00000000eab00000, 0x00000000f4400000, 0x0000000100000000)
  eden space 65536K, 100% used [0x00000000eab00000,0x00000000eeb00000,0x00000000eeb00000)
  from space 2560K, 98% used [0x00000000eeb00000,0x00000000eed783b8,0x00000000eed80000)
  to   space 12800K, 0% used [0x00000000f3780000,0x00000000f3780000,0x00000000f4400000)
 ParOldGen       total 44032K, used 23479K [0x00000000c0000000, 0x00000000c2b00000, 0x00000000eab00000)
  object space 44032K, 53% used [0x00000000c0000000,0x00000000c16edd98,0x00000000c2b00000)
 Metaspace       used 5455K, capacity 6896K, committed 7040K, reserved 1056768K
  class space    used 538K, capacity 616K, committed 640K, reserved 1048576K
Event: 8.480 GC heap after
Heap after GC invocations=6 (full 0):
 PSYoungGen      total 142336K, used 11685K [0x00000000eab00000, 0x00000000f4700000, 0x0000000100000000)
  eden space 129536K, 0% used [0x00000000eab00000,0x00000000eab00000,0x00000000f2980000)
  from space 12800K, 91% used [0x00000000f3780000,0x00000000f42e9660,0x00000000f4400000)
  to   space 14336K, 0% used [0x00000000f2980000,0x00000000f2980000,0x00000000f3780000)
 ParOldGen       total 44032K, used 23479K [0x00000000c0000000, 0x00000000c2b00000, 0x00000000eab00000)
  object space 44032K, 53% used [0x00000000c0000000,0x00000000c16edd98,0x00000000c2b00000)
 Metaspace       used 5455K, capacity 6896K, committed 7040K, reserved 1056768K
  class space    used 538K, capacity 616K, committed 640K, reserved 1048576K
}

Deoptimization events (10 events):
Event: 11.253 Thread 0x0000000001d1f000 Uncommon trap: reason=class_check action=maybe_recompile pc=0x0000000002bd4988 method=java.util.Arrays.hashCode([Ljava/lang/Object;)I @ 43
Event: 11.536 Thread 0x0000000001d1f000 Uncommon trap: reason=speculate_class_check action=maybe_recompile pc=0x0000000002b23a98 method=com.android.dx.util.FixedSizeList.equals(Ljava/lang/Object;)Z @ 25
Event: 11.536 Thread 0x0000000001d1f000 Uncommon trap: reason=class_check action=maybe_recompile pc=0x0000000002b259d8 method=java.util.Arrays.equals([Ljava/lang/Object;[Ljava/lang/Object;)Z @ 62
Event: 11.545 Thread 0x0000000001d1f000 Uncommon trap: reason=speculate_class_check action=maybe_recompile pc=0x0000000002b23a98 method=com.android.dx.util.FixedSizeList.equals(Ljava/lang/Object;)Z @ 25
Event: 11.545 Thread 0x0000000001d1f000 Uncommon trap: reason=class_check action=maybe_recompile pc=0x0000000002b259d8 method=java.util.Arrays.equals([Ljava/lang/Object;[Ljava/lang/Object;)Z @ 62
Event: 11.545 Thread 0x0000000001d1f000 Uncommon trap: reason=speculate_class_check action=maybe_recompile pc=0x0000000002b23a98 method=com.android.dx.util.FixedSizeList.equals(Ljava/lang/Object;)Z @ 25
Event: 11.545 Thread 0x0000000001d1f000 Uncommon trap: reason=class_check action=maybe_recompile pc=0x0000000002b259d8 method=java.util.Arrays.equals([Ljava/lang/Object;[Ljava/lang/Object;)Z @ 62
Event: 11.545 Thread 0x0000000001d1f000 Uncommon trap: reason=speculate_class_check action=maybe_recompile pc=0x0000000002b23a98 method=com.android.dx.util.FixedSizeList.equals(Ljava/lang/Object;)Z @ 25
Event: 11.545 Thread 0x0000000001d1f000 Uncommon trap: reason=class_check action=maybe_recompile pc=0x0000000002b259d8 method=java.util.Arrays.equals([Ljava/lang/Object;[Ljava/lang/Object;)Z @ 62
Event: 11.732 Thread 0x0000000001d1f000 Uncommon trap: reason=unreached action=reinterpret pc=0x000000000306843c method=com.android.dx.dex.code.LocalList$MakeState.aboutToProcess(II)V @ 86

Internal exceptions (2 events):
Event: 0.046 Thread 0x0000000001d1f000 Exception <a 'java/lang/NoSuchMethodError': Method sun.misc.Unsafe.defineClass(Ljava/lang/String;[BII)Ljava/lang/Class; name or signature does not match> (0x00000000eab0c5c8) thrown at [D:\re\workspace\8-2-build-windows-amd64-cygwin\jdk8u20\1074\hotspot\sr?ûá©§?
Event: 0.046 Thread 0x0000000001d1f000 Exception <a 'java/lang/NoSuchMethodError': Method sun.misc.Unsafe.prefetchRead(Ljava/lang/Object;J)V name or signature does not match> (0x00000000eab0c858) thrown at [D:\re\workspace\8-2-build-windows-amd64-cygwin\jdk8u20\1074\hotspot\src\share\vm\prims\j

Events (10 events):
Event: 11.840 Thread 0x0000000001d1f000 DEOPT PACKING pc=0x00000000030193c3 sp=0x00000000024ef1c0
Event: 11.840 Thread 0x0000000001d1f000 DEOPT UNPACKING pc=0x00000000028071bf sp=0x00000000024eef40 mode 0
Event: 11.846 Thread 0x0000000001d1f000 DEOPT PACKING pc=0x00000000030186bd sp=0x00000000024ef2a0
Event: 11.846 Thread 0x0000000001d1f000 DEOPT UNPACKING pc=0x00000000028071bf sp=0x00000000024ef010 mode 0
Event: 11.879 loading class com/android/dx/dex/file/DebugInfoEncoder
Event: 11.879 loading class com/android/dx/dex/file/DebugInfoEncoder done
Event: 11.884 loading class com/android/dx/dex/file/DebugInfoEncoder$1
Event: 11.884 loading class com/android/dx/dex/file/DebugInfoEncoder$1 done
Event: 11.884 loading class com/android/dx/dex/file/DebugInfoEncoder$2
Event: 11.884 loading class com/android/dx/dex/file/DebugInfoEncoder$2 done


Dynamic libraries:
0x000000013f460000 - 0x000000013f494000 	C:\PROGRA~3\Oracle\Java\javapath\java.exe
0x0000000076d30000 - 0x0000000076ed9000 	C:\Windows\SYSTEM32\ntdll.dll
0x0000000076c10000 - 0x0000000076d2f000 	C:\Windows\system32\kernel32.dll
0x000007fefcb10000 - 0x000007fefcb7c000 	C:\Windows\system32\KERNELBASE.dll
0x000007fefd770000 - 0x000007fefd84b000 	C:\Windows\system32\ADVAPI32.dll
0x000007fefd060000 - 0x000007fefd0ff000 	C:\Windows\system32\msvcrt.dll
0x000007fefdb20000 - 0x000007fefdb3f000 	C:\Windows\SYSTEM32\sechost.dll
0x000007fefd5b0000 - 0x000007fefd6dd000 	C:\Windows\system32\RPCRT4.dll
0x0000000076b10000 - 0x0000000076c0a000 	C:\Windows\system32\USER32.dll
0x000007fefd6e0000 - 0x000007fefd747000 	C:\Windows\system32\GDI32.dll
0x000007fefd100000 - 0x000007fefd10e000 	C:\Windows\system32\LPK.dll
0x000007fefe160000 - 0x000007fefe229000 	C:\Windows\system32\USP10.dll
0x000007fefb3f0000 - 0x000007fefb5e4000 	C:\Windows\WinSxS\amd64_microsoft.windows.common-controls_6595b64144ccf1df_6.0.7601.17514_none_fa396087175ac9ac\COMCTL32.dll
0x000007fefefc0000 - 0x000007feff031000 	C:\Windows\system32\SHLWAPI.dll
0x000007fefd3f0000 - 0x000007fefd41e000 	C:\Windows\system32\IMM32.DLL
0x000007fefceb0000 - 0x000007fefcfb9000 	C:\Windows\system32\MSCTF.dll
0x0000000061d50000 - 0x0000000061e22000 	C:\Program Files\Java\jre1.8.0_20\bin\msvcr100.dll
0x00000000614f0000 - 0x0000000061d48000 	C:\Program Files\Java\jre1.8.0_20\bin\server\jvm.dll
0x000007feefde0000 - 0x000007feefde9000 	C:\Windows\system32\WSOCK32.dll
0x000007fefd190000 - 0x000007fefd1dd000 	C:\Windows\system32\WS2_32.dll
0x000007fefde60000 - 0x000007fefde68000 	C:\Windows\system32\NSI.dll
0x000007fef9500000 - 0x000007fef953b000 	C:\Windows\system32\WINMM.dll
0x0000000076ef0000 - 0x0000000076ef7000 	C:\Windows\system32\PSAPI.DLL
0x0000000065bb0000 - 0x0000000065bbf000 	C:\Program Files\Java\jre1.8.0_20\bin\verify.dll
0x00000000614c0000 - 0x00000000614e8000 	C:\Program Files\Java\jre1.8.0_20\bin\java.dll
0x00000000614a0000 - 0x00000000614b6000 	C:\Program Files\Java\jre1.8.0_20\bin\zip.dll
0x000007fefe230000 - 0x000007fefefb8000 	C:\Windows\system32\SHELL32.dll
0x000007fefd1e0000 - 0x000007fefd3e3000 	C:\Windows\system32\ole32.dll
0x000007fefcaf0000 - 0x000007fefcaff000 	C:\Windows\system32\profapi.dll
0x000007feed8b0000 - 0x000007feed9d5000 	C:\Windows\system32\dbghelp.dll

VM Arguments:
jvm_args: -Xmx1024M -Xss1m -Djava.ext.dirs=Z:\android\sdk\build-tools\android-4.4W\lib 
java_command: Z:\android\sdk\build-tools\android-4.4W\lib\dx.jar --dex --output Z:\android\androidstudio\projects\What2wear\app\build\intermediates\pre-dexed\debug\support-v4-13.0.0-b35ec2ea0ccd792dce86f2cdef3f40931bc520ca.jar Z:\android\sdk\extras\android\m2repository\com\android\support\support-v4\13.0.0\support-v4-13.0.0.jar
java_class_path (initial): Z:\android\sdk\build-tools\android-4.4W\lib\dx.jar
Launcher Type: SUN_STANDARD

Environment Variables:
PATH=C:\ProgramData\Oracle\Java\javapath;C:\Program Files\Common Files\Microsoft Shared\Windows Live;C:\Program Files (x86)\Common Files\Microsoft Shared\Windows Live;C:\Program Files (x86)\NVIDIA Corporation\PhysX\Common;C:\Windows\system32;C:\Windows;C:\Windows\System32\Wbem;C:\Windows\System32\WindowsPowerShell\v1.0\;D:\quicktime\QTSystem\;C:\Program Files (x86)\Windows Live\Shared;Z:\node\;C:\Program Files (x86)\Java\jdk1.7.0_21\bin;C:\Users\Solid Choice\AppData\Roaming\npm
USERNAME=Solid Choice
OS=Windows_NT
PROCESSOR_IDENTIFIER=Intel64 Family 6 Model 15 Stepping 11, GenuineIntel



---------------  S Y S T E M  ---------------

OS: Windows 7 , 64 bit Build 7601 Service Pack 1

CPU:total 4 (4 cores per cpu, 1 threads per core) family 6 model 15 stepping 11, cmov, cx8, fxsr, mmx, sse, sse2, sse3, ssse3, tsc

Memory: 4k page, physical 4192808k(48120k free), swap 8383752k(1102944k free)

vm_info: Java HotSpot(TM) 64-Bit Server VM (25.20-b23) for windows-amd64 JRE (1.8.0_20-b26), built on Jul 30 2014 13:51:23 by "java_re" with MS VC++ 10.0 (VS2010)

time: Sat Jan 10 15:31:43 2015
elapsed time: 12 seconds (0d 0h 0m 12s)

