#
# A fatal error has been detected by the Java Runtime Environment:
#
#  EXCEPTION_ACCESS_VIOLATION (0xc0000005) at pc=0xffffffffa3865120, pid=1264, tid=5016
#
# JRE version: Java(TM) SE Runtime Environment (8.0_20-b26) (build 1.8.0_20-b26)
# Java VM: Java HotSpot(TM) 64-Bit Server VM (25.20-b23 mixed mode windows-amd64 compressed oops)
# Problematic frame:
# C  0xffffffffa3865120
#
# Failed to write core dump. Minidumps are not enabled by default on client versions of Windows
#
# If you would like to submit a bug report, please visit:
#   http://bugreport.sun.com/bugreport/crash.jsp
#

---------------  T H R E A D  ---------------

Current thread (0x00000000023df800):  JavaThread "main" [_thread_in_Java, id=5016, stack(0x0000000002490000,0x0000000002590000)]

siginfo: ExceptionCode=0xc0000005, ExceptionInformation=0x0000000000000008 0xffffffffa3865120

Registers:
RAX=0x0000000054a057e8, RBX=0x0000000054a057e8, RCX=0x00000000eb2e7e08, RDX=0x00000000eb2e7e08
RSP=0x000000000258e648, RBP=0x000000000258e6b0, RSI=0x0000000000000001, RDI=0x0000000000000003
R8 =0x0000000000000072, R9 =0x0000000000000002, R10=0x0000000068594230, R11=0x00000000029de900
R12=0x0000000000000000, R13=0x000000000258e660, R14=0x0000000000000000, R15=0x00000000023df800
RIP=0xffffffffa3865120, EFLAGS=0x0000000000010206

Top of Stack: (sp=0x000000000258e648)
0x000000000258e648:   0000000002867a01 0000000002867790
0x000000000258e658:   0000000002867a01 0000000000000072
0x000000000258e668:   00000000eb2e7e08 000000000258e670
0x000000000258e678:   0000000054d701a9 000000000258e708
0x000000000258e688:   0000000054d73740 0000000000000000
0x000000000258e698:   0000000054d701d8 000000000258e660
0x000000000258e6a8:   000000000258e6f8 000000000258e750
0x000000000258e6b8:   0000000002867a01 00000000ffffffff
0x000000000258e6c8:   00000000eb2d6ef8 00000000eb2d6680
0x000000000258e6d8:   00000000eb2d6d40 00000000eb2dee80
0x000000000258e6e8:   00000000eb2e7e48 00000000eb2e7e08
0x000000000258e6f8:   00000000eb2e7df0 0000000000000000
0x000000000258e708:   00000000eb2c26e0 000000000258e710
0x000000000258e718:   0000000054d80999 000000000258e7b8
0x000000000258e728:   0000000054d80ee8 0000000000000000
0x000000000258e738:   0000000054d80b88 000000000258e6f8 

Instructions: (pc=0xffffffffa3865120)
0xffffffffa3865100:   
[error occurred during error reporting (printing registers, top of stack, instructions near pc), id 0xc0000005]

Register to memory mapping:

RAX={method} {0x0000000054a057f0} 'set' '(I)V' in 'java/util/BitSet'
RBX={method} {0x0000000054a057f0} 'set' '(I)V' in 'java/util/BitSet'
RCX=0x00000000eb2e7e08 is an oop
java.util.BitSet 
 - klass: 'java/util/BitSet'
RDX=0x00000000eb2e7e08 is an oop
java.util.BitSet 
 - klass: 'java/util/BitSet'
RSP=0x000000000258e648 is pointing into the stack for thread: 0x00000000023df800
RBP=0x000000000258e6b0 is pointing into the stack for thread: 0x00000000023df800
RSI=0x0000000000000001 is an unknown value
RDI=0x0000000000000003 is an unknown value
R8 =0x0000000000000072 is an unknown value
R9 =0x0000000000000002 is an unknown value
R10=0x0000000068594230 is an unknown value
R11=0x00000000029de900 is at entry_point+32 in (nmethod*)0x00000000029de6d0
R12=0x0000000000000000 is an unknown value
R13=0x000000000258e660 is pointing into the stack for thread: 0x00000000023df800
R14=0x0000000000000000 is an unknown value
R15=0x00000000023df800 is a thread


Stack: [0x0000000002490000,0x0000000002590000],  sp=0x000000000258e648,  free space=1017k
Native frames: (J=compiled Java code, j=interpreted, Vv=VM code, C=native code)
C  0xffffffffa3865120


---------------  P R O C E S S  ---------------

Java Threads: ( => current thread )
  0x0000000056bcb000 JavaThread "Service Thread" daemon [_thread_blocked, id=4484, stack(0x0000000057170000,0x0000000057270000)]
  0x0000000056b64800 JavaThread "C1 CompilerThread2" daemon [_thread_blocked, id=4924, stack(0x0000000057040000,0x0000000057140000)]
  0x000000005529d000 JavaThread "C2 CompilerThread1" daemon [_thread_blocked, id=2344, stack(0x0000000056a60000,0x0000000056b60000)]
  0x0000000055295000 JavaThread "C2 CompilerThread0" daemon [_thread_blocked, id=2444, stack(0x0000000056540000,0x0000000056640000)]
  0x0000000055294000 JavaThread "Attach Listener" daemon [_thread_blocked, id=4272, stack(0x0000000056860000,0x0000000056960000)]
  0x0000000055292800 JavaThread "Signal Dispatcher" daemon [_thread_blocked, id=2452, stack(0x00000000566a0000,0x00000000567a0000)]
  0x0000000055233000 JavaThread "Finalizer" daemon [_thread_blocked, id=4876, stack(0x00000000562e0000,0x00000000563e0000)]
  0x000000005522a000 JavaThread "Reference Handler" daemon [_thread_blocked, id=3888, stack(0x00000000563f0000,0x00000000564f0000)]
=>0x00000000023df800 JavaThread "main" [_thread_in_Java, id=5016, stack(0x0000000002490000,0x0000000002590000)]

Other Threads:
  0x0000000055226000 VMThread [stack: 0x0000000056180000,0x0000000056280000] [id=1444]
  0x0000000056bdb800 WatcherThread [stack: 0x00000000573c0000,0x00000000574c0000] [id=2792]

VM state:not at safepoint (normal execution)

VM Mutex/Monitor currently owned by a thread: None

Heap:
 PSYoungGen      total 18944K, used 8180K [0x00000000eab00000, 0x00000000ec000000, 0x0000000100000000)
  eden space 16384K, 49% used [0x00000000eab00000,0x00000000eb2fd2b0,0x00000000ebb00000)
  from space 2560K, 0% used [0x00000000ebd80000,0x00000000ebd80000,0x00000000ec000000)
  to   space 2560K, 0% used [0x00000000ebb00000,0x00000000ebb00000,0x00000000ebd80000)
 ParOldGen       total 44032K, used 0K [0x00000000c0000000, 0x00000000c2b00000, 0x00000000eab00000)
  object space 44032K, 0% used [0x00000000c0000000,0x00000000c0000000,0x00000000c2b00000)
 Metaspace       used 4651K, capacity 6256K, committed 6528K, reserved 1056768K
  class space    used 527K, capacity 616K, committed 640K, reserved 1048576K

Card table byte_map: [0x0000000011c20000,0x0000000011e30000] byte_map_base: 0x0000000011620000

Marking Bits: (ParMarkBitMap*) 0x00000000685ab460
 Begin Bits: [0x00000000126a0000, 0x00000000136a0000)
 End Bits:   [0x00000000136a0000, 0x00000000146a0000)

Polling page: 0x0000000000130000

CodeCache: size=245760Kb used=2166Kb max_used=2166Kb free=243593Kb
 bounds [0x0000000002860000, 0x0000000002ad0000, 0x0000000011860000]
 total_blobs=803 nmethods=547 adapters=171
 compilation: enabled

Compilation events (10 events):
Event: 0.385 Thread 0x0000000056b64800  536       3       com.android.dx.rop.code.BasicBlockList$RegCountVisitor::visitPlainInsn (6 bytes)
Event: 0.385 Thread 0x0000000056b64800 nmethod 536 0x0000000002a7b110 code [0x0000000002a7b280, 0x0000000002a7b408]
Event: 0.385 Thread 0x0000000056b64800  539       3       com.android.dx.util.IntList::<init> (6 bytes)
Event: 0.385 Thread 0x0000000056b64800 nmethod 539 0x0000000002a7b490 code [0x0000000002a7b600, 0x0000000002a7b788]
Event: 0.385 Thread 0x0000000056b64800  533       3       com.android.dx.cf.code.ExecutionStack::peek (42 bytes)
Event: 0.385 Thread 0x0000000055295000 nmethod 527 0x0000000002a7b810 code [0x0000000002a7b980, 0x0000000002a7bf58]
Event: 0.386 Thread 0x0000000056b64800 nmethod 533 0x0000000002a77cd0 code [0x0000000002a77ec0, 0x0000000002a78828]
Event: 0.386 Thread 0x0000000056b64800  545       3       com.android.dx.rop.code.RegisterSpecSet::mutableCopy (57 bytes)
Event: 0.386 Thread 0x000000005529d000 nmethod 540 0x0000000002a77810 code [0x0000000002a77960, 0x0000000002a77ac8]
Event: 0.386 Thread 0x0000000056b64800 nmethod 545 0x0000000002a7d4d0 code [0x0000000002a7d680, 0x0000000002a7dc48]

GC Heap History (0 events):
No events

Deoptimization events (0 events):
No events

Internal exceptions (2 events):
Event: 0.038 Thread 0x00000000023df800 Exception <a 'java/lang/NoSuchMethodError': Method sun.misc.Unsafe.defineClass(Ljava/lang/String;[BII)Ljava/lang/Class; name or signature does not match> (0x00000000eab0ca50) thrown at [D:\re\workspace\8-2-build-windows-amd64-cygwin\jdk8u20\1074\hotspot\sr;Ï…«≥£?
Event: 0.038 Thread 0x00000000023df800 Exception <a 'java/lang/NoSuchMethodError': Method sun.misc.Unsafe.prefetchRead(Ljava/lang/Object;J)V name or signature does not match> (0x00000000eab0cce0) thrown at [D:\re\workspace\8-2-build-windows-amd64-cygwin\jdk8u20\1074\hotspot\src\share\vm\prims\j

Events (10 events):
Event: 0.327 loading class java/util/HashMap$Values
Event: 0.327 loading class java/util/HashMap$Values done
Event: 0.327 loading class java/util/HashMap$ValueIterator
Event: 0.327 loading class java/util/HashMap$ValueIterator done
Event: 0.336 loading class com/android/dx/ssa/PhiInsn$Operand
Event: 0.336 loading class com/android/dx/ssa/PhiInsn$Operand done
Event: 0.346 loading class com/android/dx/ssa/back/FirstFitLocalCombiningAllocator$Multiset
Event: 0.346 loading class com/android/dx/ssa/back/FirstFitLocalCombiningAllocator$Multiset done
Event: 0.374 loading class com/android/dx/cf/code/BytecodeArray$ConstantParserVisitor
Event: 0.374 loading class com/android/dx/cf/code/BytecodeArray$ConstantParserVisitor done


Dynamic libraries:
0x000000013f470000 - 0x000000013f4a4000 	C:\PROGRA~3\Oracle\Java\javapath\java.exe
0x0000000076de0000 - 0x0000000076f89000 	C:\Windows\SYSTEM32\ntdll.dll
0x0000000076bc0000 - 0x0000000076cdf000 	C:\Windows\system32\kernel32.dll
0x000007fefcec0000 - 0x000007fefcf2c000 	C:\Windows\system32\KERNELBASE.dll
0x000007fefe970000 - 0x000007fefea4b000 	C:\Windows\system32\ADVAPI32.dll
0x000007fefd140000 - 0x000007fefd1df000 	C:\Windows\system32\msvcrt.dll
0x000007fefedd0000 - 0x000007fefedef000 	C:\Windows\SYSTEM32\sechost.dll
0x000007fefe760000 - 0x000007fefe88d000 	C:\Windows\system32\RPCRT4.dll
0x0000000076ce0000 - 0x0000000076dda000 	C:\Windows\system32\USER32.dll
0x000007fefd0d0000 - 0x000007fefd137000 	C:\Windows\system32\GDI32.dll
0x000007fefec70000 - 0x000007fefec7e000 	C:\Windows\system32\LPK.dll
0x000007fefed00000 - 0x000007fefedc9000 	C:\Windows\system32\USP10.dll
0x000007fefb470000 - 0x000007fefb664000 	C:\Windows\WinSxS\amd64_microsoft.windows.common-controls_6595b64144ccf1df_6.0.7601.17514_none_fa396087175ac9ac\COMCTL32.dll
0x000007fefec80000 - 0x000007fefecf1000 	C:\Windows\system32\SHLWAPI.dll
0x000007feff060000 - 0x000007feff08e000 	C:\Windows\system32\IMM32.DLL
0x000007fefe650000 - 0x000007fefe759000 	C:\Windows\system32\MSCTF.dll
0x0000000068630000 - 0x0000000068702000 	C:\Program Files\Java\jre1.8.0_20\bin\msvcr100.dll
0x0000000067dd0000 - 0x0000000068628000 	C:\Program Files\Java\jre1.8.0_20\bin\server\jvm.dll
0x000007fef4240000 - 0x000007fef4249000 	C:\Windows\system32\WSOCK32.dll
0x000007fefcfe0000 - 0x000007fefd02d000 	C:\Windows\system32\WS2_32.dll
0x000007fefec60000 - 0x000007fefec68000 	C:\Windows\system32\NSI.dll
0x000007fef96d0000 - 0x000007fef970b000 	C:\Windows\system32\WINMM.dll
0x0000000076fb0000 - 0x0000000076fb7000 	C:\Windows\system32\PSAPI.DLL
0x0000000069850000 - 0x000000006985f000 	C:\Program Files\Java\jre1.8.0_20\bin\verify.dll
0x0000000069820000 - 0x0000000069848000 	C:\Program Files\Java\jre1.8.0_20\bin\java.dll
0x0000000069800000 - 0x0000000069816000 	C:\Program Files\Java\jre1.8.0_20\bin\zip.dll
0x000007fefd820000 - 0x000007fefe5a8000 	C:\Windows\system32\SHELL32.dll
0x000007fefea50000 - 0x000007fefec53000 	C:\Windows\system32\ole32.dll
0x000007fefcbb0000 - 0x000007fefcbbf000 	C:\Windows\system32\profapi.dll
0x000007feec070000 - 0x000007feec195000 	C:\Windows\system32\dbghelp.dll

VM Arguments:
jvm_args: -Xmx1024M -Xss1m -Djava.ext.dirs=Z:\android\sdk\build-tools\android-4.4W\lib 
java_command: Z:\android\sdk\build-tools\android-4.4W\lib\dx.jar --dex --output Z:\android\androidstudio\projects\What2wear\app\build\intermediates\dex\debug Z:\android\androidstudio\projects\What2wear\app\build\intermediates\classes\debug Z:\android\androidstudio\projects\What2wear\app\build\intermediates\dependency-cache\debug Z:\android\androidstudio\projects\What2wear\app\build\intermediates\pre-dexed\debug\classes-b456df8b416a36a51c603fe04ccfa3ccb5bda133.jar Z:\android\androidstudio\projects\What2wear\app\build\intermediates\pre-dexed\debug\classes-f615b4f6edb6c5c65030e5493a0f09aa135c71c7.jar Z:\android\androidstudio\projects\What2wear\app\build\intermediates\pre-dexed\debug\internal_impl-21.0.0-c744c19604898ed8af0652457797b33e0301ccac.jar Z:\android\androidstudio\projects\What2wear\app\build\intermediates\pre-dexed\debug\support-annotations-21.0.0-90ee3d5cc0513648aefcaf5dbdea7755d65409c0.jar
java_class_path (initial): Z:\android\sdk\build-tools\android-4.4W\lib\dx.jar
Launcher Type: SUN_STANDARD

Environment Variables:
PATH=C:\ProgramData\Oracle\Java\javapath;C:\Program Files\Common Files\Microsoft Shared\Windows Live;C:\Program Files (x86)\Common Files\Microsoft Shared\Windows Live;C:\Program Files (x86)\NVIDIA Corporation\PhysX\Common;C:\Windows\system32;C:\Windows;C:\Windows\System32\Wbem;C:\Windows\System32\WindowsPowerShell\v1.0\;D:\quicktime\QTSystem\;C:\Program Files (x86)\Windows Live\Shared;Z:\node\;C:\Program Files (x86)\Java\jdk1.7.0_21\bin;C:\Users\Solid Choice\AppData\Roaming\npm
USERNAME=Solid Choice
OS=Windows_NT
PROCESSOR_IDENTIFIER=Intel64 Family 6 Model 15 Stepping 11, GenuineIntel



---------------  S Y S T E M  ---------------

OS: Windows 7 , 64 bit Build 7601 Service Pack 1

CPU:total 4 (4 cores per cpu, 1 threads per core) family 6 model 15 stepping 11, cmov, cx8, fxsr, mmx, sse, sse2, sse3, ssse3, tsc

Memory: 4k page, physical 4192808k(645016k free), swap 8560072k(1397536k free)

vm_info: Java HotSpot(TM) 64-Bit Server VM (25.20-b23) for windows-amd64 JRE (1.8.0_20-b26), built on Jul 30 2014 13:51:23 by "java_re" with MS VC++ 10.0 (VS2010)

time: Sat Dec 27 14:10:34 2014
elapsed time: 0 seconds (0d 0h 0m 0s)

