#
# A fatal error has been detected by the Java Runtime Environment:
#
#  EXCEPTION_ACCESS_VIOLATION (0xc0000005) at pc=0xffffffffa3745120, pid=3816, tid=5588
#
# JRE version: Java(TM) SE Runtime Environment (8.0_20-b26) (build 1.8.0_20-b26)
# Java VM: Java HotSpot(TM) 64-Bit Server VM (25.20-b23 mixed mode windows-amd64 compressed oops)
# Problematic frame:
# C  0xffffffffa3745120
#
# Failed to write core dump. Minidumps are not enabled by default on client versions of Windows
#
# If you would like to submit a bug report, please visit:
#   http://bugreport.sun.com/bugreport/crash.jsp
#

---------------  T H R E A D  ---------------

Current thread (0x00000000002df000):  JavaThread "main" [_thread_in_Java, id=5588, stack(0x0000000002370000,0x0000000002470000)]

siginfo: ExceptionCode=0xc0000005, ExceptionInformation=0x0000000000000008 0xffffffffa3745120

Registers:
RAX=0x00000000547b94e8, RBX=0x00000000547b94e8, RCX=0x00000000eb0232b0, RDX=0x00000000eb0232b0
RSP=0x000000000246e258, RBP=0x000000000246e2c0, RSI=0x000000000000cca0, RDI=0x0000000000001994
R8 =0x0000000000000066, R9 =0x1fffffffffffffff, R10=0x000000005fed4230, R11=0x00000000028a20c0
R12=0x0000000000000000, R13=0x000000000246e270, R14=0x0000000000000000, R15=0x00000000002df000
RIP=0xffffffffa3745120, EFLAGS=0x0000000000010206

Top of Stack: (sp=0x000000000246e258)
0x000000000246e258:   0000000002747790 000000000246e2c0
0x000000000246e268:   0000000002747790 0000000000000066
0x000000000246e278:   00000000eb0232b0 000000000246e280
0x000000000246e288:   0000000054b5d63c 000000000246e2f0
0x000000000246e298:   0000000054b64cd8 0000000000000000
0x000000000246e2a8:   0000000054b5d668 000000000246e270
0x000000000246e2b8:   000000000246e2e8 000000000246e338
0x000000000246e2c8:   0000000002747450 00000000eb030680
0x000000000246e2d8:   0000000000000066 0000000000000087
0x000000000246e2e8:   0000000000000100 00000000eb01b9a0
0x000000000246e2f8:   000000000246e2f8 0000000054b5d883
0x000000000246e308:   000000000246e368 0000000054b64cd8
0x000000000246e318:   0000000000000000 0000000054b5d8c8
0x000000000246e328:   000000000246e2e8 000000000246e358
0x000000000246e338:   000000000246e3b0 00000000027471e0
0x000000000246e348:   0000000000000000 0000000000000000 

Instructions: (pc=0xffffffffa3745120)
0xffffffffa3745100:   
[error occurred during error reporting (printing registers, top of stack, instructions near pc), id 0xc0000005]

Register to memory mapping:

RAX={method} {0x00000000547b94f0} 'get' '(I)Ljava/lang/Object;' in 'java/util/ArrayList'
RBX={method} {0x00000000547b94f0} 'get' '(I)Ljava/lang/Object;' in 'java/util/ArrayList'
RCX=0x00000000eb0232b0 is an oop
java.util.ArrayList 
 - klass: 'java/util/ArrayList'
RDX=0x00000000eb0232b0 is an oop
java.util.ArrayList 
 - klass: 'java/util/ArrayList'
RSP=0x000000000246e258 is pointing into the stack for thread: 0x00000000002df000
RBP=0x000000000246e2c0 is pointing into the stack for thread: 0x00000000002df000
RSI=0x000000000000cca0 is an unknown value
RDI=0x0000000000001994 is an unknown value
R8 =0x0000000000000066 is an unknown value
R9 =0x1fffffffffffffff is an unknown value
R10=0x000000005fed4230 is an unknown value
R11=0x00000000028a20c0 is at entry_point+32 in (nmethod*)0x00000000028a1f10
R12=0x0000000000000000 is an unknown value
R13=0x000000000246e270 is pointing into the stack for thread: 0x00000000002df000
R14=0x0000000000000000 is an unknown value
R15=0x00000000002df000 is a thread


Stack: [0x0000000002370000,0x0000000002470000],  sp=0x000000000246e258,  free space=1016k
Native frames: (J=compiled Java code, j=interpreted, Vv=VM code, C=native code)
C  0xffffffffa3745120


---------------  P R O C E S S  ---------------

Java Threads: ( => current thread )
  0x0000000056d85800 JavaThread "Service Thread" daemon [_thread_blocked, id=5160, stack(0x00000000572c0000,0x00000000573c0000)]
  0x00000000550de800 JavaThread "C1 CompilerThread2" daemon [_thread_blocked, id=2340, stack(0x0000000056ad0000,0x0000000056bd0000)]
  0x00000000550dc800 JavaThread "C2 CompilerThread1" daemon [_thread_blocked, id=5084, stack(0x0000000056c20000,0x0000000056d20000)]
  0x00000000550d5000 JavaThread "C2 CompilerThread0" daemon [_thread_blocked, id=5716, stack(0x0000000056990000,0x0000000056a90000)]
  0x00000000550d3800 JavaThread "Attach Listener" daemon [_thread_blocked, id=2456, stack(0x00000000567e0000,0x00000000568e0000)]
  0x00000000550d2800 JavaThread "Signal Dispatcher" daemon [_thread_blocked, id=5208, stack(0x00000000566d0000,0x00000000567d0000)]
  0x0000000055072000 JavaThread "Finalizer" daemon [_thread_blocked, id=5600, stack(0x0000000056560000,0x0000000056660000)]
  0x0000000055069000 JavaThread "Reference Handler" daemon [_thread_blocked, id=3844, stack(0x0000000056390000,0x0000000056490000)]
=>0x00000000002df000 JavaThread "main" [_thread_in_Java, id=5588, stack(0x0000000002370000,0x0000000002470000)]

Other Threads:
  0x0000000055065000 VMThread [stack: 0x00000000561c0000,0x00000000562c0000] [id=5224]
  0x0000000056d87000 WatcherThread [stack: 0x0000000057470000,0x0000000057570000] [id=4256]

VM state:not at safepoint (normal execution)

VM Mutex/Monitor currently owned by a thread: None

Heap:
 PSYoungGen      total 18944K, used 5621K [0x00000000eab00000, 0x00000000ec000000, 0x0000000100000000)
  eden space 16384K, 34% used [0x00000000eab00000,0x00000000eb07d430,0x00000000ebb00000)
  from space 2560K, 0% used [0x00000000ebd80000,0x00000000ebd80000,0x00000000ec000000)
  to   space 2560K, 0% used [0x00000000ebb00000,0x00000000ebb00000,0x00000000ebd80000)
 ParOldGen       total 44032K, used 0K [0x00000000c0000000, 0x00000000c2b00000, 0x00000000eab00000)
  object space 44032K, 0% used [0x00000000c0000000,0x00000000c0000000,0x00000000c2b00000)
 Metaspace       used 4085K, capacity 5744K, committed 6016K, reserved 1056768K
  class space    used 464K, capacity 552K, committed 640K, reserved 1048576K

Card table byte_map: [0x0000000011b00000,0x0000000011d10000] byte_map_base: 0x0000000011500000

Marking Bits: (ParMarkBitMap*) 0x000000005feeb460
 Begin Bits: [0x00000000124e0000, 0x00000000134e0000)
 End Bits:   [0x00000000134e0000, 0x00000000144e0000)

Polling page: 0x0000000000130000

CodeCache: size=245760Kb used=1588Kb max_used=1588Kb free=244171Kb
 bounds [0x0000000002740000, 0x00000000029b0000, 0x0000000011740000]
 total_blobs=530 nmethods=276 adapters=169
 compilation: enabled

Compilation events (10 events):
Event: 0.307 Thread 0x00000000550de800  260       1       com.android.dx.cf.code.Frame::getStack (5 bytes)
Event: 0.307 Thread 0x00000000550de800 nmethod 260 0x00000000028c5390 code [0x00000000028c54e0, 0x00000000028c55f0]
Event: 0.307 Thread 0x00000000550de800  246       1       com.android.dx.rop.cst.CstNat::getName (5 bytes)
Event: 0.307 Thread 0x00000000550de800 nmethod 246 0x00000000028c5650 code [0x00000000028c57a0, 0x00000000028c58b0]
Event: 0.307 Thread 0x00000000550de800  252       3       com.android.dx.util.Bits::set (19 bytes)
Event: 0.307 Thread 0x00000000550de800 nmethod 252 0x00000000028c5910 code [0x00000000028c5a60, 0x00000000028c5bd0]
Event: 0.307 Thread 0x00000000550de800  275   !   3       com.android.dx.util.FixedSizeList::set0 (22 bytes)
Event: 0.307 Thread 0x00000000550d5000 nmethod 273 0x00000000028c8990 code [0x00000000028c8ac0, 0x00000000028c8b58]
Event: 0.307 Thread 0x00000000550de800 nmethod 275 0x00000000028c7d50 code [0x00000000028c7f20, 0x00000000028c85c8]
Event: 0.307 Thread 0x00000000550de800  244       3       java.io.DataInputStream::readUnsignedShort (39 bytes)

GC Heap History (0 events):
No events

Deoptimization events (0 events):
No events

Internal exceptions (2 events):
Event: 0.037 Thread 0x00000000002df000 Exception <a 'java/lang/NoSuchMethodError': Method sun.misc.Unsafe.defineClass(Ljava/lang/String;[BII)Ljava/lang/Class; name or signature does not match> (0x00000000eab0c768) thrown at [D:\re\workspace\8-2-build-windows-amd64-cygwin\jdk8u20\1074\hotspot\sr‰+ú–ç£?
Event: 0.037 Thread 0x00000000002df000 Exception <a 'java/lang/NoSuchMethodError': Method sun.misc.Unsafe.prefetchRead(Ljava/lang/Object;J)V name or signature does not match> (0x00000000eab0c9f8) thrown at [D:\re\workspace\8-2-build-windows-amd64-cygwin\jdk8u20\1074\hotspot\src\share\vm\prims\j

Events (10 events):
Event: 0.285 loading class com/android/dx/dex/code/DalvCode
Event: 0.285 loading class com/android/dx/dex/code/DalvCode done
Event: 0.286 loading class com/android/dx/dex/file/DebugInfoItem
Event: 0.286 loading class com/android/dx/dex/file/DebugInfoItem done
Event: 0.288 loading class java/io/PrintWriter
Event: 0.289 loading class java/io/PrintWriter done
Event: 0.289 loading class java/util/ArrayList$Itr
Event: 0.289 loading class java/util/ArrayList$Itr done
Event: 0.293 loading class com/android/dx/cf/attrib/RawAttribute
Event: 0.293 loading class com/android/dx/cf/attrib/RawAttribute done


Dynamic libraries:
0x000000013fcc0000 - 0x000000013fcf4000 	C:\PROGRA~3\Oracle\Java\javapath\java.exe
0x0000000077630000 - 0x00000000777d9000 	C:\Windows\SYSTEM32\ntdll.dll
0x0000000077510000 - 0x000000007762f000 	C:\Windows\system32\kernel32.dll
0x000007fefd730000 - 0x000007fefd79c000 	C:\Windows\system32\KERNELBASE.dll
0x000007fefda80000 - 0x000007fefdb5b000 	C:\Windows\system32\ADVAPI32.dll
0x000007feff5d0000 - 0x000007feff66f000 	C:\Windows\system32\msvcrt.dll
0x000007feff260000 - 0x000007feff27f000 	C:\Windows\SYSTEM32\sechost.dll
0x000007feff810000 - 0x000007feff93d000 	C:\Windows\system32\RPCRT4.dll
0x0000000077410000 - 0x000000007750a000 	C:\Windows\system32\USER32.dll
0x000007feff7a0000 - 0x000007feff807000 	C:\Windows\system32\GDI32.dll
0x000007fefedf0000 - 0x000007fefedfe000 	C:\Windows\system32\LPK.dll
0x000007fefdce0000 - 0x000007fefdda9000 	C:\Windows\system32\USP10.dll
0x000007fefbcc0000 - 0x000007fefbeb4000 	C:\Windows\WinSxS\amd64_microsoft.windows.common-controls_6595b64144ccf1df_6.0.7601.17514_none_fa396087175ac9ac\COMCTL32.dll
0x000007feff550000 - 0x000007feff5c1000 	C:\Windows\system32\SHLWAPI.dll
0x000007feff4c0000 - 0x000007feff4ee000 	C:\Windows\system32\IMM32.DLL
0x000007feff670000 - 0x000007feff779000 	C:\Windows\system32\MSCTF.dll
0x000000005ff70000 - 0x0000000060042000 	C:\Program Files\Java\jre1.8.0_20\bin\msvcr100.dll
0x000000005f710000 - 0x000000005ff68000 	C:\Program Files\Java\jre1.8.0_20\bin\server\jvm.dll
0x000007feedf00000 - 0x000007feedf09000 	C:\Windows\system32\WSOCK32.dll
0x000007feff470000 - 0x000007feff4bd000 	C:\Windows\system32\WS2_32.dll
0x000007feff280000 - 0x000007feff288000 	C:\Windows\system32\NSI.dll
0x000007fef9f20000 - 0x000007fef9f5b000 	C:\Windows\system32\WINMM.dll
0x00000000777f0000 - 0x00000000777f7000 	C:\Windows\system32\PSAPI.DLL
0x0000000069cf0000 - 0x0000000069cff000 	C:\Program Files\Java\jre1.8.0_20\bin\verify.dll
0x00000000689e0000 - 0x0000000068a08000 	C:\Program Files\Java\jre1.8.0_20\bin\java.dll
0x00000000688e0000 - 0x00000000688f6000 	C:\Program Files\Java\jre1.8.0_20\bin\zip.dll
0x000007fefe060000 - 0x000007fefede8000 	C:\Windows\system32\SHELL32.dll
0x000007fefddb0000 - 0x000007fefdfb3000 	C:\Windows\system32\ole32.dll
0x000007fefd3f0000 - 0x000007fefd3ff000 	C:\Windows\system32\profapi.dll
0x000007feec700000 - 0x000007feec825000 	C:\Windows\system32\dbghelp.dll

VM Arguments:
jvm_args: -Xmx1024M -Xss1m -Djava.ext.dirs=Z:\android\sdk\build-tools\android-4.4W\lib 
java_command: Z:\android\sdk\build-tools\android-4.4W\lib\dx.jar --dex --no-optimize --output Z:\android\androidstudio\projects\What2wear\app\build\intermediates\dex\debug Z:\android\androidstudio\projects\What2wear\app\build\intermediates\classes\debug Z:\android\androidstudio\projects\What2wear\app\build\intermediates\pre-dexed\debug\support-v4-13.0.0-b35ec2ea0ccd792dce86f2cdef3f40931bc520ca.jar Z:\android\androidstudio\projects\What2wear\app\build\intermediates\pre-dexed\debug\classes-4475a046e0e3f372f36429c7ceb0cc23c995764b.jar
java_class_path (initial): Z:\android\sdk\build-tools\android-4.4W\lib\dx.jar
Launcher Type: SUN_STANDARD

Environment Variables:
PATH=C:\ProgramData\Oracle\Java\javapath;C:\Program Files\Common Files\Microsoft Shared\Windows Live;C:\Program Files (x86)\Common Files\Microsoft Shared\Windows Live;C:\Program Files (x86)\NVIDIA Corporation\PhysX\Common;C:\Windows\system32;C:\Windows;C:\Windows\System32\Wbem;C:\Windows\System32\WindowsPowerShell\v1.0\;D:\quicktime\QTSystem\;C:\Program Files (x86)\Windows Live\Shared;Z:\node\;C:\Program Files (x86)\Java\jdk1.7.0_21\bin;C:\Users\Solid Choice\AppData\Roaming\npm
USERNAME=Solid Choice
OS=Windows_NT
PROCESSOR_IDENTIFIER=Intel64 Family 6 Model 15 Stepping 11, GenuineIntel



---------------  S Y S T E M  ---------------

OS: Windows 7 , 64 bit Build 7601 Service Pack 1

CPU:total 4 (4 cores per cpu, 1 threads per core) family 6 model 15 stepping 11, cmov, cx8, fxsr, mmx, sse, sse2, sse3, ssse3, tsc

Memory: 4k page, physical 4192808k(380168k free), swap 8383756k(1105724k free)

vm_info: Java HotSpot(TM) 64-Bit Server VM (25.20-b23) for windows-amd64 JRE (1.8.0_20-b26), built on Jul 30 2014 13:51:23 by "java_re" with MS VC++ 10.0 (VS2010)

time: Sat Jan 17 18:18:25 2015
elapsed time: 0 seconds (0d 0h 0m 0s)

